BVP: m=201  N=202  h=4.975124e-03  gamma=0.00  k=5.0  c=3.00
  0 KSP Residual norm 2.155577866517e+04
  1 KSP Residual norm 1.111750882397e+04
  2 KSP Residual norm 7.998702608635e+03
  3 KSP Residual norm 6.834107103445e+03
  4 KSP Residual norm 6.537697820001e+03
  5 KSP Residual norm 6.726839167634e+03
  6 KSP Residual norm 7.205942070322e+03
  7 KSP Residual norm 7.834882865358e+03
  8 KSP Residual norm 8.487681855427e+03
  9 KSP Residual norm 9.045154910055e+03
 10 KSP Residual norm 9.405998851055e+03
 11 KSP Residual norm 9.505365464370e+03
 12 KSP Residual norm 9.327997522534e+03
 13 KSP Residual norm 8.906373998994e+03
 14 KSP Residual norm 8.304360978376e+03
 15 KSP Residual norm 7.595535341206e+03
 16 KSP Residual norm 6.845898390199e+03
 17 KSP Residual norm 6.105188581479e+03
 18 KSP Residual norm 5.405614774472e+03
 19 KSP Residual norm 4.764712039290e+03
 20 KSP Residual norm 4.189467441841e+03
 21 KSP Residual norm 3.680116602726e+03
 22 KSP Residual norm 3.233033892250e+03
 23 KSP Residual norm 2.842695224892e+03
 24 KSP Residual norm 2.502902723749e+03
 25 KSP Residual norm 2.207491228746e+03
 26 KSP Residual norm 1.950698860242e+03
 27 KSP Residual norm 1.727332497237e+03
 28 KSP Residual norm 1.532814850346e+03
 29 KSP Residual norm 1.363167517880e+03
 30 KSP Residual norm 1.214962728858e+03
 31 KSP Residual norm 1.085262658602e+03
 32 KSP Residual norm 9.715567172496e+02
 33 KSP Residual norm 8.717021566624e+02
 34 KSP Residual norm 7.838704184699e+02
 35 KSP Residual norm 7.065000146854e+02
 36 KSP Residual norm 6.382558664471e+02
 37 KSP Residual norm 5.779946040929e+02
 38 KSP Residual norm 5.247351596065e+02
 39 KSP Residual norm 4.776339461385e+02
 40 KSP Residual norm 4.359639523387e+02
 41 KSP Residual norm 3.990971438018e+02
 42 KSP Residual norm 3.664896391376e+02
 43 KSP Residual norm 3.376692029897e+02
 44 KSP Residual norm 3.122246674230e+02
 45 KSP Residual norm 2.897969543058e+02
 46 KSP Residual norm 2.700714242386e+02
 47 KSP Residual norm 2.527713226992e+02
 48 KSP Residual norm 2.376521323461e+02
 49 KSP Residual norm 2.244966729439e+02
 50 KSP Residual norm 2.131108183344e+02
 51 KSP Residual norm 2.033197244262e+02
 52 KSP Residual norm 1.949644843955e+02
 53 KSP Residual norm 1.878991481779e+02
 54 KSP Residual norm 1.819880636611e+02
 55 KSP Residual norm 1.771035173085e+02
 56 KSP Residual norm 1.731236723637e+02
 57 KSP Residual norm 1.699308228905e+02
 58 KSP Residual norm 1.674100005711e+02
 59 KSP Residual norm 1.654479864885e+02
 60 KSP Residual norm 1.639327893173e+02
 61 KSP Residual norm 1.627536510894e+02
 62 KSP Residual norm 1.618016285113e+02
 63 KSP Residual norm 1.609707689463e+02
 64 KSP Residual norm 1.601598548168e+02
 65 KSP Residual norm 1.592746306589e+02
 66 KSP Residual norm 1.582303598631e+02
 67 KSP Residual norm 1.569544938929e+02
 68 KSP Residual norm 1.553891890249e+02
 69 KSP Residual norm 1.534933879814e+02
 70 KSP Residual norm 1.512442060356e+02
 71 KSP Residual norm 1.486374256184e+02
 72 KSP Residual norm 1.456870029287e+02
 73 KSP Residual norm 1.424236084575e+02
 74 KSP Residual norm 1.388923393316e+02
 75 KSP Residual norm 1.351498339147e+02
 76 KSP Residual norm 1.312610729168e+02
 77 KSP Residual norm 1.272961605085e+02
 78 KSP Residual norm 1.233273476662e+02
 79 KSP Residual norm 1.194264997781e+02
 80 KSP Residual norm 1.156631365743e+02
 81 KSP Residual norm 1.121030992709e+02
 82 KSP Residual norm 1.088078384932e+02
 83 KSP Residual norm 1.058342733548e+02
 84 KSP Residual norm 1.032351487647e+02
 85 KSP Residual norm 1.010598131123e+02
 86 KSP Residual norm 9.935534872349e+01
 87 KSP Residual norm 9.816800945155e+01
 88 KSP Residual norm 9.754495093138e+01
 89 KSP Residual norm 9.753627853956e+01
 90 KSP Residual norm 9.819748748636e+01
 91 KSP Residual norm 9.959243334603e+01
 92 KSP Residual norm 1.017970587580e+02
 93 KSP Residual norm 1.049042289553e+02
 94 KSP Residual norm 1.090302228784e+02
 95 KSP Residual norm 1.143237368042e+02
 96 KSP Residual norm 1.209787727169e+02
 97 KSP Residual norm 1.292536724895e+02
 98 KSP Residual norm 1.395001534607e+02
 99 KSP Residual norm 1.522091879948e+02
100 KSP Residual norm 1.978828404200e+01
101 KSP Residual norm 5.068132641322e-01
102 KSP Residual norm 3.765868642379e-05
  Linear solve converged due to CONVERGED_RTOL iterations 102
KSP converged reason: CONVERGED_RTOL
m=201  h=4.975124e-03  ||u-uexact||/||uexact|| = 4.988274e-04
