This is pdfTeX, Version 3.141592653-2.6-1.40.22 (TeX Live 2022/dev/Debian) (preloaded format=pdflatex 2026.1.31)  14 MAY 2026 16:02
entering extended mode
 restricted \write18 enabled.
 file:line:error style messages enabled.
 %&-line parsing enabled.
**/home/fabg/ColumbiaCourses/apma4302_fbg2107/project/main.tex
(/home/fabg/ColumbiaCourses/apma4302_fbg2107/project/main.tex
LaTeX2e <2021-11-15> patch level 1
L3 programming layer <2022-01-21> (/usr/share/texlive/texmf-dist/tex/latex/base/article.cls
Document Class: article 2021/10/04 v1.4n Standard LaTeX document class
(/usr/share/texlive/texmf-dist/tex/latex/base/size12.clo
File: size12.clo 2021/10/04 v1.4n Standard LaTeX file (size option)
)
\c@part=\count185
\c@section=\count186
\c@subsection=\count187
\c@subsubsection=\count188
\c@paragraph=\count189
\c@subparagraph=\count190
\c@figure=\count191
\c@table=\count192
\abovecaptionskip=\skip47
\belowcaptionskip=\skip48
\bibindent=\dimen138
) (./preamble.tex (/usr/share/texlive/texmf-dist/tex/latex/base/fontenc.sty
Package: fontenc 2021/04/29 v2.0v Standard LaTeX package
) (/usr/share/texlive/texmf-dist/tex/latex/newtx/newtxtext.sty
Package: newtxtext 2022/01/11 v1.705(Michael Sharpe) latex and unicode latex support for TeXGyreTermesX
 `newtxtext' v1.705, 2022/01/11 Text macros taking advantage of TeXGyre Termes and its extensions (msharpe) (/usr/share/texlive/texmf-dist/tex/latex/base/fontenc.sty
Package: fontenc 2021/04/29 v2.0v Standard LaTeX package
) (/usr/share/texlive/texmf-dist/tex/generic/iftex/ifxetex.sty
Package: ifxetex 2019/10/25 v0.7 ifxetex legacy package. Use iftex instead.
 (/usr/share/texlive/texmf-dist/tex/generic/iftex/iftex.sty
Package: iftex 2020/03/06 v1.0d TeX engine tests
)) (/usr/share/texlive/texmf-dist/tex/generic/iftex/ifluatex.sty
Package: ifluatex 2019/10/25 v1.5 ifluatex legacy package. Use iftex instead.
) (/usr/share/texlive/texmf-dist/tex/latex/xkeyval/xkeyval.sty
Package: xkeyval 2020/11/20 v2.8 package option processing (HA)
 (/usr/share/texlive/texmf-dist/tex/generic/xkeyval/xkeyval.tex (/usr/share/texlive/texmf-dist/tex/generic/xkeyval/xkvutils.tex
\XKV@toks=\toks16
\XKV@tempa@toks=\toks17
 (/usr/share/texlive/texmf-dist/tex/generic/xkeyval/keyval.tex))
\XKV@depth=\count193
File: xkeyval.tex 2014/12/03 v2.7a key=value parser (HA)
)) (/usr/share/texlive/texmf-dist/tex/latex/etoolbox/etoolbox.sty
Package: etoolbox 2020/10/05 v2.5k e-TeX tools for LaTeX (JAW)
\etb@tempcnta=\count194
) (/usr/share/texlive/texmf-dist/tex/latex/base/textcomp.sty
Package: textcomp 2020/02/02 v2.0n Standard LaTeX package
) (/usr/share/texlive/texmf-dist/tex/generic/xstring/xstring.sty (/usr/share/texlive/texmf-dist/tex/generic/xstring/xstring.tex
\integerpart=\count195
\decimalpart=\count196
)
Package: xstring 2021/07/21 v1.84 String manipulations (CT)
) (/usr/share/texlive/texmf-dist/tex/latex/base/ifthen.sty
Package: ifthen 2020/11/24 v1.1c Standard LaTeX ifthen package (DPC)
) (/usr/share/texlive/texmf-dist/tex/latex/carlisle/scalefnt.sty)
LaTeX Font Info:    Setting ntxLF sub-encoding to TS1/0 on input line 27.
LaTeX Font Info:    Setting ntxTLF sub-encoding to TS1/0 on input line 27.
LaTeX Font Info:    Setting ntxOsF sub-encoding to TS1/0 on input line 27.
LaTeX Font Info:    Setting ntxTOsF sub-encoding to TS1/0 on input line 27.
 (/usr/share/texlive/texmf-dist/tex/generic/kastrup/binhex.tex)
\ntx@tmpcnta=\count197
\ntx@cnt=\count198
 (/usr/share/texlive/texmf-dist/tex/latex/fontaxes/fontaxes.sty
Package: fontaxes 2020/07/21 v1.0e Font selection axes
LaTeX Info: Redefining \upshape on input line 29.
LaTeX Info: Redefining \itshape on input line 31.
LaTeX Info: Redefining \slshape on input line 33.
LaTeX Info: Redefining \swshape on input line 35.
LaTeX Info: Redefining \scshape on input line 37.
LaTeX Info: Redefining \sscshape on input line 39.
LaTeX Info: Redefining \ulcshape on input line 41.
LaTeX Info: Redefining \textsw on input line 47.
LaTeX Info: Redefining \textssc on input line 48.
LaTeX Info: Redefining \textulc on input line 49.
)
LaTeX Info: Redefining \textsu on input line 541.
LaTeX Info: Redefining \oldstylenums on input line 631.
) (/usr/share/texlive/texmf-dist/tex/latex/tools/bm.sty
Package: bm 2021/04/25 v1.2e Bold Symbol Support (DPC/FMi)
\symboldoperators=\mathgroup4
\symboldletters=\mathgroup5
\symboldsymbols=\mathgroup6
Package bm Info: No bold for \OMX/cmex/m/n, using \pmb.
LaTeX Font Info:    Redeclaring math alphabet \mathbf on input line 149.
) (/usr/share/texlive/texmf-dist/tex/latex/amscls/amsthm.sty
Package: amsthm 2020/05/29 v2.20.6
\thm@style=\toks18
\thm@bodyfont=\toks19
\thm@headfont=\toks20
\thm@notefont=\toks21
\thm@headpunct=\toks22
\thm@preskip=\skip49
\thm@postskip=\skip50
\thm@headsep=\skip51
\dth@everypar=\toks23
) (/usr/share/texlive/texmf-dist/tex/latex/newtx/newtxmath.sty
Package: newtxmath 2021/12/18 v1.7
 `newtxmath' v1.7, 2021/12/18 Math macros based originally on txfonts (msharpe) (/usr/share/texlive/texmf-dist/tex/latex/amsmath/amsmath.sty
Package: amsmath 2021/10/15 v2.17l AMS math features
\@mathmargin=\skip52

For additional information on amsmath, use the `?' option.
(/usr/share/texlive/texmf-dist/tex/latex/amsmath/amstext.sty
Package: amstext 2021/08/26 v2.01 AMS text
 (/usr/share/texlive/texmf-dist/tex/latex/amsmath/amsgen.sty
File: amsgen.sty 1999/11/30 v2.0 generic functions
\@emptytoks=\toks24
\ex@=\dimen139
)) (/usr/share/texlive/texmf-dist/tex/latex/amsmath/amsbsy.sty
Package: amsbsy 1999/11/29 v1.2d Bold Symbols
LaTeX Info: Redefining \boldsymbol on input line 28.
\pmbraise@=\dimen140
) (/usr/share/texlive/texmf-dist/tex/latex/amsmath/amsopn.sty
Package: amsopn 2021/08/26 v2.02 operator names
)
\inf@bad=\count199
LaTeX Info: Redefining \frac on input line 234.
\uproot@=\count266
\leftroot@=\count267
LaTeX Info: Redefining \overline on input line 399.
\classnum@=\count268
\DOTSCASE@=\count269
LaTeX Info: Redefining \ldots on input line 496.
LaTeX Info: Redefining \dots on input line 499.
LaTeX Info: Redefining \cdots on input line 620.
\Mathstrutbox@=\box50
\strutbox@=\box51
\big@size=\dimen141
LaTeX Font Info:    Redeclaring font encoding OML on input line 743.
LaTeX Font Info:    Redeclaring font encoding OMS on input line 744.
\macc@depth=\count270
\c@MaxMatrixCols=\count271
\dotsspace@=\muskip16
\c@parentequation=\count272
\dspbrk@lvl=\count273
\tag@help=\toks25
\row@=\count274
\column@=\count275
\maxfields@=\count276
\andhelp@=\toks26
\eqnshift@=\dimen142
\alignsep@=\dimen143
\tagshift@=\dimen144
\tagwidth@=\dimen145
\totwidth@=\dimen146
\lineht@=\dimen147
\@envbody=\toks27
\multlinegap=\skip53
\multlinetaggap=\skip54
\mathdisplay@stack=\toks28
LaTeX Info: Redefining \[ on input line 2938.
LaTeX Info: Redefining \] on input line 2939.
) (/usr/share/texlive/texmf-dist/tex/latex/oberdiek/centernot.sty
Package: centernot 2016/05/16 v1.4 Centers the not symbol horizontally (HO)
)
\tx@cntz=\count277
 (/usr/share/texlive/texmf-dist/tex/generic/kastrup/binhex.tex)
\tx@Isdigit=\count278
\tx@IsAlNum=\count279
\tx@tA=\toks29
\tx@tB=\toks30
\tx@su=\read2

amsthm NOT loaded
LaTeX Font Info:    Redeclaring symbol font `operators' on input line 373.
LaTeX Font Info:    Overwriting symbol font `operators' in version `normal'
(Font)                  OT1/cmr/m/n --> OT1/ntxtlf/m/n on input line 373.
LaTeX Font Info:    Overwriting symbol font `operators' in version `bold'
(Font)                  OT1/cmr/bx/n --> OT1/ntxtlf/m/n on input line 373.
LaTeX Font Info:    Overwriting symbol font `operators' in version `bold'
(Font)                  OT1/ntxtlf/m/n --> OT1/ntxtlf/b/n on input line 374.
LaTeX Font Info:    Redeclaring math alphabet \mathsf on input line 380.
LaTeX Font Info:    Overwriting math alphabet `\mathsf' in version `normal'
(Font)                  OT1/cmss/m/n --> T1/qhv/m/n on input line 380.
LaTeX Font Info:    Overwriting math alphabet `\mathsf' in version `bold'
(Font)                  OT1/cmss/bx/n --> T1/qhv/m/n on input line 380.
LaTeX Font Info:    Redeclaring math alphabet \mathit on input line 381.
LaTeX Font Info:    Overwriting math alphabet `\mathit' in version `normal'
(Font)                  OT1/cmr/m/it --> OT1/ntxtlf/m/it on input line 381.
LaTeX Font Info:    Overwriting math alphabet `\mathit' in version `bold'
(Font)                  OT1/cmr/bx/it --> OT1/ntxtlf/m/it on input line 381.
LaTeX Font Info:    Redeclaring math alphabet \mathtt on input line 382.
LaTeX Font Info:    Overwriting math alphabet `\mathtt' in version `normal'
(Font)                  OT1/cmtt/m/n --> T1/ntxtt/m/n on input line 382.
LaTeX Font Info:    Overwriting math alphabet `\mathtt' in version `bold'
(Font)                  OT1/cmtt/m/n --> T1/ntxtt/m/n on input line 382.
LaTeX Font Info:    Redeclaring math alphabet \mathbf on input line 384.
LaTeX Font Info:    Overwriting math alphabet `\mathit' in version `bold'
(Font)                  OT1/ntxtlf/m/it --> OT1/ntxtlf/b/it on input line 385.
LaTeX Font Info:    Overwriting math alphabet `\mathsf' in version `bold'
(Font)                  T1/qhv/m/n --> T1/qhv/b/n on input line 386.
LaTeX Font Info:    Overwriting math alphabet `\mathtt' in version `bold'
(Font)                  T1/ntxtt/m/n --> T1/ntxtt/b/n on input line 387.
LaTeX Font Info:    Redeclaring symbol font `letters' on input line 488.
LaTeX Font Info:    Overwriting symbol font `letters' in version `normal'
(Font)                  OML/cmm/m/it --> OML/ntxmi/m/it on input line 488.
LaTeX Font Info:    Overwriting symbol font `letters' in version `bold'
(Font)                  OML/cmm/b/it --> OML/ntxmi/m/it on input line 488.
LaTeX Font Info:    Overwriting symbol font `letters' in version `bold'
(Font)                  OML/ntxmi/m/it --> OML/ntxmi/b/it on input line 489.
\symlettersA=\mathgroup7
LaTeX Font Info:    Overwriting symbol font `lettersA' in version `bold'
(Font)                  U/ntxmia/m/it --> U/ntxmia/b/it on input line 544.
Now handling font encoding LMS ...
... no UTF-8 mapping file for font encoding LMS
LaTeX Font Info:    Redeclaring symbol font `symbols' on input line 565.
LaTeX Font Info:    Encoding `OMS' has changed to `LMS' for symbol font
(Font)              `symbols' in the math version `normal' on input line 565.
LaTeX Font Info:    Overwriting symbol font `symbols' in version `normal'
(Font)                  OMS/cmsy/m/n --> LMS/ntxsy/m/n on input line 565.
LaTeX Font Info:    Encoding `OMS' has changed to `LMS' for symbol font
(Font)              `symbols' in the math version `bold' on input line 565.
LaTeX Font Info:    Overwriting symbol font `symbols' in version `bold'
(Font)                  OMS/cmsy/b/n --> LMS/ntxsy/m/n on input line 565.
LaTeX Font Info:    Overwriting symbol font `symbols' in version `bold'
(Font)                  LMS/ntxsy/m/n --> LMS/ntxsy/b/n on input line 566.
\symAMSm=\mathgroup8
LaTeX Font Info:    Overwriting symbol font `AMSm' in version `bold'
(Font)                  U/ntxsym/m/n --> U/ntxsym/b/n on input line 591.
\symsymbolsC=\mathgroup9
LaTeX Font Info:    Overwriting symbol font `symbolsC' in version `bold'
(Font)                  U/ntxsyc/m/n --> U/ntxsyc/b/n on input line 612.
Now handling font encoding LMX ...
... no UTF-8 mapping file for font encoding LMX
LaTeX Font Info:    Redeclaring symbol font `largesymbols' on input line 625.
LaTeX Font Info:    Encoding `OMX' has changed to `LMX' for symbol font
(Font)              `largesymbols' in the math version `normal' on input line 625.
LaTeX Font Info:    Overwriting symbol font `largesymbols' in version `normal'
(Font)                  OMX/cmex/m/n --> LMX/ntxexx/m/n on input line 625.
LaTeX Font Info:    Encoding `OMX' has changed to `LMX' for symbol font
(Font)              `largesymbols' in the math version `bold' on input line 625.
LaTeX Font Info:    Overwriting symbol font `largesymbols' in version `bold'
(Font)                  OMX/cmex/m/n --> LMX/ntxexx/m/n on input line 625.
LaTeX Font Info:    Overwriting symbol font `largesymbols' in version `bold'
(Font)                  LMX/ntxexx/m/n --> LMX/ntxexx/b/n on input line 626.
\symlargesymbolsTXA=\mathgroup10
LaTeX Font Info:    Overwriting symbol font `largesymbolsTXA' in version `bold'
(Font)                  U/ntxexa/m/n --> U/ntxexa/b/n on input line 640.
\tx@sbptoks=\toks31
LaTeX Font Info:    Redeclaring math delimiter \lfloor on input line 863.
LaTeX Font Info:    Redeclaring math delimiter \rfloor on input line 864.
LaTeX Font Info:    Redeclaring math delimiter \lceil on input line 865.
LaTeX Font Info:    Redeclaring math delimiter \rceil on input line 866.
LaTeX Font Info:    Redeclaring math delimiter \lbrace on input line 867.
LaTeX Font Info:    Redeclaring math delimiter \rbrace on input line 868.
LaTeX Font Info:    Redeclaring math delimiter \langle on input line 869.
LaTeX Font Info:    Redeclaring math delimiter \rangle on input line 871.
LaTeX Font Info:    Redeclaring math delimiter \arrowvert on input line 875.
LaTeX Font Info:    Redeclaring math delimiter \vert on input line 876.
LaTeX Font Info:    Redeclaring math symbol \hbar on input line 922.
LaTeX Font Info:    Redeclaring math accent \dot on input line 947.
LaTeX Font Info:    Redeclaring math accent \ddot on input line 948.
LaTeX Font Info:    Redeclaring math accent \vec on input line 2017.
LaTeX Info: Redefining \Bbbk on input line 2807.
LaTeX Info: Redefining \not on input line 2956.
LaTeX Info: Redefining \textsquare on input line 2986.
LaTeX Info: Redefining \openbox on input line 2988.
) (/usr/share/texlive/texmf-dist/tex/latex/cancel/cancel.sty
Package: cancel 2013/04/12 v2.2 Cancel math terms
) (/usr/share/texlive/texmf-dist/tex/latex/amsfonts/amsfonts.sty
Package: amsfonts 2013/01/14 v3.01 Basic AMSFonts support
\symAMSa=\mathgroup11
\symAMSb=\mathgroup12
LaTeX Font Info:    Redeclaring math delimiter \ulcorner on input line 74.
LaTeX Font Info:    Redeclaring math delimiter \urcorner on input line 75.
LaTeX Font Info:    Redeclaring math delimiter \llcorner on input line 76.
LaTeX Font Info:    Redeclaring math delimiter \lrcorner on input line 77.
LaTeX Font Info:    Redeclaring math symbol \square on input line 141.
LaTeX Font Info:    Redeclaring math symbol \lozenge on input line 142.
) (/usr/share/texlive/texmf-dist/tex/latex/thmtools/thmtools.sty
Package: thmtools 2020/08/01 v0.72
\thmt@toks=\toks32
\c@thmt@dummyctr=\count280
 (/usr/share/texlive/texmf-dist/tex/latex/thmtools/thm-patch.sty
Package: thm-patch 2020/08/01 v0.72
 (/usr/share/texlive/texmf-dist/tex/latex/thmtools/parseargs.sty
Package: parseargs 2020/08/01 v0.72
\@parsespec=\toks33
)) (/usr/share/texlive/texmf-dist/tex/latex/thmtools/thm-kv.sty
Package: thm-kv 2020/08/01 v0.72
Package thm-kv Info: Theorem names will be uppercased on input line 42.
 (/usr/share/texlive/texmf-dist/tex/generic/kvsetkeys/kvsetkeys.sty
Package: kvsetkeys 2019/12/15 v1.18 Key value parser (HO)
)
Package thm-kv Info: kvsetkeys patch (v1.16 or later) on input line 158.
) (/usr/share/texlive/texmf-dist/tex/latex/thmtools/thm-autoref.sty
Package: thm-autoref 2020/08/01 v0.72
 (/usr/share/texlive/texmf-dist/tex/latex/thmtools/aliasctr.sty
Package: aliasctr 2020/08/01 v0.72
)) (/usr/share/texlive/texmf-dist/tex/latex/thmtools/thm-listof.sty
Package: thm-listof 2020/08/01 v0.72
) (/usr/share/texlive/texmf-dist/tex/latex/thmtools/thm-restate.sty
Package: thm-restate 2020/08/01 v0.72
) (/usr/share/texlive/texmf-dist/tex/latex/thmtools/thm-amsthm.sty
Package: thm-amsthm 2020/08/01 v0.72
\thmt@style@headstyle=\toks34
)) (/usr/share/texlive/texmf-dist/tex/latex/mathtools/mathtools.sty
Package: mathtools 2021/02/02 v1.28 mathematical typesetting tools
 (/usr/share/texlive/texmf-dist/tex/latex/tools/calc.sty
Package: calc 2017/05/25 v4.3 Infix arithmetic (KKT,FJ)
\calc@Acount=\count281
\calc@Bcount=\count282
\calc@Adimen=\dimen148
\calc@Bdimen=\dimen149
\calc@Askip=\skip55
\calc@Bskip=\skip56
LaTeX Info: Redefining \setlength on input line 80.
LaTeX Info: Redefining \addtolength on input line 81.
\calc@Ccount=\count283
\calc@Cskip=\skip57
) (/usr/share/texlive/texmf-dist/tex/latex/mathtools/mhsetup.sty
Package: mhsetup 2021/03/18 v1.4 programming setup (MH)
)
\g_MT_multlinerow_int=\count284
\l_MT_multwidth_dim=\dimen150
\origjot=\skip58
\l_MT_shortvdotswithinadjustabove_dim=\dimen151
\l_MT_shortvdotswithinadjustbelow_dim=\dimen152
\l_MT_above_intertext_sep=\dimen153
\l_MT_below_intertext_sep=\dimen154
\l_MT_above_shortintertext_sep=\dimen155
\l_MT_below_shortintertext_sep=\dimen156
\xmathstrut@box=\box52
\xmathstrut@dim=\dimen157
) (/usr/share/texlive/texmf-dist/tex/latex/jknapltx/mathrsfs.sty
Package: mathrsfs 1996/01/01 Math RSFS package v1.0 (jk)
\symrsfs=\mathgroup13
) (/usr/share/texlive/texmf-dist/tex/latex/hyperref/hyperref.sty
Package: hyperref 2021-06-07 v7.00m Hypertext links for LaTeX
 (/usr/share/texlive/texmf-dist/tex/generic/ltxcmds/ltxcmds.sty
Package: ltxcmds 2020-05-10 v1.25 LaTeX kernel commands for general use (HO)
) (/usr/share/texlive/texmf-dist/tex/generic/pdftexcmds/pdftexcmds.sty
Package: pdftexcmds 2020-06-27 v0.33 Utility functions of pdfTeX for LuaTeX (HO)
 (/usr/share/texlive/texmf-dist/tex/generic/infwarerr/infwarerr.sty
Package: infwarerr 2019/12/03 v1.5 Providing info/warning/error messages (HO)
)
Package pdftexcmds Info: \pdf@primitive is available.
Package pdftexcmds Info: \pdf@ifprimitive is available.
Package pdftexcmds Info: \pdfdraftmode found.
) (/usr/share/texlive/texmf-dist/tex/generic/kvdefinekeys/kvdefinekeys.sty
Package: kvdefinekeys 2019-12-19 v1.6 Define keys (HO)
) (/usr/share/texlive/texmf-dist/tex/generic/pdfescape/pdfescape.sty
Package: pdfescape 2019/12/09 v1.15 Implements pdfTeX's escape features (HO)
) (/usr/share/texlive/texmf-dist/tex/latex/hycolor/hycolor.sty
Package: hycolor 2020-01-27 v1.10 Color options for hyperref/bookmark (HO)
) (/usr/share/texlive/texmf-dist/tex/latex/letltxmacro/letltxmacro.sty
Package: letltxmacro 2019/12/03 v1.6 Let assignment for LaTeX macros (HO)
) (/usr/share/texlive/texmf-dist/tex/latex/auxhook/auxhook.sty
Package: auxhook 2019-12-17 v1.6 Hooks for auxiliary files (HO)
) (/usr/share/texlive/texmf-dist/tex/latex/kvoptions/kvoptions.sty
Package: kvoptions 2020-10-07 v3.14 Key value format for package options (HO)
)
\@linkdim=\dimen158
\Hy@linkcounter=\count285
\Hy@pagecounter=\count286
 (/usr/share/texlive/texmf-dist/tex/latex/hyperref/pd1enc.def
File: pd1enc.def 2021-06-07 v7.00m Hyperref: PDFDocEncoding definition (HO)
Now handling font encoding PD1 ...
... no UTF-8 mapping file for font encoding PD1
) (/usr/share/texlive/texmf-dist/tex/latex/hyperref/hyperref-langpatches.def
File: hyperref-langpatches.def 2021-06-07 v7.00m Hyperref: patches for babel languages
) (/usr/share/texlive/texmf-dist/tex/generic/intcalc/intcalc.sty
Package: intcalc 2019/12/15 v1.3 Expandable calculations with integers (HO)
) (/usr/share/texlive/texmf-dist/tex/generic/etexcmds/etexcmds.sty
Package: etexcmds 2019/12/15 v1.7 Avoid name clashes with e-TeX commands (HO)
)
\Hy@SavedSpaceFactor=\count287
 (/usr/share/texlive/texmf-dist/tex/latex/hyperref/puenc.def
File: puenc.def 2021-06-07 v7.00m Hyperref: PDF Unicode definition (HO)
Now handling font encoding PU ...
... no UTF-8 mapping file for font encoding PU
)
Package hyperref Info: Hyper figures OFF on input line 4192.
Package hyperref Info: Link nesting OFF on input line 4197.
Package hyperref Info: Hyper index ON on input line 4200.
Package hyperref Info: Plain pages OFF on input line 4207.
Package hyperref Info: Backreferencing OFF on input line 4212.
Package hyperref Info: Implicit mode ON; LaTeX internals redefined.
Package hyperref Info: Bookmarks ON on input line 4445.
\c@Hy@tempcnt=\count288
 (/usr/share/texlive/texmf-dist/tex/latex/url/url.sty
\Urlmuskip=\muskip17
Package: url 2013/09/16  ver 3.4  Verb mode for urls, etc.
)
LaTeX Info: Redefining \url on input line 4804.
\XeTeXLinkMargin=\dimen159
 (/usr/share/texlive/texmf-dist/tex/generic/bitset/bitset.sty
Package: bitset 2019/12/09 v1.3 Handle bit-vector datatype (HO)
 (/usr/share/texlive/texmf-dist/tex/generic/bigintcalc/bigintcalc.sty
Package: bigintcalc 2019/12/15 v1.5 Expandable calculations on big integers (HO)
))
\Fld@menulength=\count289
\Field@Width=\dimen160
\Fld@charsize=\dimen161
Package hyperref Info: Hyper figures OFF on input line 6076.
Package hyperref Info: Link nesting OFF on input line 6081.
Package hyperref Info: Hyper index ON on input line 6084.
Package hyperref Info: backreferencing OFF on input line 6091.
Package hyperref Info: Link coloring OFF on input line 6096.
Package hyperref Info: Link coloring with OCG OFF on input line 6101.
Package hyperref Info: PDF/A mode OFF on input line 6106.
LaTeX Info: Redefining \ref on input line 6146.
LaTeX Info: Redefining \pageref on input line 6150.
 (/usr/share/texlive/texmf-dist/tex/latex/base/atbegshi-ltx.sty
Package: atbegshi-ltx 2021/01/10 v1.0c Emulation of the original atbegshi
package with kernel methods
)
\Hy@abspage=\count290
\c@Item=\count291
\c@Hfootnote=\count292
)
Package hyperref Info: Driver (autodetected): hpdftex.
 (/usr/share/texlive/texmf-dist/tex/latex/hyperref/hpdftex.def
File: hpdftex.def 2021-06-07 v7.00m Hyperref driver for pdfTeX
 (/usr/share/texlive/texmf-dist/tex/latex/base/atveryend-ltx.sty
Package: atveryend-ltx 2020/08/19 v1.0a Emulation of the original atveryend package
with kernel methods
)
\Fld@listcount=\count293
\c@bookmark@seq@number=\count294
 (/usr/share/texlive/texmf-dist/tex/latex/rerunfilecheck/rerunfilecheck.sty
Package: rerunfilecheck 2019/12/05 v1.9 Rerun checks for auxiliary files (HO)
 (/usr/share/texlive/texmf-dist/tex/generic/uniquecounter/uniquecounter.sty
Package: uniquecounter 2019/12/15 v1.4 Provide unlimited unique counter (HO)
)
Package uniquecounter Info: New unique counter `rerunfilecheck' on input line 286.
)
\Hy@SectionHShift=\skip59
) (/usr/share/texlive/texmf-dist/tex/latex/wrapfig/wrapfig.sty
\wrapoverhang=\dimen162
\WF@size=\dimen163
\c@WF@wrappedlines=\count295
\WF@box=\box53
\WF@everypar=\toks35
Package: wrapfig 2003/01/31  v 3.6
) (/usr/share/texlive/texmf-dist/tex/latex/tools/multicol.sty
Package: multicol 2021/10/28 v1.9b multicolumn formatting (FMi)
\c@tracingmulticols=\count296
\mult@box=\box54
\multicol@leftmargin=\dimen164
\c@unbalance=\count297
\c@collectmore=\count298
\doublecol@number=\count299
\multicoltolerance=\count300
\multicolpretolerance=\count301
\full@width=\dimen165
\page@free=\dimen166
\premulticols=\dimen167
\postmulticols=\dimen168
\multicolsep=\skip60
\multicolbaselineskip=\skip61
\partial@page=\box55
\last@line=\box56
\maxbalancingoverflow=\dimen169
\mult@rightbox=\box57
\mult@grightbox=\box58
\mult@firstbox=\box59
\mult@gfirstbox=\box60
\@tempa=\box61
\@tempa=\box62
\@tempa=\box63
\@tempa=\box64
\@tempa=\box65
\@tempa=\box66
\@tempa=\box67
\@tempa=\box68
\@tempa=\box69
\@tempa=\box70
\@tempa=\box71
\@tempa=\box72
\@tempa=\box73
\@tempa=\box74
\@tempa=\box75
\@tempa=\box76
\@tempa=\box77
\@tempa=\box78
\@tempa=\box79
\@tempa=\box80
\@tempa=\box81
\@tempa=\box82
\@tempa=\box83
\@tempa=\box84
\@tempa=\box85
\@tempa=\box86
\@tempa=\box87
\@tempa=\box88
\@tempa=\box89
\@tempa=\box90
\@tempa=\box91
\@tempa=\box92
\@tempa=\box93
\@tempa=\box94
\@tempa=\box95
\@tempa=\box96
\c@minrows=\count302
\c@columnbadness=\count303
\c@finalcolumnbadness=\count304
\last@try=\dimen170
\multicolovershoot=\dimen171
\multicolundershoot=\dimen172
\mult@nat@firstbox=\box97
\colbreak@box=\box98
\mc@col@check@num=\count305
) (/usr/share/texlive/texmf-dist/tex/latex/parskip/parskip.sty
Package: parskip 2021-03-14 v2.0h non-zero parskip adjustments
) (/usr/share/texlive/texmf-dist/tex/latex/geometry/geometry.sty
Package: geometry 2020/01/02 v5.9 Page Geometry
 (/usr/share/texlive/texmf-dist/tex/generic/iftex/ifvtex.sty
Package: ifvtex 2019/10/25 v1.7 ifvtex legacy package. Use iftex instead.
)
\Gm@cnth=\count306
\Gm@cntv=\count307
\c@Gm@tempcnt=\count308
\Gm@bindingoffset=\dimen173
\Gm@wd@mp=\dimen174
\Gm@odd@mp=\dimen175
\Gm@even@mp=\dimen176
\Gm@layoutwidth=\dimen177
\Gm@layoutheight=\dimen178
\Gm@layouthoffset=\dimen179
\Gm@layoutvoffset=\dimen180
\Gm@dimlist=\toks36
)) (/usr/share/texlive/texmf-dist/tex/latex/natbib/natbib.sty
Package: natbib 2010/09/13 8.31b (PWD, AO)
\bibhang=\skip62
\bibsep=\skip63
LaTeX Info: Redefining \cite on input line 694.
\c@NAT@ctr=\count309
)
LaTeX Font Info:    Trying to load font information for T1+ntxtlf on input line 7.
 (/usr/share/texlive/texmf-dist/tex/latex/newtx/t1ntxtlf.fd
File: t1ntxtlf.fd 2021/05/24 v1.1 font definition file for T1/ntx/tlf
)
LaTeX Font Info:    Font shape `T1/ntxtlf/m/n' will be
(Font)              scaled to size 12.0pt on input line 7.
 (/usr/share/texlive/texmf-dist/tex/latex/l3backend/l3backend-pdftex.def
File: l3backend-pdftex.def 2022-01-12 L3 backend support: PDF output (pdfTeX)
\l__color_backend_stack_int=\count310
\l__pdf_internal_box=\box99
) (./main.aux)
\openout1 = `main.aux'.

LaTeX Font Info:    Checking defaults for OML/ntxmi/m/it on input line 7.
LaTeX Font Info:    Trying to load font information for OML+ntxmi on input line 7.
 (/usr/share/texlive/texmf-dist/tex/latex/newtx/omlntxmi.fd
File: omlntxmi.fd 2015/08/25 Fontinst v1.933 font definitions for OML/ntxmi.
)
LaTeX Font Info:    ... okay on input line 7.
LaTeX Font Info:    Checking defaults for OMS/cmsy/m/n on input line 7.
LaTeX Font Info:    ... okay on input line 7.
LaTeX Font Info:    Checking defaults for OT1/cmr/m/n on input line 7.
LaTeX Font Info:    ... okay on input line 7.
LaTeX Font Info:    Checking defaults for T1/cmr/m/n on input line 7.
LaTeX Font Info:    ... okay on input line 7.
LaTeX Font Info:    Checking defaults for TS1/cmr/m/n on input line 7.
LaTeX Font Info:    ... okay on input line 7.
LaTeX Font Info:    Checking defaults for OMX/cmex/m/n on input line 7.
LaTeX Font Info:    ... okay on input line 7.
LaTeX Font Info:    Checking defaults for U/ntxexa/m/n on input line 7.
LaTeX Font Info:    Trying to load font information for U+ntxexa on input line 7.
 (/usr/share/texlive/texmf-dist/tex/latex/newtx/untxexa.fd
File: untxexa.fd 2012/04/16 Fontinst v1.933 font definitions for U/ntxexa.
)
LaTeX Font Info:    ... okay on input line 7.
LaTeX Font Info:    Checking defaults for LMS/ntxsy/m/n on input line 7.
LaTeX Font Info:    Trying to load font information for LMS+ntxsy on input line 7.
 (/usr/share/texlive/texmf-dist/tex/latex/newtx/lmsntxsy.fd
File: lmsntxsy.fd 2016/07/02 Fontinst v1.933 font definitions for LMS/ntxsy.
)
LaTeX Font Info:    ... okay on input line 7.
LaTeX Font Info:    Checking defaults for LMX/ntxexx/m/n on input line 7.
LaTeX Font Info:    Trying to load font information for LMX+ntxexx on input line 7.
 (/usr/share/texlive/texmf-dist/tex/latex/newtx/lmxntxexx.fd
File: lmxntxexx.fd 2016/07/03 Fontinst v1.933 font definitions for LMX/ntxexx.
)
LaTeX Font Info:    ... okay on input line 7.
LaTeX Font Info:    Checking defaults for PD1/pdf/m/n on input line 7.
LaTeX Font Info:    ... okay on input line 7.
LaTeX Font Info:    Checking defaults for PU/pdf/m/n on input line 7.
LaTeX Font Info:    ... okay on input line 7.
\c@mv@tabular=\count311
\c@mv@boldtabular=\count312
 (/usr/share/texlive/texmf-dist/tex/latex/graphics/graphicx.sty
Package: graphicx 2021/09/16 v1.2d Enhanced LaTeX Graphics (DPC,SPQR)
 (/usr/share/texlive/texmf-dist/tex/latex/graphics/graphics.sty
Package: graphics 2021/03/04 v1.4d Standard LaTeX Graphics (DPC,SPQR)
 (/usr/share/texlive/texmf-dist/tex/latex/graphics/trig.sty
Package: trig 2021/08/11 v1.11 sin cos tan (DPC)
) (/usr/share/texlive/texmf-dist/tex/latex/graphics-cfg/graphics.cfg
File: graphics.cfg 2016/06/04 v1.11 sample graphics configuration
)
Package graphics Info: Driver file: pdftex.def on input line 107.
 (/usr/share/texlive/texmf-dist/tex/latex/graphics-def/pdftex.def
File: pdftex.def 2020/10/05 v1.2a Graphics/color driver for pdftex
 (/usr/share/texlive/texmf-dist/tex/context/base/mkii/supp-pdf.mkii
[Loading MPS to PDF converter (version 2006.09.02).]
\scratchcounter=\count313
\scratchdimen=\dimen181
\scratchbox=\box100
\nofMPsegments=\count314
\nofMParguments=\count315
\everyMPshowfont=\toks37
\MPscratchCnt=\count316
\MPscratchDim=\dimen182
\MPnumerator=\count317
\makeMPintoPDFobject=\count318
\everyMPtoPDFconversion=\toks38
))) (/usr/share/texlive/texmf-dist/tex/latex/epstopdf-pkg/epstopdf-base.sty
Package: epstopdf-base 2020-01-24 v2.11 Base part for package epstopdf
Package epstopdf-base Info: Redefining graphics rule for `.eps' on input line 485.
 (/usr/share/texlive/texmf-dist/tex/latex/latexconfig/epstopdf-sys.cfg
File: epstopdf-sys.cfg 2010/07/13 v1.3 Configuration of (r)epstopdf for TeX Live
))
\Gin@req@height=\dimen183
\Gin@req@width=\dimen184
)
Package hyperref Info: Link coloring OFF on input line 7.
 (/usr/share/texlive/texmf-dist/tex/latex/hyperref/nameref.sty
Package: nameref 2021-04-02 v2.47 Cross-referencing by name of section
 (/usr/share/texlive/texmf-dist/tex/latex/refcount/refcount.sty
Package: refcount 2019/12/15 v3.6 Data extraction from label references (HO)
) (/usr/share/texlive/texmf-dist/tex/generic/gettitlestring/gettitlestring.sty
Package: gettitlestring 2019/12/15 v1.6 Cleanup title references (HO)
)
\c@section@level=\count319
)
LaTeX Info: Redefining \ref on input line 7.
LaTeX Info: Redefining \pageref on input line 7.
LaTeX Info: Redefining \nameref on input line 7.
 (./main.out) (./main.out)
\@outlinefile=\write3
\openout3 = `main.out'.


*geometry* driver: auto-detecting
*geometry* detected driver: pdftex
*geometry* verbose mode - [ preamble ] result:
* driver: pdftex
* paper: letterpaper
* layout: <same size as paper>
* layoutoffset:(h,v)=(0.0pt,0.0pt)
* modes: 
* h-part:(L,W,R)=(72.26999pt, 469.75502pt, 72.26999pt)
* v-part:(T,H,B)=(72.26999pt, 650.43001pt, 72.26999pt)
* \paperwidth=614.295pt
* \paperheight=794.96999pt
* \textwidth=469.75502pt
* \textheight=650.43001pt
* \oddsidemargin=0.0pt
* \evensidemargin=0.0pt
* \topmargin=-37.0pt
* \headheight=12.0pt
* \headsep=25.0pt
* \topskip=12.0pt
* \footskip=30.0pt
* \marginparwidth=44.0pt
* \marginparsep=10.0pt
* \columnsep=10.0pt
* \skip\footins=10.8pt plus 4.0pt minus 2.0pt
* \hoffset=0.0pt
* \voffset=0.0pt
* \mag=1000
* \@twocolumntrue
* \@twosidefalse
* \@mparswitchfalse
* \@reversemarginfalse
* (1in=72.27pt=25.4mm, 1cm=28.453pt)

LaTeX Font Info:    Font shape `T1/ntxtlf/b/n' will be
(Font)              scaled to size 12.0pt on input line 10.
LaTeX Font Info:    Font shape `T1/ntxtlf/m/n' will be
(Font)              scaled to size 17.28pt on input line 17.
LaTeX Font Info:    Font shape `T1/ntxtlf/b/n' will be
(Font)              scaled to size 17.28pt on input line 17.
LaTeX Font Info:    Trying to load font information for T1+ntxtt on input line 18.
(/usr/share/texlive/texmf-dist/tex/latex/newtx/t1ntxtt.fd
File: t1ntxtt.fd 2012/04/20 v3.1
)
LaTeX Font Info:    Font shape `T1/ntxtt/m/n' will be
(Font)              scaled to size 12.0pt on input line 18.

Overfull \hbox (3.63016pt too wide) in paragraph at lines 18--19
\T1/ntxtlf/m/n/12 ran us-ing in a (ra-dia-tive magneto)-hydrodynamics
 []

LaTeX Font Info:    Trying to load font information for OT1+ntxtlf on input line 30.
(/usr/share/texlive/texmf-dist/tex/latex/newtx/ot1ntxtlf.fd
File: ot1ntxtlf.fd 2021/05/24 v1.0 font definition file for OT1/ntx/tlf
)
LaTeX Font Info:    Font shape `OT1/ntxtlf/m/n' will be
(Font)              scaled to size 12.0pt on input line 30.
LaTeX Font Info:    Font shape `OT1/ntxtlf/m/n' will be
(Font)              scaled to size 8.8pt on input line 30.
LaTeX Font Info:    Font shape `OT1/ntxtlf/m/n' will be
(Font)              scaled to size 6.6pt on input line 30.
LaTeX Font Info:    Trying to load font information for U+ntxmia on input line 30.
 (/usr/share/texlive/texmf-dist/tex/latex/newtx/untxmia.fd
File: untxmia.fd 2018/04/14 Fontinst v1.933 font definitions for U/ntxmia.
)
LaTeX Font Info:    Trying to load font information for U+ntxsym on input line 30.
 (/usr/share/texlive/texmf-dist/tex/latex/newtx/untxsym.fd
File: untxsym.fd 2015/03/20 Fontinst v1.933 font definitions for U/ntxsym.
)
LaTeX Font Info:    Trying to load font information for U+ntxsyc on input line 30.
 (/usr/share/texlive/texmf-dist/tex/latex/newtx/untxsyc.fd
File: untxsyc.fd 2012/04/12 Fontinst v1.933 font definitions for U/ntxsyc.
)
LaTeX Font Info:    Trying to load font information for U+msa on input line 30.
 (/usr/share/texlive/texmf-dist/tex/latex/amsfonts/umsa.fd
File: umsa.fd 2013/01/14 v3.01 AMS symbols A
)
LaTeX Font Info:    Trying to load font information for U+msb on input line 30.
 (/usr/share/texlive/texmf-dist/tex/latex/amsfonts/umsb.fd
File: umsb.fd 2013/01/14 v3.01 AMS symbols B
)
LaTeX Font Info:    Trying to load font information for U+rsfs on input line 30.
 (/usr/share/texlive/texmf-dist/tex/latex/jknapltx/ursfs.fd
File: ursfs.fd 1998/03/24 rsfs font definition file (jk)
)
LaTeX Font Info:    Freeze math alphabet allocation in version normal.
(Font)              Allocated math groups: 14 (local: 2) on input line 31.
LaTeX Font Info:    Font shape `OT1/ntxtlf/b/n' will be
(Font)              scaled to size 12.0pt on input line 31.
LaTeX Font Info:    Font shape `OT1/ntxtlf/b/n' will be
(Font)              scaled to size 8.8pt on input line 31.
LaTeX Font Info:    Font shape `OT1/ntxtlf/b/n' will be
(Font)              scaled to size 6.6pt on input line 31.
LaTeX Font Info:    Undo math alphabet allocation in version normal on input line 32.
LaTeX Font Info:    No math alphabet change to frozen version normal on input line 32.
LaTeX Font Info:    No math alphabet change to frozen version normal on input line 33.
LaTeX Font Info:    No math alphabet change to frozen version normal on input line 33.
LaTeX Font Info:    No math alphabet change to frozen version normal on input line 33.
LaTeX Font Info:    No math alphabet change to frozen version normal on input line 33.
LaTeX Font Info:    Undo math alphabet allocation in version normal on input line 35.
LaTeX Font Info:    No math alphabet change to frozen version normal on input line 35.
LaTeX Font Info:    No math alphabet change to frozen version normal on input line 36.
LaTeX Font Info:    No math alphabet change to frozen version normal on input line 36.
LaTeX Font Info:    No math alphabet change to frozen version normal on input line 36.
LaTeX Font Info:    No math alphabet change to frozen version normal on input line 36.
LaTeX Font Info:    Undo math alphabet allocation in version normal on input line 38.
LaTeX Font Info:    No math alphabet change to frozen version normal on input line 38.
LaTeX Font Info:    No math alphabet change to frozen version normal on input line 39.
LaTeX Font Info:    Undo math alphabet allocation in version normal on input line 39.
LaTeX Font Info:    No math alphabet change to frozen version normal on input line 39.
LaTeX Font Info:    No math alphabet change to frozen version normal on input line 39.
LaTeX Font Info:    Trying to load font information for T1+ntxsups on input line 39.
 (/usr/share/texlive/texmf-dist/tex/latex/newtx/t1ntxsups.fd
File: t1ntxsups.fd 2015/01/17 v1.0
)
LaTeX Font Info:    Font shape `T1/ntxsups/m/n' will be
(Font)              scaled to size 12.0pt on input line 39.
LaTeX Font Info:    Font shape `T1/ntxtlf/m/n' will be
(Font)              scaled to size 10.0pt on input line 39.
LaTeX Font Info:    Font shape `T1/ntxsups/m/n' will be
(Font)              scaled to size 10.0pt on input line 39.
LaTeX Font Info:    Font shape `T1/ntxtt/m/n' will be
(Font)              scaled to size 10.0pt on input line 39.
LaTeX Font Info:    Font shape `OT1/ntxtlf/m/n' will be
(Font)              scaled to size 10.0pt on input line 39.
LaTeX Font Info:    Font shape `OT1/ntxtlf/m/n' will be
(Font)              scaled to size 7.3pt on input line 39.
LaTeX Font Info:    Font shape `OT1/ntxtlf/m/n' will be
(Font)              scaled to size 5.5pt on input line 39.


LaTeX Font Warning: Font shape `OT1/cmr/bx/n' in size <5.5> not available
(Font)              size <5> substituted on input line 39.


LaTeX Font Warning: Font shape `OML/cmm/b/it' in size <5.5> not available
(Font)              size <5> substituted on input line 39.


LaTeX Font Warning: Font shape `OMS/cmsy/b/n' in size <5.5> not available
(Font)              size <5> substituted on input line 39.


LaTeX Font Warning: Font shape `U/rsfs/m/n' in size <5.5> not available
(Font)              size <5> substituted on input line 39.

LaTeX Font Info:    No math alphabet change to frozen version normal on input line 39.

Underfull \hbox (badness 10000) in paragraph at lines 39--39
[][][]\T1/ntxtlf/m/n/10 Note, we will use much of the no-ta-
 []


Underfull \hbox (badness 3029) in paragraph at lines 39--39
\T1/ntxtlf/m/n/10 tion here and in the code as in []$\T1/ntxtt/m/n/10 github . com /
 []


Underfull \hbox (badness 10000) in paragraph at lines 39--39
\T1/ntxtt/m/n/10 Open-[]Astrophysics-[]Bookshelf / numerical _
 []

LaTeX Font Info:    No math alphabet change to frozen version normal on input line 39.
LaTeX Font Info:    Undo math alphabet allocation in version normal on input line 39.
LaTeX Font Info:    No math alphabet change to frozen version normal on input line 39.
LaTeX Font Info:    No math alphabet change to frozen version normal on input line 39.
LaTeX Font Info:    No math alphabet change to frozen version normal on input line 39.
LaTeX Font Info:    No math alphabet change to frozen version normal on input line 39.
LaTeX Font Info:    No math alphabet change to frozen version normal on input line 39.
<src/ics.png, id=62, 721.9773pt x 284.38245pt>
File: src/ics.png Graphic file (type png)
<use src/ics.png>
Package pdftex.def Info: src/ics.png  used on input line 43.
(pdftex.def)             Requested size: 469.75502pt x 185.03297pt.
LaTeX Font Info:    Font shape `T1/ntxtlf/m/n' will be
(Font)              scaled to size 14.4pt on input line 48.
LaTeX Font Info:    Font shape `T1/ntxtlf/b/n' will be
(Font)              scaled to size 14.4pt on input line 48.
LaTeX Font Info:    No math alphabet change to frozen version normal on input line 50.
LaTeX Font Info:    No math alphabet change to frozen version normal on input line 50.
LaTeX Font Info:    No math alphabet change to frozen version normal on input line 50.
LaTeX Font Info:    No math alphabet change to frozen version normal on input line 50.
[1


{/var/lib/texmf/fonts/map/pdftex/updmap/pdftex.map}]
LaTeX Font Info:    No math alphabet change to frozen version normal on input line 52.
LaTeX Font Info:    No math alphabet change to frozen version normal on input line 52.
LaTeX Font Info:    No math alphabet change to frozen version normal on input line 53.
LaTeX Font Info:    No math alphabet change to frozen version normal on input line 53.
LaTeX Font Info:    No math alphabet change to frozen version normal on input line 53.
LaTeX Font Info:    No math alphabet change to frozen version normal on input line 53.
LaTeX Font Info:    No math alphabet change to frozen version normal on input line 55.
LaTeX Font Info:    No math alphabet change to frozen version normal on input line 55.
LaTeX Font Info:    No math alphabet change to frozen version normal on input line 56.
LaTeX Font Info:    No math alphabet change to frozen version normal on input line 56.
LaTeX Font Info:    No math alphabet change to frozen version normal on input line 56.
LaTeX Font Info:    No math alphabet change to frozen version normal on input line 56.
LaTeX Font Info:    No math alphabet change to frozen version normal on input line 58.
LaTeX Font Info:    No math alphabet change to frozen version normal on input line 58.
LaTeX Font Info:    Undo math alphabet allocation in version normal on input line 60.
LaTeX Font Info:    No math alphabet change to frozen version normal on input line 61.
LaTeX Font Info:    No math alphabet change to frozen version normal on input line 61.
LaTeX Font Info:    No math alphabet change to frozen version normal on input line 61.
LaTeX Font Info:    No math alphabet change to frozen version normal on input line 61.
LaTeX Font Info:    No math alphabet change to frozen version normal on input line 63.
LaTeX Font Info:    No math alphabet change to frozen version normal on input line 63.
LaTeX Font Info:    No math alphabet change to frozen version normal on input line 64.
LaTeX Font Info:    No math alphabet change to frozen version normal on input line 64.
LaTeX Font Info:    No math alphabet change to frozen version normal on input line 66.
LaTeX Font Info:    Undo math alphabet allocation in version normal on input line 69.
LaTeX Font Info:    No math alphabet change to frozen version normal on input line 69.
LaTeX Font Info:    No math alphabet change to frozen version normal on input line 70.
LaTeX Font Info:    No math alphabet change to frozen version normal on input line 70.
LaTeX Font Info:    No math alphabet change to frozen version normal on input line 72.
LaTeX Font Info:    No math alphabet change to frozen version normal on input line 73.
LaTeX Font Info:    No math alphabet change to frozen version normal on input line 73.
LaTeX Font Info:    No math alphabet change to frozen version normal on input line 74.
LaTeX Font Info:    No math alphabet change to frozen version normal on input line 74.
LaTeX Font Info:    No math alphabet change to frozen version normal on input line 74.
LaTeX Font Info:    No math alphabet change to frozen version normal on input line 74.
LaTeX Font Info:    No math alphabet change to frozen version normal on input line 74.
LaTeX Font Info:    No math alphabet change to frozen version normal on input line 74.
LaTeX Font Info:    No math alphabet change to frozen version normal on input line 80.
LaTeX Font Info:    No math alphabet change to frozen version normal on input line 82.
LaTeX Font Info:    No math alphabet change to frozen version normal on input line 82.
LaTeX Font Info:    No math alphabet change to frozen version normal on input line 82.
 [2 <./src/ics.png>]
LaTeX Font Info:    No math alphabet change to frozen version normal on input line 86.
LaTeX Font Info:    No math alphabet change to frozen version normal on input line 86.

Overfull \hbox (4.83247pt too wide) in paragraph at lines 89--89
[]\T1/ntxtlf/b/n/14.4 Finite Vol-ume Dis-cretiza-tion 
 []

LaTeX Font Info:    No math alphabet change to frozen version normal on input line 91.
LaTeX Font Info:    No math alphabet change to frozen version normal on input line 91.
LaTeX Font Info:    No math alphabet change to frozen version normal on input line 91.
LaTeX Font Info:    No math alphabet change to frozen version normal on input line 91.
LaTeX Font Info:    No math alphabet change to frozen version normal on input line 91.
LaTeX Font Info:    No math alphabet change to frozen version normal on input line 91.
LaTeX Font Info:    No math alphabet change to frozen version normal on input line 91.
LaTeX Font Info:    No math alphabet change to frozen version normal on input line 92.
LaTeX Font Info:    No math alphabet change to frozen version normal on input line 92.
LaTeX Font Info:    No math alphabet change to frozen version normal on input line 92.
LaTeX Font Info:    No math alphabet change to frozen version normal on input line 92.
LaTeX Font Info:    Undo math alphabet allocation in version normal on input line 96.
LaTeX Font Info:    No math alphabet change to frozen version normal on input line 96.
LaTeX Font Info:    Undo math alphabet allocation in version normal on input line 97.
LaTeX Font Info:    No math alphabet change to frozen version normal on input line 97.
LaTeX Font Info:    No math alphabet change to frozen version normal on input line 98.
LaTeX Font Info:    No math alphabet change to frozen version normal on input line 98.
LaTeX Font Info:    No math alphabet change to frozen version normal on input line 98.
LaTeX Font Info:    No math alphabet change to frozen version normal on input line 98.
LaTeX Font Info:    Undo math alphabet allocation in version normal on input line 102.
LaTeX Font Info:    Undo math alphabet allocation in version normal on input line 102.
LaTeX Font Info:    No math alphabet change to frozen version normal on input line 102.
LaTeX Font Info:    No math alphabet change to frozen version normal on input line 102.
LaTeX Font Info:    No math alphabet change to frozen version normal on input line 102.
LaTeX Font Info:    Undo math alphabet allocation in version normal on input line 102.
LaTeX Font Info:    Undo math alphabet allocation in version normal on input line 102.
LaTeX Font Info:    No math alphabet change to frozen version normal on input line 102.
LaTeX Font Info:    No math alphabet change to frozen version normal on input line 102.
LaTeX Font Info:    No math alphabet change to frozen version normal on input line 103.
LaTeX Font Info:    No math alphabet change to frozen version normal on input line 103.

Overfull \hbox (8.67pt too wide) in paragraph at lines 103--105
\T1/ntxtlf/m/n/12 which is first-order ac-cu-rate and re-quires no knowl-
 []

LaTeX Font Info:    No math alphabet change to frozen version normal on input line 105.
LaTeX Font Info:    No math alphabet change to frozen version normal on input line 105.
LaTeX Font Info:    No math alphabet change to frozen version normal on input line 105.
LaTeX Font Info:    No math alphabet change to frozen version normal on input line 105.
LaTeX Font Info:    Undo math alphabet allocation in version normal on input line 107.
LaTeX Font Info:    No math alphabet change to frozen version normal on input line 107.
LaTeX Font Info:    No math alphabet change to frozen version normal on input line 109.
LaTeX Font Info:    No math alphabet change to frozen version normal on input line 109.
LaTeX Font Info:    No math alphabet change to frozen version normal on input line 109.
LaTeX Font Info:    No math alphabet change to frozen version normal on input line 109.
LaTeX Font Info:    No math alphabet change to frozen version normal on input line 111.
LaTeX Font Info:    No math alphabet change to frozen version normal on input line 111.
LaTeX Font Info:    No math alphabet change to frozen version normal on input line 113.
LaTeX Font Info:    No math alphabet change to frozen version normal on input line 113.
LaTeX Font Info:    No math alphabet change to frozen version normal on input line 113.
LaTeX Font Info:    No math alphabet change to frozen version normal on input line 113.
LaTeX Font Info:    No math alphabet change to frozen version normal on input line 114.
LaTeX Font Info:    No math alphabet change to frozen version normal on input line 114.
LaTeX Font Info:    No math alphabet change to frozen version normal on input line 116.
LaTeX Font Info:    No math alphabet change to frozen version normal on input line 116.
LaTeX Font Info:    No math alphabet change to frozen version normal on input line 117.
LaTeX Font Info:    No math alphabet change to frozen version normal on input line 117.

Overfull \hbox (3.1503pt too wide) in paragraph at lines 119--120
\T1/ntxtlf/m/n/12 (Harten-Lax-van Leer-Contact) ap-prox-i-mate Rie-
 []

LaTeX Font Info:    No math alphabet change to frozen version normal on input line 120.
LaTeX Font Info:    No math alphabet change to frozen version normal on input line 120.
LaTeX Font Info:    No math alphabet change to frozen version normal on input line 120.
LaTeX Font Info:    No math alphabet change to frozen version normal on input line 120.
LaTeX Font Info:    Undo math alphabet allocation in version normal on input line 122.
LaTeX Font Info:    Undo math alphabet allocation in version normal on input line 122.
LaTeX Font Info:    No math alphabet change to frozen version normal on input line 122.
LaTeX Font Info:    No math alphabet change to frozen version normal on input line 122.
LaTeX Font Info:    No math alphabet change to frozen version normal on input line 122.
LaTeX Font Info:    No math alphabet change to frozen version normal on input line 122.
LaTeX Font Info:    No math alphabet change to frozen version normal on input line 123.
LaTeX Font Info:    Undo math alphabet allocation in version normal on input line 123.
LaTeX Font Info:    No math alphabet change to frozen version normal on input line 123.
LaTeX Font Info:    No math alphabet change to frozen version normal on input line 123.
LaTeX Font Info:    No math alphabet change to frozen version normal on input line 123.
LaTeX Font Info:    No math alphabet change to frozen version normal on input line 123.
LaTeX Font Info:    No math alphabet change to frozen version normal on input line 124.
LaTeX Font Info:    Undo math alphabet allocation in version normal on input line 124.
LaTeX Font Info:    No math alphabet change to frozen version normal on input line 124.
LaTeX Font Info:    No math alphabet change to frozen version normal on input line 125.
LaTeX Font Info:    No math alphabet change to frozen version normal on input line 125.
LaTeX Font Info:    No math alphabet change to frozen version normal on input line 126.
LaTeX Font Info:    No math alphabet change to frozen version normal on input line 126.
LaTeX Font Info:    No math alphabet change to frozen version normal on input line 127.
LaTeX Font Info:    No math alphabet change to frozen version normal on input line 127.
LaTeX Font Info:    Undo math alphabet allocation in version normal on input line 127.
LaTeX Font Info:    Undo math alphabet allocation in version normal on input line 131.
[3]
LaTeX Font Info:    Undo math alphabet allocation in version normal on input line 135.
LaTeX Font Info:    Undo math alphabet allocation in version normal on input line 135.
LaTeX Font Info:    No math alphabet change to frozen version normal on input line 135.
LaTeX Font Info:    No math alphabet change to frozen version normal on input line 136.
LaTeX Font Info:    No math alphabet change to frozen version normal on input line 136.
LaTeX Font Info:    No math alphabet change to frozen version normal on input line 136.
LaTeX Font Info:    No math alphabet change to frozen version normal on input line 136.
LaTeX Font Info:    No math alphabet change to frozen version normal on input line 138.
LaTeX Font Info:    No math alphabet change to frozen version normal on input line 138.
LaTeX Font Info:    No math alphabet change to frozen version normal on input line 139.
LaTeX Font Info:    No math alphabet change to frozen version normal on input line 139.
LaTeX Font Info:    No math alphabet change to frozen version normal on input line 139.
LaTeX Font Info:    No math alphabet change to frozen version normal on input line 139.
LaTeX Font Info:    No math alphabet change to frozen version normal on input line 141.
LaTeX Font Info:    No math alphabet change to frozen version normal on input line 141.
LaTeX Font Info:    No math alphabet change to frozen version normal on input line 145.
LaTeX Font Info:    No math alphabet change to frozen version normal on input line 145.
LaTeX Font Info:    No math alphabet change to frozen version normal on input line 145.
LaTeX Font Info:    No math alphabet change to frozen version normal on input line 145.
LaTeX Font Info:    No math alphabet change to frozen version normal on input line 147.
LaTeX Font Info:    No math alphabet change to frozen version normal on input line 147.
LaTeX Font Info:    No math alphabet change to frozen version normal on input line 149.
LaTeX Font Info:    No math alphabet change to frozen version normal on input line 155.
LaTeX Font Info:    No math alphabet change to frozen version normal on input line 156.
LaTeX Font Info:    No math alphabet change to frozen version normal on input line 156.
LaTeX Font Info:    No math alphabet change to frozen version normal on input line 156.
LaTeX Font Info:    No math alphabet change to frozen version normal on input line 156.
LaTeX Font Info:    No math alphabet change to frozen version normal on input line 157.
LaTeX Font Info:    No math alphabet change to frozen version normal on input line 157.
LaTeX Font Info:    No math alphabet change to frozen version normal on input line 158.
LaTeX Font Info:    No math alphabet change to frozen version normal on input line 158.
LaTeX Font Info:    No math alphabet change to frozen version normal on input line 159.
LaTeX Font Info:    No math alphabet change to frozen version normal on input line 159.
LaTeX Font Info:    No math alphabet change to frozen version normal on input line 159.
LaTeX Font Info:    No math alphabet change to frozen version normal on input line 159.
LaTeX Font Info:    No math alphabet change to frozen version normal on input line 161.
LaTeX Font Info:    No math alphabet change to frozen version normal on input line 161.
LaTeX Font Info:    No math alphabet change to frozen version normal on input line 162.
LaTeX Font Info:    No math alphabet change to frozen version normal on input line 162.
LaTeX Font Info:    No math alphabet change to frozen version normal on input line 162.
LaTeX Font Info:    No math alphabet change to frozen version normal on input line 162.
LaTeX Font Info:    No math alphabet change to frozen version normal on input line 163.
LaTeX Font Info:    No math alphabet change to frozen version normal on input line 163.
LaTeX Font Info:    No math alphabet change to frozen version normal on input line 164.
LaTeX Font Info:    No math alphabet change to frozen version normal on input line 164.
LaTeX Font Info:    No math alphabet change to frozen version normal on input line 165.
LaTeX Font Info:    No math alphabet change to frozen version normal on input line 165.
LaTeX Font Info:    No math alphabet change to frozen version normal on input line 168.
LaTeX Font Info:    No math alphabet change to frozen version normal on input line 168.
LaTeX Font Info:    No math alphabet change to frozen version normal on input line 168.
LaTeX Font Info:    No math alphabet change to frozen version normal on input line 168.
LaTeX Font Info:    No math alphabet change to frozen version normal on input line 177.
LaTeX Font Info:    No math alphabet change to frozen version normal on input line 177.
LaTeX Font Info:    Undo math alphabet allocation in version normal on input line 177.
LaTeX Font Info:    No math alphabet change to frozen version normal on input line 177.
LaTeX Font Info:    Undo math alphabet allocation in version normal on input line 177.
LaTeX Font Info:    No math alphabet change to frozen version normal on input line 177.
LaTeX Font Info:    No math alphabet change to frozen version normal on input line 177.
LaTeX Font Info:    No math alphabet change to frozen version normal on input line 177.
LaTeX Font Info:    No math alphabet change to frozen version normal on input line 177.
LaTeX Font Info:    Undo math alphabet allocation in version normal on input line 177.
LaTeX Font Info:    No math alphabet change to frozen version normal on input line 177.
LaTeX Font Info:    Undo math alphabet allocation in version normal on input line 177.
LaTeX Font Info:    No math alphabet change to frozen version normal on input line 177.
LaTeX Font Info:    No math alphabet change to frozen version normal on input line 178.
LaTeX Font Info:    No math alphabet change to frozen version normal on input line 178.
LaTeX Font Info:    Undo math alphabet allocation in version normal on input line 179.
LaTeX Font Info:    No math alphabet change to frozen version normal on input line 179.
LaTeX Font Info:    No math alphabet change to frozen version normal on input line 179.

Overfull \hbox (2.62196pt too wide) in paragraph at lines 178--180
\T1/ntxtlf/m/n/12 pass-ing the re-con-structed states $\LMS/ntxsy/m/n/12 U[]$ \T1/ntxtlf/m/n/12 and $\LMS/ntxsy/m/n/12 U[]$
 []


Overfull \hbox (15.35391pt too wide) in paragraph at lines 184--185
[]\T1/ntxtlf/m/n/12 The main steps of the al-go-rithm are as fol-lows: 
 []

LaTeX Font Info:    No math alphabet change to frozen version normal on input line 186.
LaTeX Font Info:    No math alphabet change to frozen version normal on input line 186.
LaTeX Font Info:    No math alphabet change to frozen version normal on input line 186.
LaTeX Font Info:    No math alphabet change to frozen version normal on input line 188.
LaTeX Font Info:    No math alphabet change to frozen version normal on input line 188.
LaTeX Font Info:    No math alphabet change to frozen version normal on input line 188.
LaTeX Font Info:    No math alphabet change to frozen version normal on input line 190.
LaTeX Font Info:    No math alphabet change to frozen version normal on input line 190.
[4]
LaTeX Font Info:    Undo math alphabet allocation in version normal on input line 192.
LaTeX Font Info:    No math alphabet change to frozen version normal on input line 192.
LaTeX Font Info:    No math alphabet change to frozen version normal on input line 194.
LaTeX Font Info:    No math alphabet change to frozen version normal on input line 194.
LaTeX Font Info:    No math alphabet change to frozen version normal on input line 194.
LaTeX Font Info:    Undo math alphabet allocation in version normal on input line 194.

Overfull \hbox (8.62456pt too wide) in paragraph at lines 194--195
\T1/ntxtlf/m/n/12 ply the slope lim-iter to ob-tain $\LMS/ntxsy/m/n/12 ą\OML/ntxmi/m/it/12 q[];  q[]\LMS/ntxsy/m/n/12 ş$
 []

LaTeX Font Info:    No math alphabet change to frozen version normal on input line 196.
LaTeX Font Info:    Undo math alphabet allocation in version normal on input line 196.
LaTeX Font Info:    Font shape `T1/ntxtlf/m/n' will be
(Font)              scaled to size 6.0pt on input line 200.
LaTeX Font Info:    Font shape `T1/ntxtt/m/n' will be
(Font)              scaled to size 6.0pt on input line 201.
LaTeX Font Info:    Font shape `T1/ntxtt/m/n' will be
(Font)              scaled to size 8.8pt on input line 214.
LaTeX Font Info:    Font shape `T1/ntxtt/m/n' will be
(Font)              scaled to size 6.6pt on input line 214.
LaTeX Font Info:    No math alphabet change to frozen version normal on input line 214.
LaTeX Font Info:    No math alphabet change to frozen version normal on input line 214.
LaTeX Font Info:    No math alphabet change to frozen version normal on input line 214.
LaTeX Font Info:    No math alphabet change to frozen version normal on input line 214.
<src/timelapse_sod.png, id=140, 355.20705pt x 638.8668pt>
File: src/timelapse_sod.png Graphic file (type png)
<use src/timelapse_sod.png>
Package pdftex.def Info: src/timelapse_sod.png  used on input line 217.
(pdftex.def)             Requested size: 234.8775pt x 422.443pt.

Overfull \hbox (5.0pt too wide) in paragraph at lines 217--219
[][] 
 []

LaTeX Font Info:    No math alphabet change to frozen version normal on input line 219.
LaTeX Font Info:    No math alphabet change to frozen version normal on input line 219.
LaTeX Font Info:    No math alphabet change to frozen version normal on input line 219.
LaTeX Font Info:    No math alphabet change to frozen version normal on input line 219.
LaTeX Font Info:    No math alphabet change to frozen version normal on input line 219.
LaTeX Font Info:    No math alphabet change to frozen version normal on input line 219.
LaTeX Font Info:    No math alphabet change to frozen version normal on input line 219.
LaTeX Font Info:    No math alphabet change to frozen version normal on input line 219.
LaTeX Font Info:    No math alphabet change to frozen version normal on input line 219.
LaTeX Font Info:    No math alphabet change to frozen version normal on input line 219.
LaTeX Font Info:    No math alphabet change to frozen version normal on input line 219.
LaTeX Font Info:    No math alphabet change to frozen version normal on input line 219.
LaTeX Font Info:    No math alphabet change to frozen version normal on input line 219.
LaTeX Font Info:    No math alphabet change to frozen version normal on input line 219.
LaTeX Font Info:    No math alphabet change to frozen version normal on input line 219.
LaTeX Font Info:    No math alphabet change to frozen version normal on input line 219.
LaTeX Font Info:    No math alphabet change to frozen version normal on input line 219.
LaTeX Font Info:    No math alphabet change to frozen version normal on input line 219.
LaTeX Font Info:    No math alphabet change to frozen version normal on input line 219.
LaTeX Font Info:    No math alphabet change to frozen version normal on input line 219.
LaTeX Font Info:    No math alphabet change to frozen version normal on input line 219.
LaTeX Font Info:    No math alphabet change to frozen version normal on input line 219.
LaTeX Font Info:    No math alphabet change to frozen version normal on input line 219.
LaTeX Font Info:    No math alphabet change to frozen version normal on input line 219.

Underfull \hbox (badness 2903) in paragraph at lines 219--219
[]\T1/ntxtlf/m/n/12 Figure 2: []Time evo-lu-tion of the so-lu-
 []


Underfull \hbox (badness 10000) in paragraph at lines 219--219
\T1/ntxtlf/m/n/12 ran with \T1/ntxtt/m/n/12 mpiexec -np 4 ./euler1d
 []


Underfull \hbox (badness 10000) in paragraph at lines 219--219
\T1/ntxtt/m/n/12 -da$[]$grid$[]$x 400 -problem sod -t$[]$end
 []


Underfull \hbox (badness 10000) in paragraph at lines 219--219
\T1/ntxtt/m/n/12 T -riemann$[]$type hllc -limiter$[]$type
 []


Underfull \hbox (badness 10000) in paragraph at lines 219--219
\T1/ntxtt/m/n/12 minmod -output$[]$freq 99999 -gamma
 []

[5 <./src/timelapse_sod.png>]
Overfull \hbox (28.96666pt too wide) in paragraph at lines 227--227
[]\T1/ntxtlf/b/n/14.4 Solution Struc-ture: Sod and Lax 
 []

LaTeX Font Info:    No math alphabet change to frozen version normal on input line 228.
LaTeX Font Info:    No math alphabet change to frozen version normal on input line 231.
<src/comparison_lax.png, id=156, 355.20705pt x 566.5968pt>
File: src/comparison_lax.png Graphic file (type png)
<use src/comparison_lax.png>
Package pdftex.def Info: src/comparison_lax.png  used on input line 234.
(pdftex.def)             Requested size: 234.8775pt x 374.65533pt.

Overfull \hbox (5.0pt too wide) in paragraph at lines 234--235
[][] 
 []

LaTeX Font Info:    No math alphabet change to frozen version normal on input line 235.
LaTeX Font Info:    No math alphabet change to frozen version normal on input line 235.
<src/limiter_comparison.png, id=159, 349.305pt x 566.5968pt>
File: src/limiter_comparison.png Graphic file (type png)
<use src/limiter_comparison.png>
Package pdftex.def Info: src/limiter_comparison.png  used on input line 244.
(pdftex.def)             Requested size: 234.8775pt x 380.99252pt.

Overfull \hbox (5.0pt too wide) in paragraph at lines 244--245
[][] 
 []

LaTeX Font Info:    No math alphabet change to frozen version normal on input line 245.
LaTeX Font Info:    No math alphabet change to frozen version normal on input line 245.
LaTeX Font Info:    No math alphabet change to frozen version normal on input line 249.
LaTeX Font Info:    No math alphabet change to frozen version normal on input line 249.
[6 <./src/comparison_lax.png>]
Overfull \hbox (1.68495pt too wide) in paragraph at lines 251--252
\T1/ntxtlf/m/n/12 a-tion di-min-ish-ing (TVD) con-di-tion, which means
 []

LaTeX Font Info:    No math alphabet change to frozen version normal on input line 262.
LaTeX Font Info:    No math alphabet change to frozen version normal on input line 263.
LaTeX Font Info:    No math alphabet change to frozen version normal on input line 263.
LaTeX Font Info:    No math alphabet change to frozen version normal on input line 263.
LaTeX Font Info:    No math alphabet change to frozen version normal on input line 263.
LaTeX Font Info:    No math alphabet change to frozen version normal on input line 265.
LaTeX Font Info:    No math alphabet change to frozen version normal on input line 265.
LaTeX Font Info:    No math alphabet change to frozen version normal on input line 266.
LaTeX Font Info:    No math alphabet change to frozen version normal on input line 266.
LaTeX Font Info:    No math alphabet change to frozen version normal on input line 266.
LaTeX Font Info:    No math alphabet change to frozen version normal on input line 266.

Overfull \hbox (11.98427pt too wide) in paragraph at lines 265--267
\T1/ntxtlf/m/n/12 where $\OML/ntxmi/m/it/12 ^^Z[]$ \T1/ntxtlf/m/n/12 is the nu-mer-i-cal cell-average and $\OML/ntxmi/m/it/12 ^^Z[]\LMS/ntxsy/m/n/12 ą\OML/ntxmi/m/it/12 x[]\LMS/ntxsy/m/n/12 ş$
 []

[7 <./src/limiter_comparison.png>]
<src/convergence.png, id=182, 349.7868pt x 277.5168pt>
File: src/convergence.png Graphic file (type png)
<use src/convergence.png>
Package pdftex.def Info: src/convergence.png  used on input line 269.
(pdftex.def)             Requested size: 234.8775pt x 186.35027pt.

Overfull \hbox (5.0pt too wide) in paragraph at lines 269--270
[][] 
 []

LaTeX Font Info:    No math alphabet change to frozen version normal on input line 270.
LaTeX Font Info:    No math alphabet change to frozen version normal on input line 270.
LaTeX Font Info:    No math alphabet change to frozen version normal on input line 270.
LaTeX Font Info:    No math alphabet change to frozen version normal on input line 270.
LaTeX Font Info:    No math alphabet change to frozen version normal on input line 270.
LaTeX Font Info:    No math alphabet change to frozen version normal on input line 270.
LaTeX Font Info:    No math alphabet change to frozen version normal on input line 270.
LaTeX Font Info:    No math alphabet change to frozen version normal on input line 270.
LaTeX Font Info:    Font shape `T1/ntxtlf/m/it' will be
(Font)              scaled to size 12.0pt on input line 274.
LaTeX Font Info:    No math alphabet change to frozen version normal on input line 274.
LaTeX Font Info:    No math alphabet change to frozen version normal on input line 274.
LaTeX Font Info:    No math alphabet change to frozen version normal on input line 274.
LaTeX Font Info:    No math alphabet change to frozen version normal on input line 274.
LaTeX Font Info:    No math alphabet change to frozen version normal on input line 274.
LaTeX Font Info:    No math alphabet change to frozen version normal on input line 276.

Overfull \hbox (19.43983pt too wide) in paragraph at lines 279--279
[]\T1/ntxtlf/b/n/17.28 Discussion and Con-clu-sion 
 []


Overfull \hbox (1.39423pt too wide) in paragraph at lines 283--284
\T1/ntxtlf/m/n/12 phys-i-cal hy-dro-dy-nam-ics codes. Here, we demon-
 []

(./main.bbl
LaTeX Font Info:    No math alphabet change to frozen version normal on input line 21.
LaTeX Font Info:    No math alphabet change to frozen version normal on input line 28.
 [8 <./src/convergence.png>]
LaTeX Font Info:    No math alphabet change to frozen version normal on input line 41.

Underfull \hbox (badness 3068) in paragraph at lines 34--42
[]\T1/ntxtlf/m/n/12 Dylan Nel-son, Volker Springel, An-nal-isa
 []


Underfull \hbox (badness 1331) in paragraph at lines 34--42
\T1/ntxtlf/m/n/12 ger Pak-mor, Fed-erico Mari-nacci, Rainer
 []


Underfull \hbox (badness 2310) in paragraph at lines 34--42
\T1/ntxtlf/m/n/12 Wein-berger, Luke Kel-ley, Mark Lovell,
 []

LaTeX Font Info:    No math alphabet change to frozen version normal on input line 49.
LaTeX Font Info:    No math alphabet change to frozen version normal on input line 56.
LaTeX Font Info:    No math alphabet change to frozen version normal on input line 63.
LaTeX Font Info:    No math alphabet change to frozen version normal on input line 70.
) [9

] (./main.aux)

LaTeX Font Warning: Size substitutions with differences
(Font)              up to 0.5pt have occurred.

Package rerunfilecheck Info: File `main.out' has not changed.
(rerunfilecheck)             Checksum: 0B7F3654BB8764A05A0C47EEAFEA6290;1845.
 ) 
Here is how much of TeX's memory you used:
 15659 strings out of 480171
 239614 string characters out of 5894489
 522465 words of memory out of 5000000
 33214 multiletter control sequences out of 15000+600000
 539587 words of font info for 146 fonts, out of 8000000 for 9000
 59 hyphenation exceptions out of 8191
 74i,19n,79p,1352b,467s stack positions out of 5000i,500n,10000p,200000b,80000s
{/usr/share/texlive/texmf-dist/fonts/enc/dvips/newtx/ntx-ec-tlf.enc}{/usr/share/texlive/texmf-dist/fonts/enc/dvips/newtx/ntxsups_t1.enc}{/usr/share/texlive/texmf-dist/fonts/enc/dvips/newtx/ntx-ot1-tlf.enc}</usr/share/texlive/texmf-dist/fonts/type1/public/newtx/NewTXMI.pfb></usr/share/texlive/texmf-dist/fonts/type1/public/newtx/ntxsups-Regular.pfb></usr/share/texlive/texmf-dist/fonts/type1/public/txfonts/t1xtt.pfb></usr/share/texlive/texmf-dist/fonts/type1/public/newtx/txexs.pfb></usr/share/texlive/texmf-dist/fonts/type1/public/newtx/txmiaX.pfb></usr/share/texlive/texmf-dist/fonts/type1/public/newtx/txsys.pfb></usr/share/texlive/texmf-dist/fonts/type1/public/newtx/ztmb.pfb></usr/share/texlive/texmf-dist/fonts/type1/public/newtx/ztmr.pfb></usr/share/texlive/texmf-dist/fonts/type1/public/newtx/ztmri.pfb>
Output written on main.pdf (9 pages, 665351 bytes).
PDF statistics:
 259 PDF objects out of 1000 (max. 8388607)
 214 compressed objects within 3 object streams
 66 named destinations out of 1000 (max. 500000)
 130 words of extra memory for PDF output out of 10000 (max. 10000000)

