****************************************************************************************************************************************************************
***                                WIDEN YOUR WINDOW TO 160 CHARACTERS.  Use 'enscript -r -fCourier9' to print this document                                 ***
****************************************************************************************************************************************************************

------------------------------------------------------------------ PETSc Performance Summary: ------------------------------------------------------------------

./reaction2d on a apma4302-pkgs-opt named cetus with 4 processes, by fabg on Mon Mar 23 12:15:32 2026
Using PETSc Release Version 3.24.3, unknown

                         Max       Max/Min     Avg       Total
Time (sec):           3.648e-02     1.002   3.645e-02
Objects:              0.000e+00     0.000   0.000e+00
Flops:                8.402e+05     1.833   6.430e+05  2.572e+06
Flops/sec:            2.305e+07     1.835   1.764e+07  7.056e+07
MPI Msg Count:        7.850e+01     1.180   7.125e+01  2.850e+02
MPI Msg Len (bytes):  9.850e+04     2.263   9.802e+02  2.794e+05
MPI Reductions:       9.200e+01     1.000

Flop counting convention: 1 flop = 1 real number operation of type (multiply/divide/add/subtract)
                            e.g., VecAXPY() for real vectors of length N --> 2N flops
                            and VecAXPY() for complex vectors of length N --> 8N flops

Summary of Stages:   ----- Time ------  ----- Flop ------  --- Messages ---  -- Message Lengths --  -- Reductions --
                        Avg     %Total     Avg     %Total    Count   %Total     Avg         %Total    Count   %Total
 0:      Main Stage: 3.6444e-02 100.0%  2.5719e+06 100.0%  2.850e+02 100.0%  9.802e+02      100.0%  7.400e+01  80.4%

------------------------------------------------------------------------------------------------------------------------
See the 'Profiling' chapter of the users' manual for details on interpreting output.
Phase summary info:
   Count: number of times phase was executed
   Time and Flop: Max - maximum over all processes
                  Ratio - ratio of maximum to minimum over all processes
   Mess: number of messages sent
   AvgLen: average message length (bytes)
   Reduct: number of global reductions
   Global: entire computation
   Stage: stages of a computation. Set stages with PetscLogStagePush() and PetscLogStagePop().
      %T - percent time in this phase         %F - percent flop in this phase
      %M - percent messages in this phase     %L - percent message lengths in this phase
      %R - percent reductions in this phase
   Total Mflop/s: 1e-6 * (sum of flop over all processes)/(max time over all processes)
------------------------------------------------------------------------------------------------------------------------
Event                Count      Time (sec)     Flop                              --- Global ---  --- Stage ----  Total
                   Max Ratio  Max     Ratio   Max  Ratio  Mess   AvgLen  Reduct  %T %F %M %L %R  %T %F %M %L %R Mflop/s
------------------------------------------------------------------------------------------------------------------------

--- Event Stage 0: Main Stage

BuildTwoSided          8 1.0 1.5942e-03 10.8 0.00e+00 0.0 4.2e+01 4.0e+00 8.0e+00  3  0 15  0  9   3  0 15  0 11     0
BuildTwoSidedF         3 1.0 1.1003e-03 22.5 0.00e+00 0.0 0.0e+00 0.0e+00 3.0e+00  2  0  0  0  3   2  0  0  0  4     0
MatMult                4 1.0 7.7731e-05 1.6 3.87e+04 1.1 3.2e+01 2.6e+02 0.0e+00  0  6 11  3  0   0  6 11  3  0  1930
MatSolve               4 1.0 2.9760e-03 1.0 6.67e+05 2.3 1.5e+02 1.0e+03 1.0e+01  8 75 53 56 11   8 75 53 56 14   646
MatLUFactorSym         1 1.0 9.3984e-03 1.0 0.00e+00 0.0 0.0e+00 0.0e+00 0.0e+00 26  0  0  0  0  26  0  0  0  0     0
MatLUFactorNum         2 1.0 1.1640e-02 1.0 7.70e+04 1.4 0.0e+00 0.0e+00 0.0e+00 32 10  0  0  0  32 10  0  0  0    22
MatAssemblyBegin       3 1.0 1.1427e-03 9.8 0.00e+00 0.0 0.0e+00 0.0e+00 3.0e+00  2  0  0  0  3   2  0  0  0  4     0
MatAssemblyEnd         3 1.0 2.4435e-04 1.0 0.00e+00 0.0 1.6e+01 6.7e+01 5.0e+00  1  0  6  0  5   1  0  6  0  7     0
DMCreateMat            1 1.0 2.3284e-03 2.1 0.00e+00 0.0 1.6e+01 6.7e+01 8.0e+00  4  0  6  0  9   4  0  6  0 11     0
SFSetGraph             5 1.0 2.1191e-04 2.1 0.00e+00 0.0 0.0e+00 0.0e+00 0.0e+00  0  0  0  0  0   0  0  0  0  0     0
SFSetUp                5 1.0 7.0830e-04 1.8 0.00e+00 0.0 8.4e+01 2.5e+02 5.0e+00  2  0 29  7  5   2  0 29  7  7     0
SFPack                13 1.0 9.8310e-06 1.3 0.00e+00 0.0 0.0e+00 0.0e+00 0.0e+00  0  0  0  0  0   0  0  0  0  0     0
SFUnpack              13 1.0 6.8120e-06 1.6 0.00e+00 0.0 0.0e+00 0.0e+00 0.0e+00  0  0  0  0  0   0  0  0  0  0     0
VecView                4 1.0 2.3606e-05 2.2 0.00e+00 0.0 0.0e+00 0.0e+00 0.0e+00  0  0  0  0  0   0  0  0  0  0     0
VecDot                 2 1.0 3.3250e-05 2.1 4.35e+03 1.1 0.0e+00 0.0e+00 2.0e+00  0  1  0  0  2   0  1  0  0  3   508
VecMDot                2 1.0 2.0899e-05 1.4 4.35e+03 1.1 0.0e+00 0.0e+00 2.0e+00  0  1  0  0  2   0  1  0  0  3   808
VecNorm               11 1.0 5.2200e-04 2.5 2.39e+04 1.1 0.0e+00 0.0e+00 1.1e+01  1  4  0  0 12   1  4  0  0 15   178
VecScale               4 1.0 4.5850e-06 1.4 4.36e+03 1.1 0.0e+00 0.0e+00 0.0e+00  0  1  0  0  0   0  1  0  0  0  3686
VecCopy               11 1.0 1.9212e-05 1.6 0.00e+00 0.0 0.0e+00 0.0e+00 0.0e+00  0  0  0  0  0   0  0  0  0  0     0
VecSet                 4 1.0 7.1080e-06 1.7 0.00e+00 0.0 0.0e+00 0.0e+00 0.0e+00  0  0  0  0  0   0  0  0  0  0     0
VecAXPY                3 1.0 7.8120e-06 1.3 6.53e+03 1.1 0.0e+00 0.0e+00 0.0e+00  0  1  0  0  0   0  1  0  0  0  3245
VecWAXPY               2 1.0 2.6670e-06 2.0 2.18e+03 1.1 0.0e+00 0.0e+00 0.0e+00  0  0  0  0  0   0  0  0  0  0  3168
VecMAXPY               4 1.0 3.8730e-06 2.0 8.71e+03 1.1 0.0e+00 0.0e+00 0.0e+00  0  1  0  0  0   0  1  0  0  0  8727
VecScatterBegin       13 1.0 1.0795e-04 1.6 0.00e+00 0.0 1.1e+02 8.2e+02 0.0e+00  0  0 38 32  0   0  0 38 32  0     0
VecScatterEnd         13 1.0 1.8269e-04 1.7 0.00e+00 0.0 0.0e+00 0.0e+00 0.0e+00  0  0  0  0  0   0  0  0  0  0     0
VecReduceArith         4 1.0 9.2110e-06 1.8 8.71e+03 1.1 0.0e+00 0.0e+00 0.0e+00  0  1  0  0  0   0  1  0  0  0  3668
VecReduceComm          2 1.0 5.6365e-05 5.7 0.00e+00 0.0 0.0e+00 0.0e+00 2.0e+00  0  0  0  0  2   0  0  0  0  3     0
VecNormalize           4 1.0 3.4873e-05 1.1 1.31e+04 1.1 0.0e+00 0.0e+00 4.0e+00  0  2  0  0  4   0  2  0  0  5  1453
KSPSetUp               2 1.0 2.1644e-04 1.7 0.00e+00 0.0 0.0e+00 0.0e+00 0.0e+00  0  0  0  0  0   0  0  0  0  0     0
KSPSolve               2 1.0 3.1182e-03 1.0 7.14e+05 2.1 1.7e+02 9.6e+02 1.6e+01  9 82 58 57 17   9 82 58 57 22   679
KSPGMRESOrthog         2 1.0 2.7118e-05 1.1 8.71e+03 1.1 0.0e+00 0.0e+00 2.0e+00  0  1  0  0  2   0  1  0  0  3  1246
SNESSolve              1 1.0 2.7083e-02 1.0 8.34e+05 1.8 2.2e+02 7.8e+02 2.9e+01 74 99 78 62 32  74 99 78 62 39    94
SNESSetUp              1 1.0 2.3626e-03 2.0 0.00e+00 0.0 1.6e+01 6.7e+01 8.0e+00  4  0  6  0  9   4  0  6  0 11     0
SNESFunctionEval       3 1.0 6.7015e-04 1.8 0.00e+00 0.0 2.4e+01 2.6e+02 0.0e+00  1  0  8  2  0   1  0  8  2  0     0
SNESJacobianEval       2 1.0 1.4967e-03 1.1 0.00e+00 0.0 1.6e+01 2.6e+02 2.0e+00  4  0  6  1  2   4  0  6  1  3     0
SNESLineSearch         2 1.0 5.4761e-04 1.0 4.33e+04 1.1 3.2e+01 2.6e+02 8.0e+00  1  7 11  3  9   1  7 11  3 11   307
PCSetUp                2 1.0 2.1281e-02 1.0 7.70e+04 1.4 0.0e+00 0.0e+00 2.0e+00 58 10  0  0  2  58 10  0  0  3    12
PCApply                4 1.0 2.9801e-03 1.0 6.67e+05 2.3 1.5e+02 1.0e+03 1.0e+01  8 75 53 56 11   8 75 53 56 14   645
------------------------------------------------------------------------------------------------------------------------

Object Type          Creations   Destructions. Reports information only for process 0.

--- Event Stage 0: Main Stage

           Container     3              3
    Distributed Mesh     2              2
              Matrix     4              4
           Index Set    12             12
   IS L to G Mapping     2              2
   Star Forest Graph     9              9
     Discrete System     2              2
           Weak Form     2              2
              Vector    35             35
                SNES     1              1
              DMSNES     1              1
      SNESLineSearch     1              1
       Krylov Solver     1              1
     DMKSP interface     1              1
      Preconditioner     1              1
              Viewer     2              2
========================================================================================================================
Average time to get PetscTime(): 2.16e-08
Average time for MPI_Barrier(): 8.086e-07
Average time for zero size MPI_Send(): 1.27175e-06
#PETSc Option Table entries:
-da_refine 3 # (source: command line)
-ksp_rtol 1e-12 # (source: command line)
-log_view :./q8_results/run_refine3_np4.txt.log # (source: command line)
-pc_factor_mat_solver_type mumps # (source: command line)
-pc_type lu # (source: command line)
-rct_gamma 100 # (source: command line)
-rct_p 3 # (source: command line)
-snes_monitor # (source: command line)
-snes_rtol 1e-10 # (source: command line)
#End of PETSc Option Table entries
Compiled without FORTRAN kernels
Compiled with full precision matrices (default)
sizeof(short) 2 sizeof(int) 4 sizeof(long) 8 sizeof(void*) 8 sizeof(PetscScalar) 8 sizeof(PetscInt) 4
Configure options: --with-cc=mpicc --with-cxx=mpicxx --with-fc=mpif90 --with-debugging=0 --with-shared-libraries=1 --COPTFLAGS="-O3 -march=native" --CXXOPTFLAGS="-O3 -march=native" --FOPTFLAGS="-O3 -march=native" --download-metis --download-parmetis --download-hypre --download-scalapack --download-mumps --with-petsc4py --download-hdf5
-----------------------------------------
Libraries compiled on 2026-02-12 18:20:09 on cetus
Machine characteristics: Linux-6.8.0-94-generic-x86_64-with-glibc2.34
Using PETSc directory: /home/fabg/petsc
Using PETSc arch: apma4302-pkgs-opt
-----------------------------------------

Using C compiler: mpicc  -fPIC -Wall -Wwrite-strings -Wno-unknown-pragmas -Wno-lto-type-mismatch -Wno-stringop-overflow -fstack-protector -fvisibility=hidden -O3 -march=native 
Using Fortran compiler: mpif90  -fPIC -Wall -ffree-line-length-none -ffree-line-length-0 -Wno-lto-type-mismatch -Wno-unused-dummy-argument -O3 -march=native   
-----------------------------------------

Using include paths: -I/home/fabg/petsc/include -I/home/fabg/petsc/apma4302-pkgs-opt/include
-----------------------------------------

Using C linker: mpicc
Using Fortran linker: mpif90
Using libraries: -Wl,-rpath,/home/fabg/petsc/apma4302-pkgs-opt/lib -L/home/fabg/petsc/apma4302-pkgs-opt/lib -lpetsc -Wl,-rpath,/home/fabg/petsc/apma4302-pkgs-opt/lib -L/home/fabg/petsc/apma4302-pkgs-opt/lib -Wl,-rpath,/usr/lib/x86_64-linux-gnu/openmpi/lib/fortran/gfortran -L/usr/lib/x86_64-linux-gnu/openmpi/lib/fortran/gfortran -Wl,-rpath,/usr/lib/gcc/x86_64-linux-gnu/11 -L/usr/lib/gcc/x86_64-linux-gnu/11 -lHYPRE -ldmumps -lmumps_common -lpord -lpthread -lscalapack -llapack -lblas -lhdf5_hl -lhdf5 -lparmetis -lmetis -lm -lX11 -lmpi_usempif08 -lmpi_usempi_ignore_tkr -lmpi_mpifh -lmpi -lopen-rte -lopen-pal -lhwloc -levent_core -levent_pthreads -lgfortran -lm -lz -lgfortran -lm -lgfortran -lgcc_s -lquadmath -lstdc++ -lquadmath
-----------------------------------------

