****************************************************************************************************************************************************************
***                                WIDEN YOUR WINDOW TO 160 CHARACTERS.  Use 'enscript -r -fCourier9' to print this document                                 ***
****************************************************************************************************************************************************************

------------------------------------------------------------------ PETSc Performance Summary: ------------------------------------------------------------------

./reaction2d on a apma4302-pkgs-opt named cetus with 1 process, by fabg on Mon Mar 23 12:15:21 2026
Using PETSc Release Version 3.24.3, unknown

                         Max       Max/Min     Avg       Total
Time (sec):           1.139e-02     1.000   1.139e-02
Objects:              0.000e+00     0.000   0.000e+00
Flops:                5.477e+05     1.000   5.477e+05  5.477e+05
Flops/sec:            4.809e+07     1.000   4.809e+07  4.809e+07
MPI Msg Count:        0.000e+00     0.000   0.000e+00  0.000e+00
MPI Msg Len (bytes):  1.200e+01     1.000   0.000e+00  1.200e+01
MPI Reductions:       1.000e+00     1.000

Flop counting convention: 1 flop = 1 real number operation of type (multiply/divide/add/subtract)
                            e.g., VecAXPY() for real vectors of length N --> 2N flops
                            and VecAXPY() for complex vectors of length N --> 8N flops

Summary of Stages:   ----- Time ------  ----- Flop ------  --- Messages ---  -- Message Lengths --  -- Reductions --
                        Avg     %Total     Avg     %Total    Count   %Total     Avg         %Total    Count   %Total
 0:      Main Stage: 1.1366e-02  99.8%  5.4765e+05 100.0%  0.000e+00   0.0%  0.000e+00      100.0%  1.000e+00 100.0%

------------------------------------------------------------------------------------------------------------------------
See the 'Profiling' chapter of the users' manual for details on interpreting output.
Phase summary info:
   Count: number of times phase was executed
   Time and Flop: Max - maximum over all processes
                  Ratio - ratio of maximum to minimum over all processes
   Mess: number of messages sent
   AvgLen: average message length (bytes)
   Reduct: number of global reductions
   Global: entire computation
   Stage: stages of a computation. Set stages with PetscLogStagePush() and PetscLogStagePop().
      %T - percent time in this phase         %F - percent flop in this phase
      %M - percent messages in this phase     %L - percent message lengths in this phase
      %R - percent reductions in this phase
   Total Mflop/s: 1e-6 * (sum of flop over all processes)/(max time over all processes)
------------------------------------------------------------------------------------------------------------------------
Event                Count      Time (sec)     Flop                              --- Global ---  --- Stage ----  Total
                   Max Ratio  Max     Ratio   Max  Ratio  Mess   AvgLen  Reduct  %T %F %M %L %R  %T %F %M %L %R Mflop/s
------------------------------------------------------------------------------------------------------------------------

--- Event Stage 0: Main Stage

BuildTwoSided          2 1.0 1.9876e-05 1.0 0.00e+00 0.0 0.0e+00 0.0e+00 0.0e+00  0  0  0  0  0   0  0  0  0  0     0
MatMult                4 1.0 1.7356e-05 1.0 3.81e+04 1.0 0.0e+00 0.0e+00 0.0e+00  0  7  0  0  0   0  7  0  0  0  2198
MatSolve               4 1.0 4.6107e-04 1.0 4.13e+05 1.0 0.0e+00 0.0e+00 0.0e+00  4 75  0  0  0   4 75  0  0  0   896
MatLUFactorSym         1 1.0 1.1944e-03 1.0 0.00e+00 0.0 0.0e+00 0.0e+00 0.0e+00 10  0  0  0  0  11  0  0  0  0     0
MatLUFactorNum         2 1.0 2.3961e-03 1.0 3.35e+04 1.0 0.0e+00 0.0e+00 0.0e+00 21  6  0  0  0  21  6  0  0  0    14
MatAssemblyBegin       3 1.0 4.0800e-07 1.0 0.00e+00 0.0 0.0e+00 0.0e+00 0.0e+00  0  0  0  0  0   0  0  0  0  0     0
MatAssemblyEnd         3 1.0 2.3688e-05 1.0 0.00e+00 0.0 0.0e+00 0.0e+00 0.0e+00  0  0  0  0  0   0  0  0  0  0     0
DMCreateMat            1 1.0 2.7173e-04 1.0 0.00e+00 0.0 0.0e+00 0.0e+00 0.0e+00  2  0  0  0  0   2  0  0  0  0     0
SFSetGraph             2 1.0 3.9159e-05 1.0 0.00e+00 0.0 0.0e+00 0.0e+00 0.0e+00  0  0  0  0  0   0  0  0  0  0     0
SFSetUp                2 1.0 1.0697e-04 1.0 0.00e+00 0.0 0.0e+00 0.0e+00 0.0e+00  1  0  0  0  0   1  0  0  0  0     0
SFPack                 5 1.0 6.8200e-07 1.0 0.00e+00 0.0 0.0e+00 0.0e+00 0.0e+00  0  0  0  0  0   0  0  0  0  0     0
SFUnpack               5 1.0 6.5200e-07 1.0 0.00e+00 0.0 0.0e+00 0.0e+00 0.0e+00  0  0  0  0  0   0  0  0  0  0     0
VecView                4 1.0 1.3110e-05 1.0 0.00e+00 0.0 0.0e+00 0.0e+00 0.0e+00  0  0  0  0  0   0  0  0  0  0     0
VecDot                 2 1.0 1.7070e-06 1.0 4.35e+03 1.0 0.0e+00 0.0e+00 0.0e+00  0  1  0  0  0   0  1  0  0  0  2551
VecMDot                2 1.0 3.1550e-06 1.0 4.35e+03 1.0 0.0e+00 0.0e+00 0.0e+00  0  1  0  0  0   0  1  0  0  0  1380
VecNorm               11 1.0 2.0894e-05 1.0 2.39e+04 1.0 0.0e+00 0.0e+00 0.0e+00  0  4  0  0  0   0  4  0  0  0  1146
VecScale               4 1.0 3.3180e-06 1.0 4.36e+03 1.0 0.0e+00 0.0e+00 0.0e+00  0  1  0  0  0   0  1  0  0  0  1313
VecCopy               15 1.0 1.1009e-05 1.0 0.00e+00 0.0 0.0e+00 0.0e+00 0.0e+00  0  0  0  0  0   0  0  0  0  0     0
VecSet                 4 1.0 2.8650e-06 1.0 0.00e+00 0.0 0.0e+00 0.0e+00 0.0e+00  0  0  0  0  0   0  0  0  0  0     0
VecAXPY                3 1.0 5.0450e-06 1.0 6.53e+03 1.0 0.0e+00 0.0e+00 0.0e+00  0  1  0  0  0   0  1  0  0  0  1295
VecWAXPY               2 1.0 1.2300e-06 1.0 2.18e+03 1.0 0.0e+00 0.0e+00 0.0e+00  0  0  0  0  0   0  0  0  0  0  1771
VecMAXPY               4 1.0 1.6140e-06 1.0 8.71e+03 1.0 0.0e+00 0.0e+00 0.0e+00  0  2  0  0  0   0  2  0  0  0  5398
VecScatterBegin        5 1.0 2.0094e-05 1.0 0.00e+00 0.0 0.0e+00 0.0e+00 0.0e+00  0  0  0  0  0   0  0  0  0  0     0
VecScatterEnd          5 1.0 7.8090e-06 1.0 0.00e+00 0.0 0.0e+00 0.0e+00 0.0e+00  0  0  0  0  0   0  0  0  0  0     0
VecReduceArith         4 1.0 3.9810e-06 1.0 8.71e+03 1.0 0.0e+00 0.0e+00 0.0e+00  0  2  0  0  0   0  2  0  0  0  2187
VecReduceComm          2 1.0 3.1500e-07 1.0 0.00e+00 0.0 0.0e+00 0.0e+00 0.0e+00  0  0  0  0  0   0  0  0  0  0     0
VecNormalize           4 1.0 1.0316e-05 1.0 1.31e+04 1.0 0.0e+00 0.0e+00 0.0e+00  0  2  0  0  0   0  2  0  0  0  1266
KSPSetUp               2 1.0 6.3698e-05 1.0 0.00e+00 0.0 0.0e+00 0.0e+00 0.0e+00  1  0  0  0  0   1  0  0  0  0     0
KSPSolve               2 1.0 5.2734e-04 1.0 4.62e+05 1.0 0.0e+00 0.0e+00 0.0e+00  5 84  0  0  0   5 84  0  0  0   877
KSPGMRESOrthog         2 1.0 7.4600e-06 1.0 8.71e+03 1.0 0.0e+00 0.0e+00 0.0e+00  0  2  0  0  0   0  2  0  0  0  1168
SNESSolve              1 1.0 4.9156e-03 1.0 5.41e+05 1.0 0.0e+00 0.0e+00 0.0e+00 43 99  0  0  0  43 99  0  0  0   110
SNESSetUp              1 1.0 2.8932e-04 1.0 0.00e+00 0.0 0.0e+00 0.0e+00 0.0e+00  3  0  0  0  0   3  0  0  0  0     0
SNESFunctionEval       3 1.0 2.2205e-04 1.0 0.00e+00 0.0 0.0e+00 0.0e+00 0.0e+00  2  0  0  0  0   2  0  0  0  0     0
SNESJacobianEval       2 1.0 2.7884e-04 1.0 0.00e+00 0.0 0.0e+00 0.0e+00 0.0e+00  2  0  0  0  0   2  0  0  0  0     0
SNESLineSearch         2 1.0 1.6067e-04 1.0 4.30e+04 1.0 0.0e+00 0.0e+00 0.0e+00  1  8  0  0  0   1  8  0  0  0   268
PCSetUp                2 1.0 3.6353e-03 1.0 3.35e+04 1.0 0.0e+00 0.0e+00 0.0e+00 32  6  0  0  0  32  6  0  0  0     9
PCApply                4 1.0 4.6302e-04 1.0 4.13e+05 1.0 0.0e+00 0.0e+00 0.0e+00  4 75  0  0  0   4 75  0  0  0   892
------------------------------------------------------------------------------------------------------------------------

Object Type          Creations   Destructions. Reports information only for process 0.

--- Event Stage 0: Main Stage

           Container     3              3
    Distributed Mesh     2              2
              Matrix     2              2
           Index Set     6              6
   IS L to G Mapping     2              2
   Star Forest Graph     6              6
     Discrete System     2              2
           Weak Form     2              2
              Vector    30             30
                SNES     1              1
              DMSNES     1              1
      SNESLineSearch     1              1
       Krylov Solver     1              1
     DMKSP interface     1              1
      Preconditioner     1              1
              Viewer     2              2
========================================================================================================================
Average time to get PetscTime(): 2.28e-08
#PETSc Option Table entries:
-da_refine 2 # (source: command line)
-ksp_rtol 1e-12 # (source: command line)
-log_view :./q8_results/run_refine2_np1.txt.log # (source: command line)
-pc_factor_mat_solver_type mumps # (source: command line)
-pc_type lu # (source: command line)
-rct_gamma 100 # (source: command line)
-rct_p 3 # (source: command line)
-snes_monitor # (source: command line)
-snes_rtol 1e-10 # (source: command line)
#End of PETSc Option Table entries
Compiled without FORTRAN kernels
Compiled with full precision matrices (default)
sizeof(short) 2 sizeof(int) 4 sizeof(long) 8 sizeof(void*) 8 sizeof(PetscScalar) 8 sizeof(PetscInt) 4
Configure options: --with-cc=mpicc --with-cxx=mpicxx --with-fc=mpif90 --with-debugging=0 --with-shared-libraries=1 --COPTFLAGS="-O3 -march=native" --CXXOPTFLAGS="-O3 -march=native" --FOPTFLAGS="-O3 -march=native" --download-metis --download-parmetis --download-hypre --download-scalapack --download-mumps --with-petsc4py --download-hdf5
-----------------------------------------
Libraries compiled on 2026-02-12 18:20:09 on cetus
Machine characteristics: Linux-6.8.0-94-generic-x86_64-with-glibc2.34
Using PETSc directory: /home/fabg/petsc
Using PETSc arch: apma4302-pkgs-opt
-----------------------------------------

Using C compiler: mpicc  -fPIC -Wall -Wwrite-strings -Wno-unknown-pragmas -Wno-lto-type-mismatch -Wno-stringop-overflow -fstack-protector -fvisibility=hidden -O3 -march=native 
Using Fortran compiler: mpif90  -fPIC -Wall -ffree-line-length-none -ffree-line-length-0 -Wno-lto-type-mismatch -Wno-unused-dummy-argument -O3 -march=native   
-----------------------------------------

Using include paths: -I/home/fabg/petsc/include -I/home/fabg/petsc/apma4302-pkgs-opt/include
-----------------------------------------

Using C linker: mpicc
Using Fortran linker: mpif90
Using libraries: -Wl,-rpath,/home/fabg/petsc/apma4302-pkgs-opt/lib -L/home/fabg/petsc/apma4302-pkgs-opt/lib -lpetsc -Wl,-rpath,/home/fabg/petsc/apma4302-pkgs-opt/lib -L/home/fabg/petsc/apma4302-pkgs-opt/lib -Wl,-rpath,/usr/lib/x86_64-linux-gnu/openmpi/lib/fortran/gfortran -L/usr/lib/x86_64-linux-gnu/openmpi/lib/fortran/gfortran -Wl,-rpath,/usr/lib/gcc/x86_64-linux-gnu/11 -L/usr/lib/gcc/x86_64-linux-gnu/11 -lHYPRE -ldmumps -lmumps_common -lpord -lpthread -lscalapack -llapack -lblas -lhdf5_hl -lhdf5 -lparmetis -lmetis -lm -lX11 -lmpi_usempif08 -lmpi_usempi_ignore_tkr -lmpi_mpifh -lmpi -lopen-rte -lopen-pal -lhwloc -levent_core -levent_pthreads -lgfortran -lm -lz -lgfortran -lm -lgfortran -lgcc_s -lquadmath -lstdc++ -lquadmath
-----------------------------------------

