****************************************************************************************************************************************************************
***                                WIDEN YOUR WINDOW TO 160 CHARACTERS.  Use 'enscript -r -fCourier9' to print this document                                 ***
****************************************************************************************************************************************************************

------------------------------------------------------------------ PETSc Performance Summary: ------------------------------------------------------------------

./reaction2d on a apma4302-pkgs-opt named cetus with 4 processes, by fabg on Mon Mar 23 12:15:39 2026
Using PETSc Release Version 3.24.3, unknown

                         Max       Max/Min     Avg       Total
Time (sec):           1.007e-01     1.001   1.006e-01
Objects:              0.000e+00     0.000   0.000e+00
Flops:                3.300e+06     1.223   2.938e+06  1.175e+07
Flops/sec:            3.278e+07     1.222   2.920e+07  1.168e+08
MPI Msg Count:        8.550e+01     1.163   7.825e+01  3.130e+02
MPI Msg Len (bytes):  4.587e+05     1.936   4.128e+03  1.292e+06
MPI Reductions:       9.200e+01     1.000

Flop counting convention: 1 flop = 1 real number operation of type (multiply/divide/add/subtract)
                            e.g., VecAXPY() for real vectors of length N --> 2N flops
                            and VecAXPY() for complex vectors of length N --> 8N flops

Summary of Stages:   ----- Time ------  ----- Flop ------  --- Messages ---  -- Message Lengths --  -- Reductions --
                        Avg     %Total     Avg     %Total    Count   %Total     Avg         %Total    Count   %Total
 0:      Main Stage: 1.0062e-01 100.0%  1.1753e+07 100.0%  3.130e+02 100.0%  4.128e+03      100.0%  7.400e+01  80.4%

------------------------------------------------------------------------------------------------------------------------
See the 'Profiling' chapter of the users' manual for details on interpreting output.
Phase summary info:
   Count: number of times phase was executed
   Time and Flop: Max - maximum over all processes
                  Ratio - ratio of maximum to minimum over all processes
   Mess: number of messages sent
   AvgLen: average message length (bytes)
   Reduct: number of global reductions
   Global: entire computation
   Stage: stages of a computation. Set stages with PetscLogStagePush() and PetscLogStagePop().
      %T - percent time in this phase         %F - percent flop in this phase
      %M - percent messages in this phase     %L - percent message lengths in this phase
      %R - percent reductions in this phase
   Total Mflop/s: 1e-6 * (sum of flop over all processes)/(max time over all processes)
------------------------------------------------------------------------------------------------------------------------
Event                Count      Time (sec)     Flop                              --- Global ---  --- Stage ----  Total
                   Max Ratio  Max     Ratio   Max  Ratio  Mess   AvgLen  Reduct  %T %F %M %L %R  %T %F %M %L %R Mflop/s
------------------------------------------------------------------------------------------------------------------------

--- Event Stage 0: Main Stage

BuildTwoSided          8 1.0 2.0292e-03 2.2 0.00e+00 0.0 4.6e+01 4.0e+00 8.0e+00  1  0 15  0  9   1  0 15  0 11     0
BuildTwoSidedF         3 1.0 1.5034e-03 2.7 0.00e+00 0.0 0.0e+00 0.0e+00 3.0e+00  1  0  0  0  3   1  0  0  0  4     0
MatMult                4 1.0 3.5132e-04 1.2 1.51e+05 1.0 3.2e+01 5.2e+02 0.0e+00  0  5 10  1  0   0  5 10  1  0  1693
MatSolve               4 1.0 1.2713e-02 1.0 2.47e+06 1.2 1.8e+02 4.8e+03 1.0e+01 13 74 57 66 11  13 74 57 66 14   686
MatLUFactorSym         1 1.0 4.9371e-02 1.0 0.00e+00 0.0 0.0e+00 0.0e+00 0.0e+00 49  0  0  0  0  49  0  0  0  0     0
MatLUFactorNum         2 1.0 2.7753e-02 1.0 4.36e+05 1.3 0.0e+00 0.0e+00 0.0e+00 28 13  0  0  0  28 13  0  0  0    53
MatAssemblyBegin       3 1.0 1.5222e-03 2.6 0.00e+00 0.0 0.0e+00 0.0e+00 3.0e+00  1  0  0  0  3   1  0  0  0  4     0
MatAssemblyEnd         3 1.0 2.4484e-04 1.0 0.00e+00 0.0 1.6e+01 1.3e+02 5.0e+00  0  0  5  0  5   0  0  5  0  7     0
DMCreateMat            1 1.0 1.5836e-03 1.1 0.00e+00 0.0 1.6e+01 1.3e+02 8.0e+00  2  0  5  0  9   2  0  5  0 11     0
SFSetGraph             5 1.0 5.7481e-04 1.6 0.00e+00 0.0 0.0e+00 0.0e+00 0.0e+00  0  0  0  0  0   0  0  0  0  0     0
SFSetUp                5 1.0 8.0824e-04 1.6 0.00e+00 0.0 9.2e+01 1.3e+03 5.0e+00  1  0 29  9  5   1  0 29  9  7     0
SFPack                13 1.0 8.2091e-05 3.8 0.00e+00 0.0 0.0e+00 0.0e+00 0.0e+00  0  0  0  0  0   0  0  0  0  0     0
SFUnpack              13 1.0 3.9994e-05 2.5 0.00e+00 0.0 0.0e+00 0.0e+00 0.0e+00  0  0  0  0  0   0  0  0  0  0     0
VecView                4 1.0 5.4100e-05 1.6 0.00e+00 0.0 0.0e+00 0.0e+00 0.0e+00  0  0  0  0  0   0  0  0  0  0     0
VecDot                 2 1.0 5.2165e-05 2.6 1.69e+04 1.0 0.0e+00 0.0e+00 2.0e+00  0  1  0  0  2   0  1  0  0  3  1276
VecMDot                2 1.0 4.8172e-05 1.9 1.69e+04 1.0 0.0e+00 0.0e+00 2.0e+00  0  1  0  0  2   0  1  0  0  3  1382
VecNorm               11 1.0 8.6837e-04 2.2 9.29e+04 1.0 0.0e+00 0.0e+00 1.1e+01  1  3  0  0 12   1  3  0  0 15   422
VecScale               4 1.0 1.0837e-05 1.4 1.69e+04 1.0 0.0e+00 0.0e+00 0.0e+00  0  1  0  0  0   0  1  0  0  0  6142
VecCopy               11 1.0 4.8673e-05 1.6 0.00e+00 0.0 0.0e+00 0.0e+00 0.0e+00  0  0  0  0  0   0  0  0  0  0     0
VecSet                 4 1.0 2.0751e-05 1.5 0.00e+00 0.0 0.0e+00 0.0e+00 0.0e+00  0  0  0  0  0   0  0  0  0  0     0
VecAXPY                3 1.0 2.0996e-05 1.7 2.54e+04 1.0 0.0e+00 0.0e+00 0.0e+00  0  1  0  0  0   0  1  0  0  0  4755
VecWAXPY               2 1.0 5.5680e-06 2.0 8.45e+03 1.0 0.0e+00 0.0e+00 0.0e+00  0  0  0  0  0   0  0  0  0  0  5977
VecMAXPY               4 1.0 8.0330e-06 1.8 3.38e+04 1.0 0.0e+00 0.0e+00 0.0e+00  0  1  0  0  0   0  1  0  0  0 16573
VecScatterBegin       13 1.0 1.7280e-04 1.2 0.00e+00 0.0 1.2e+02 4.3e+03 0.0e+00  0  0 37 39  0   0  0 37 39  0     0
VecScatterEnd         13 1.0 2.9178e-04 1.6 0.00e+00 0.0 0.0e+00 0.0e+00 0.0e+00  0  0  0  0  0   0  0  0  0  0     0
VecReduceArith         4 1.0 2.2290e-05 1.8 3.38e+04 1.0 0.0e+00 0.0e+00 0.0e+00  0  1  0  0  0   0  1  0  0  0  5972
VecReduceComm          2 1.0 3.9986e-05 5.7 0.00e+00 0.0 0.0e+00 0.0e+00 2.0e+00  0  0  0  0  2   0  0  0  0  3     0
VecNormalize           4 1.0 7.1553e-05 1.3 5.07e+04 1.0 0.0e+00 0.0e+00 4.0e+00  0  2  0  0  4   0  2  0  0  5  2791
KSPSetUp               2 1.0 1.7786e-04 1.4 0.00e+00 0.0 0.0e+00 0.0e+00 0.0e+00  0  0  0  0  0   0  0  0  0  0     0
KSPSolve               2 1.0 1.3185e-02 1.0 2.66e+06 1.2 1.9e+02 4.4e+03 1.6e+01 13 81 62 66 17  13 81 62 66 22   719
KSPGMRESOrthog         2 1.0 5.7101e-05 1.5 3.38e+04 1.0 0.0e+00 0.0e+00 2.0e+00  0  1  0  0  2   0  1  0  0  3  2331
SNESSolve              1 1.0 9.4249e-02 1.0 3.28e+06 1.2 2.5e+02 3.5e+03 2.9e+01 94 99 80 69 32  94 99 80 69 39   124
SNESSetUp              1 1.0 1.5976e-03 1.1 0.00e+00 0.0 1.6e+01 1.3e+02 8.0e+00  2  0  5  0  9   2  0  5  0 11     0
SNESFunctionEval       3 1.0 1.1103e-03 1.6 0.00e+00 0.0 2.4e+01 5.2e+02 0.0e+00  1  0  8  1  0   1  0  8  1  0     0
SNESJacobianEval       2 1.0 2.0377e-03 1.0 0.00e+00 0.0 1.6e+01 5.2e+02 2.0e+00  2  0  5  1  2   2  0  5  1  3     0
SNESLineSearch         2 1.0 1.1085e-03 1.0 1.68e+05 1.0 3.2e+01 5.2e+02 8.0e+00  1  6 10  1  9   1  6 10  1 11   599
PCSetUp                2 1.0 7.7250e-02 1.0 4.36e+05 1.3 0.0e+00 0.0e+00 2.0e+00 77 13  0  0  2  77 13  0  0  3    19
PCApply                4 1.0 1.2724e-02 1.0 2.47e+06 1.2 1.8e+02 4.8e+03 1.0e+01 13 74 57 66 11  13 74 57 66 14   685
------------------------------------------------------------------------------------------------------------------------

Object Type          Creations   Destructions. Reports information only for process 0.

--- Event Stage 0: Main Stage

           Container     3              3
    Distributed Mesh     2              2
              Matrix     4              4
           Index Set    12             12
   IS L to G Mapping     2              2
   Star Forest Graph     9              9
     Discrete System     2              2
           Weak Form     2              2
              Vector    35             35
                SNES     1              1
              DMSNES     1              1
      SNESLineSearch     1              1
       Krylov Solver     1              1
     DMKSP interface     1              1
      Preconditioner     1              1
              Viewer     2              2
========================================================================================================================
Average time to get PetscTime(): 2.18e-08
Average time for MPI_Barrier(): 1.9092e-06
Average time for zero size MPI_Send(): 2.43675e-06
#PETSc Option Table entries:
-da_refine 4 # (source: command line)
-ksp_rtol 1e-12 # (source: command line)
-log_view :./q8_results/run_refine4_np4.txt.log # (source: command line)
-pc_factor_mat_solver_type mumps # (source: command line)
-pc_type lu # (source: command line)
-rct_gamma 100 # (source: command line)
-rct_p 3 # (source: command line)
-snes_monitor # (source: command line)
-snes_rtol 1e-10 # (source: command line)
#End of PETSc Option Table entries
Compiled without FORTRAN kernels
Compiled with full precision matrices (default)
sizeof(short) 2 sizeof(int) 4 sizeof(long) 8 sizeof(void*) 8 sizeof(PetscScalar) 8 sizeof(PetscInt) 4
Configure options: --with-cc=mpicc --with-cxx=mpicxx --with-fc=mpif90 --with-debugging=0 --with-shared-libraries=1 --COPTFLAGS="-O3 -march=native" --CXXOPTFLAGS="-O3 -march=native" --FOPTFLAGS="-O3 -march=native" --download-metis --download-parmetis --download-hypre --download-scalapack --download-mumps --with-petsc4py --download-hdf5
-----------------------------------------
Libraries compiled on 2026-02-12 18:20:09 on cetus
Machine characteristics: Linux-6.8.0-94-generic-x86_64-with-glibc2.34
Using PETSc directory: /home/fabg/petsc
Using PETSc arch: apma4302-pkgs-opt
-----------------------------------------

Using C compiler: mpicc  -fPIC -Wall -Wwrite-strings -Wno-unknown-pragmas -Wno-lto-type-mismatch -Wno-stringop-overflow -fstack-protector -fvisibility=hidden -O3 -march=native 
Using Fortran compiler: mpif90  -fPIC -Wall -ffree-line-length-none -ffree-line-length-0 -Wno-lto-type-mismatch -Wno-unused-dummy-argument -O3 -march=native   
-----------------------------------------

Using include paths: -I/home/fabg/petsc/include -I/home/fabg/petsc/apma4302-pkgs-opt/include
-----------------------------------------

Using C linker: mpicc
Using Fortran linker: mpif90
Using libraries: -Wl,-rpath,/home/fabg/petsc/apma4302-pkgs-opt/lib -L/home/fabg/petsc/apma4302-pkgs-opt/lib -lpetsc -Wl,-rpath,/home/fabg/petsc/apma4302-pkgs-opt/lib -L/home/fabg/petsc/apma4302-pkgs-opt/lib -Wl,-rpath,/usr/lib/x86_64-linux-gnu/openmpi/lib/fortran/gfortran -L/usr/lib/x86_64-linux-gnu/openmpi/lib/fortran/gfortran -Wl,-rpath,/usr/lib/gcc/x86_64-linux-gnu/11 -L/usr/lib/gcc/x86_64-linux-gnu/11 -lHYPRE -ldmumps -lmumps_common -lpord -lpthread -lscalapack -llapack -lblas -lhdf5_hl -lhdf5 -lparmetis -lmetis -lm -lX11 -lmpi_usempif08 -lmpi_usempi_ignore_tkr -lmpi_mpifh -lmpi -lopen-rte -lopen-pal -lhwloc -levent_core -levent_pthreads -lgfortran -lm -lz -lgfortran -lm -lgfortran -lgcc_s -lquadmath -lstdc++ -lquadmath
-----------------------------------------

