****************************************************************************************************************************************************************
***                                WIDEN YOUR WINDOW TO 160 CHARACTERS.  Use 'enscript -r -fCourier9' to print this document                                 ***
****************************************************************************************************************************************************************

------------------------------------------------------------------ PETSc Performance Summary: ------------------------------------------------------------------

./reaction2d on a apma4302-pkgs-opt named cetus with 2 processes, by fabg on Mon Mar 23 12:15:29 2026
Using PETSc Release Version 3.24.3, unknown

                         Max       Max/Min     Avg       Total
Time (sec):           1.842e-02     1.001   1.840e-02
Objects:              0.000e+00     0.000   0.000e+00
Flops:                2.211e+06     6.835   1.267e+06  2.535e+06
Flops/sec:            1.202e+08     6.844   6.890e+07  1.378e+08
MPI Msg Count:        3.750e+01     1.000   3.750e+01  7.500e+01
MPI Msg Len (bytes):  1.350e+05     1.269   3.220e+03  2.415e+05
MPI Reductions:       9.200e+01     1.000

Flop counting convention: 1 flop = 1 real number operation of type (multiply/divide/add/subtract)
                            e.g., VecAXPY() for real vectors of length N --> 2N flops
                            and VecAXPY() for complex vectors of length N --> 8N flops

Summary of Stages:   ----- Time ------  ----- Flop ------  --- Messages ---  -- Message Lengths --  -- Reductions --
                        Avg     %Total     Avg     %Total    Count   %Total     Avg         %Total    Count   %Total
 0:      Main Stage: 1.8399e-02 100.0%  2.5347e+06 100.0%  7.500e+01 100.0%  3.220e+03      100.0%  7.400e+01  80.4%

------------------------------------------------------------------------------------------------------------------------
See the 'Profiling' chapter of the users' manual for details on interpreting output.
Phase summary info:
   Count: number of times phase was executed
   Time and Flop: Max - maximum over all processes
                  Ratio - ratio of maximum to minimum over all processes
   Mess: number of messages sent
   AvgLen: average message length (bytes)
   Reduct: number of global reductions
   Global: entire computation
   Stage: stages of a computation. Set stages with PetscLogStagePush() and PetscLogStagePop().
      %T - percent time in this phase         %F - percent flop in this phase
      %M - percent messages in this phase     %L - percent message lengths in this phase
      %R - percent reductions in this phase
   Total Mflop/s: 1e-6 * (sum of flop over all processes)/(max time over all processes)
------------------------------------------------------------------------------------------------------------------------
Event                Count      Time (sec)     Flop                              --- Global ---  --- Stage ----  Total
                   Max Ratio  Max     Ratio   Max  Ratio  Mess   AvgLen  Reduct  %T %F %M %L %R  %T %F %M %L %R Mflop/s
------------------------------------------------------------------------------------------------------------------------

--- Event Stage 0: Main Stage

BuildTwoSided          8 1.0 5.4095e-05 1.6 0.00e+00 0.0 1.0e+01 4.0e+00 8.0e+00  0  0 13  0  9   0  0 13  0 11     0
BuildTwoSidedF         3 1.0 2.2468e-05 1.6 0.00e+00 0.0 0.0e+00 0.0e+00 3.0e+00  0  0  0  0  3   0  0  0  0  4     0
MatMult                4 1.0 5.2322e-05 1.0 7.62e+04 1.0 8.0e+00 5.2e+02 0.0e+00  0  6 11  2  0   0  6 11  2  0  2867
MatSolve               4 1.0 2.5727e-03 1.0 1.77e+06 16.2 4.0e+01 4.1e+03 1.0e+01 14 74 53 68 11  14 74 53 68 14   732
MatLUFactorSym         1 1.0 2.6197e-03 1.0 0.00e+00 0.0 0.0e+00 0.0e+00 0.0e+00 14  0  0  0  0  14  0  0  0  0     0
MatLUFactorNum         2 1.0 9.0595e-03 1.0 2.44e+05 17.9 0.0e+00 0.0e+00 0.0e+00 49 10  0  0  0  49 10  0  0  0    28
MatAssemblyBegin       3 1.0 3.7880e-05 1.3 0.00e+00 0.0 0.0e+00 0.0e+00 3.0e+00  0  0  0  0  3   0  0  0  0  4     0
MatAssemblyEnd         3 1.0 9.0269e-05 1.0 0.00e+00 0.0 4.0e+00 1.3e+02 5.0e+00  0  0  5  0  5   0  0  5  0  7     0
DMCreateMat            1 1.0 4.8651e-04 1.0 0.00e+00 0.0 4.0e+00 1.3e+02 8.0e+00  3  0  5  0  9   3  0  5  0 11     0
SFSetGraph             5 1.0 1.2108e-04 1.1 0.00e+00 0.0 0.0e+00 0.0e+00 0.0e+00  1  0  0  0  0   1  0  0  0  0     0
SFSetUp                5 1.0 1.4789e-04 1.1 0.00e+00 0.0 2.0e+01 1.0e+03 5.0e+00  1  0 27  9  5   1  0 27  9  7     0
SFPack                13 1.0 4.6960e-06 2.6 0.00e+00 0.0 0.0e+00 0.0e+00 0.0e+00  0  0  0  0  0   0  0  0  0  0     0
SFUnpack              13 1.0 6.5670e-06 3.0 0.00e+00 0.0 0.0e+00 0.0e+00 0.0e+00  0  0  0  0  0   0  0  0  0  0     0
VecView                4 1.0 1.7170e-05 1.3 0.00e+00 0.0 0.0e+00 0.0e+00 0.0e+00  0  0  0  0  0   0  0  0  0  0     0
VecDot                 2 1.0 3.8880e-06 1.0 8.58e+03 1.0 0.0e+00 0.0e+00 2.0e+00  0  1  0  0  2   0  1  0  0  3  4346
VecMDot                2 1.0 6.4640e-06 1.1 8.58e+03 1.0 0.0e+00 0.0e+00 2.0e+00  0  1  0  0  2   0  1  0  0  3  2614
VecNorm               11 1.0 1.2144e-04 3.9 4.72e+04 1.0 0.0e+00 0.0e+00 1.1e+01  0  4  0  0 12   0  4  0  0 15   765
VecScale               4 1.0 4.0840e-06 1.1 8.58e+03 1.0 0.0e+00 0.0e+00 0.0e+00  0  1  0  0  0   0  1  0  0  0  4138
VecCopy               11 1.0 9.7000e-06 1.0 0.00e+00 0.0 0.0e+00 0.0e+00 0.0e+00  0  0  0  0  0   0  0  0  0  0     0
VecSet                 4 1.0 5.2300e-06 1.1 0.00e+00 0.0 0.0e+00 0.0e+00 0.0e+00  0  0  0  0  0   0  0  0  0  0     0
VecAXPY                3 1.0 5.9040e-06 1.2 1.29e+04 1.0 0.0e+00 0.0e+00 0.0e+00  0  1  0  0  0   0  1  0  0  0  4294
VecWAXPY               2 1.0 1.5680e-06 1.1 4.29e+03 1.0 0.0e+00 0.0e+00 0.0e+00  0  0  0  0  0   0  0  0  0  0  5389
VecMAXPY               4 1.0 2.5860e-06 1.1 1.72e+04 1.0 0.0e+00 0.0e+00 0.0e+00  0  1  0  0  0   0  1  0  0  0 13070
VecScatterBegin       13 1.0 4.8406e-05 1.3 0.00e+00 0.0 2.6e+01 3.3e+03 0.0e+00  0  0 35 36  0   0  0 35 36  0     0
VecScatterEnd         13 1.0 5.7507e-05 1.4 0.00e+00 0.0 0.0e+00 0.0e+00 0.0e+00  0  0  0  0  0   0  0  0  0  0     0
VecReduceArith         4 1.0 5.5870e-06 1.0 1.72e+04 1.0 0.0e+00 0.0e+00 0.0e+00  0  1  0  0  0   0  1  0  0  0  6048
VecReduceComm          2 1.0 6.7780e-06 4.6 0.00e+00 0.0 0.0e+00 0.0e+00 2.0e+00  0  0  0  0  2   0  0  0  0  3     0
VecNormalize           4 1.0 1.8903e-05 1.1 2.57e+04 1.0 0.0e+00 0.0e+00 4.0e+00  0  2  0  0  4   0  2  0  0  5  2682
KSPSetUp               2 1.0 7.3429e-05 1.0 0.00e+00 0.0 0.0e+00 0.0e+00 0.0e+00  0  0  0  0  0   0  0  0  0  0     0
KSPSolve               2 1.0 2.6763e-03 1.0 1.87e+06 9.0 4.4e+01 3.8e+03 1.6e+01 15 82 59 68 17  15 82 59 68 22   776
KSPGMRESOrthog         2 1.0 1.1840e-05 1.1 1.72e+04 1.0 0.0e+00 0.0e+00 2.0e+00  0  1  0  0  2   0  1  0  0  3  2854
SNESSolve              1 1.0 1.5404e-02 1.0 2.20e+06 7.1 5.8e+01 3.0e+03 2.9e+01 84 99 77 71 32  84 99 77 71 39   163
SNESSetUp              1 1.0 4.9697e-04 1.0 0.00e+00 0.0 4.0e+00 1.3e+02 8.0e+00  3  0  5  0  9   3  0  5  0 11     0
SNESFunctionEval       3 1.0 2.9677e-04 1.0 0.00e+00 0.0 6.0e+00 5.2e+02 0.0e+00  2  0  8  1  0   2  0  8  1  0     0
SNESJacobianEval       2 1.0 4.8422e-04 1.1 0.00e+00 0.0 4.0e+00 5.2e+02 2.0e+00  3  0  5  1  2   3  0  5  1  3     0
SNESLineSearch         2 1.0 2.6180e-04 1.0 8.53e+04 1.0 8.0e+00 5.2e+02 8.0e+00  1  7 11  2  9   1  7 11  2 11   641
PCSetUp                2 1.0 1.1713e-02 1.0 2.44e+05 17.9 0.0e+00 0.0e+00 2.0e+00 64 10  0  0  2  64 10  0  0  3    22
PCApply                4 1.0 2.5750e-03 1.0 1.77e+06 16.2 4.0e+01 4.1e+03 1.0e+01 14 74 53 68 11  14 74 53 68 14   731
------------------------------------------------------------------------------------------------------------------------

Object Type          Creations   Destructions. Reports information only for process 0.

--- Event Stage 0: Main Stage

           Container     3              3
    Distributed Mesh     2              2
              Matrix     4              4
           Index Set    12             12
   IS L to G Mapping     2              2
   Star Forest Graph     9              9
     Discrete System     2              2
           Weak Form     2              2
              Vector    35             35
                SNES     1              1
              DMSNES     1              1
      SNESLineSearch     1              1
       Krylov Solver     1              1
     DMKSP interface     1              1
      Preconditioner     1              1
              Viewer     2              2
========================================================================================================================
Average time to get PetscTime(): 2.2e-08
Average time for MPI_Barrier(): 3.114e-07
Average time for zero size MPI_Send(): 9.47e-07
#PETSc Option Table entries:
-da_refine 3 # (source: command line)
-ksp_rtol 1e-12 # (source: command line)
-log_view :./q8_results/run_refine3_np2.txt.log # (source: command line)
-pc_factor_mat_solver_type mumps # (source: command line)
-pc_type lu # (source: command line)
-rct_gamma 100 # (source: command line)
-rct_p 3 # (source: command line)
-snes_monitor # (source: command line)
-snes_rtol 1e-10 # (source: command line)
#End of PETSc Option Table entries
Compiled without FORTRAN kernels
Compiled with full precision matrices (default)
sizeof(short) 2 sizeof(int) 4 sizeof(long) 8 sizeof(void*) 8 sizeof(PetscScalar) 8 sizeof(PetscInt) 4
Configure options: --with-cc=mpicc --with-cxx=mpicxx --with-fc=mpif90 --with-debugging=0 --with-shared-libraries=1 --COPTFLAGS="-O3 -march=native" --CXXOPTFLAGS="-O3 -march=native" --FOPTFLAGS="-O3 -march=native" --download-metis --download-parmetis --download-hypre --download-scalapack --download-mumps --with-petsc4py --download-hdf5
-----------------------------------------
Libraries compiled on 2026-02-12 18:20:09 on cetus
Machine characteristics: Linux-6.8.0-94-generic-x86_64-with-glibc2.34
Using PETSc directory: /home/fabg/petsc
Using PETSc arch: apma4302-pkgs-opt
-----------------------------------------

Using C compiler: mpicc  -fPIC -Wall -Wwrite-strings -Wno-unknown-pragmas -Wno-lto-type-mismatch -Wno-stringop-overflow -fstack-protector -fvisibility=hidden -O3 -march=native 
Using Fortran compiler: mpif90  -fPIC -Wall -ffree-line-length-none -ffree-line-length-0 -Wno-lto-type-mismatch -Wno-unused-dummy-argument -O3 -march=native   
-----------------------------------------

Using include paths: -I/home/fabg/petsc/include -I/home/fabg/petsc/apma4302-pkgs-opt/include
-----------------------------------------

Using C linker: mpicc
Using Fortran linker: mpif90
Using libraries: -Wl,-rpath,/home/fabg/petsc/apma4302-pkgs-opt/lib -L/home/fabg/petsc/apma4302-pkgs-opt/lib -lpetsc -Wl,-rpath,/home/fabg/petsc/apma4302-pkgs-opt/lib -L/home/fabg/petsc/apma4302-pkgs-opt/lib -Wl,-rpath,/usr/lib/x86_64-linux-gnu/openmpi/lib/fortran/gfortran -L/usr/lib/x86_64-linux-gnu/openmpi/lib/fortran/gfortran -Wl,-rpath,/usr/lib/gcc/x86_64-linux-gnu/11 -L/usr/lib/gcc/x86_64-linux-gnu/11 -lHYPRE -ldmumps -lmumps_common -lpord -lpthread -lscalapack -llapack -lblas -lhdf5_hl -lhdf5 -lparmetis -lmetis -lm -lX11 -lmpi_usempif08 -lmpi_usempi_ignore_tkr -lmpi_mpifh -lmpi -lopen-rte -lopen-pal -lhwloc -levent_core -levent_pthreads -lgfortran -lm -lz -lgfortran -lm -lgfortran -lgcc_s -lquadmath -lstdc++ -lquadmath
-----------------------------------------

