****************************************************************************************************************************************************************
***                                WIDEN YOUR WINDOW TO 160 CHARACTERS.  Use 'enscript -r -fCourier9' to print this document                                 ***
****************************************************************************************************************************************************************

------------------------------------------------------------------ PETSc Performance Summary: ------------------------------------------------------------------

./reaction2d on a apma4302-pkgs-opt named cetus with 2 processes, by fabg on Mon Mar 23 12:15:59 2026
Using PETSc Release Version 3.24.3, unknown

                         Max       Max/Min     Avg       Total
Time (sec):           2.895e+00     1.000   2.895e+00
Objects:              0.000e+00     0.000   0.000e+00
Flops:                1.309e+08     1.015   1.299e+08  2.599e+08
Flops/sec:            4.522e+07     1.015   4.489e+07  8.977e+07
MPI Msg Count:        3.750e+01     1.000   3.750e+01  7.500e+01
MPI Msg Len (bytes):  6.867e+06     1.001   1.830e+05  1.373e+07
MPI Reductions:       9.200e+01     1.000

Flop counting convention: 1 flop = 1 real number operation of type (multiply/divide/add/subtract)
                            e.g., VecAXPY() for real vectors of length N --> 2N flops
                            and VecAXPY() for complex vectors of length N --> 8N flops

Summary of Stages:   ----- Time ------  ----- Flop ------  --- Messages ---  -- Message Lengths --  -- Reductions --
                        Avg     %Total     Avg     %Total    Count   %Total     Avg         %Total    Count   %Total
 0:      Main Stage: 2.8947e+00 100.0%  2.5987e+08 100.0%  7.500e+01 100.0%  1.830e+05      100.0%  7.400e+01  80.4%

------------------------------------------------------------------------------------------------------------------------
See the 'Profiling' chapter of the users' manual for details on interpreting output.
Phase summary info:
   Count: number of times phase was executed
   Time and Flop: Max - maximum over all processes
                  Ratio - ratio of maximum to minimum over all processes
   Mess: number of messages sent
   AvgLen: average message length (bytes)
   Reduct: number of global reductions
   Global: entire computation
   Stage: stages of a computation. Set stages with PetscLogStagePush() and PetscLogStagePop().
      %T - percent time in this phase         %F - percent flop in this phase
      %M - percent messages in this phase     %L - percent message lengths in this phase
      %R - percent reductions in this phase
   Total Mflop/s: 1e-6 * (sum of flop over all processes)/(max time over all processes)
------------------------------------------------------------------------------------------------------------------------
Event                Count      Time (sec)     Flop                              --- Global ---  --- Stage ----  Total
                   Max Ratio  Max     Ratio   Max  Ratio  Mess   AvgLen  Reduct  %T %F %M %L %R  %T %F %M %L %R Mflop/s
------------------------------------------------------------------------------------------------------------------------

--- Event Stage 0: Main Stage

BuildTwoSided          8 1.0 5.3919e-04 1.0 0.00e+00 0.0 1.0e+01 4.0e+00 8.0e+00  0  0 13  0  9   0  0 13  0 11     0
BuildTwoSidedF         3 1.0 3.3567e-04 1.1 0.00e+00 0.0 0.0e+00 0.0e+00 3.0e+00  0  0  0  0  3   0  0  0  0  4     0
MatMult                4 1.0 3.1166e-03 1.0 4.74e+06 1.0 8.0e+00 4.1e+03 0.0e+00  0  4 11  0  0   0  4 11  0  0  3035
MatSolve               4 1.0 1.4582e-01 1.0 9.54e+07 1.0 4.0e+01 2.4e+05 1.0e+01  5 73 53 69 11   5 73 53 69 14  1294
MatLUFactorSym         1 1.0 1.1388e+00 1.0 0.00e+00 0.0 0.0e+00 0.0e+00 0.0e+00 39  0  0  0  0  39  0  0  0  0     0
MatLUFactorNum         2 1.0 1.4846e+00 1.0 2.34e+07 1.0 0.0e+00 0.0e+00 0.0e+00 51 18  0  0  0  51 18  0  0  0    31
MatAssemblyBegin       3 1.0 4.4213e-04 1.1 0.00e+00 0.0 0.0e+00 0.0e+00 3.0e+00  0  0  0  0  3   0  0  0  0  4     0
MatAssemblyEnd         3 1.0 4.5464e-03 1.0 0.00e+00 0.0 4.0e+00 1.0e+03 5.0e+00  0  0  5  0  5   0  0  5  0  7     0
DMCreateMat            1 1.0 2.7447e-02 1.0 0.00e+00 0.0 4.0e+00 1.0e+03 8.0e+00  1  0  5  0  9   1  0  5  0 11     0
SFSetGraph             5 1.0 1.0034e-02 1.0 0.00e+00 0.0 0.0e+00 0.0e+00 0.0e+00  0  0  0  0  0   0  0  0  0  0     0
SFSetUp                5 1.0 6.9939e-03 1.0 0.00e+00 0.0 2.0e+01 5.3e+04 5.0e+00  0  0 27  8  5   0  0 27  8  7     0
SFPack                13 1.0 3.7280e-04 1.1 0.00e+00 0.0 0.0e+00 0.0e+00 0.0e+00  0  0  0  0  0   0  0  0  0  0     0
SFUnpack              13 1.0 2.5184e-04 1.0 0.00e+00 0.0 0.0e+00 0.0e+00 0.0e+00  0  0  0  0  0   0  0  0  0  0     0
VecView                4 1.0 8.0083e-04 1.1 0.00e+00 0.0 0.0e+00 0.0e+00 0.0e+00  0  0  0  0  0   0  0  0  0  0     0
VecDot                 2 1.0 2.4810e-04 1.0 5.27e+05 1.0 0.0e+00 0.0e+00 2.0e+00  0  0  0  0  2   0  0  0  0  3  4243
VecMDot                2 1.0 2.2473e-04 1.0 5.27e+05 1.0 0.0e+00 0.0e+00 2.0e+00  0  0  0  0  2   0  0  0  0  3  4684
VecNorm               11 1.0 3.2669e-03 2.2 2.90e+06 1.0 0.0e+00 0.0e+00 1.1e+01  0  2  0  0 12   0  2  0  0 15  1772
VecScale               4 1.0 1.5925e-04 1.1 5.27e+05 1.0 0.0e+00 0.0e+00 0.0e+00  0  0  0  0  0   0  0  0  0  0  6610
VecCopy               11 1.0 1.5077e-03 1.0 0.00e+00 0.0 0.0e+00 0.0e+00 0.0e+00  0  0  0  0  0   0  0  0  0  0     0
VecSet                 4 1.0 3.0687e-04 1.0 0.00e+00 0.0 0.0e+00 0.0e+00 0.0e+00  0  0  0  0  0   0  0  0  0  0     0
VecAXPY                3 1.0 6.5262e-04 1.0 7.91e+05 1.0 0.0e+00 0.0e+00 0.0e+00  0  1  0  0  0   0  1  0  0  0  2419
VecWAXPY               2 1.0 3.1917e-04 1.1 2.64e+05 1.0 0.0e+00 0.0e+00 0.0e+00  0  0  0  0  0   0  0  0  0  0  1649
VecMAXPY               4 1.0 3.3077e-04 1.1 1.05e+06 1.0 0.0e+00 0.0e+00 0.0e+00  0  1  0  0  0   0  1  0  0  0  6365
VecScatterBegin       13 1.0 1.8475e-03 1.0 0.00e+00 0.0 2.6e+01 1.6e+05 0.0e+00  0  0 35 31  0   0  0 35 31  0     0
VecScatterEnd         13 1.0 9.5607e-04 1.1 0.00e+00 0.0 0.0e+00 0.0e+00 0.0e+00  0  0  0  0  0   0  0  0  0  0     0
VecReduceArith         4 1.0 8.4286e-04 1.1 1.05e+06 1.0 0.0e+00 0.0e+00 0.0e+00  0  1  0  0  0   0  1  0  0  0  2498
VecReduceComm          2 1.0 3.1327e-05 3.0 0.00e+00 0.0 0.0e+00 0.0e+00 2.0e+00  0  0  0  0  2   0  0  0  0  3     0
VecNormalize           4 1.0 5.2418e-04 1.0 1.58e+06 1.0 0.0e+00 0.0e+00 4.0e+00  0  1  0  0  4   0  1  0  0  5  6025
KSPSetUp               2 1.0 3.5544e-03 1.0 0.00e+00 0.0 0.0e+00 0.0e+00 0.0e+00  0  0  0  0  0   0  0  0  0  0     0
KSPSolve               2 1.0 1.4984e-01 1.0 1.01e+08 1.0 4.4e+01 2.1e+05 1.6e+01  5 77 59 69 17   5 77 59 69 22  1340
KSPGMRESOrthog         2 1.0 3.6021e-04 1.0 1.05e+06 1.0 0.0e+00 0.0e+00 2.0e+00  0  1  0  0  2   0  1  0  0  3  5845
SNESSolve              1 1.0 2.8280e+00 1.0 1.30e+08 1.0 5.8e+01 1.6e+05 2.9e+01 98 99 77 69 32  98 99 77 69 39    91
SNESSetUp              1 1.0 2.7860e-02 1.0 0.00e+00 0.0 4.0e+00 1.0e+03 8.0e+00  1  0  5  0  9   1  0  5  0 11     0
SNESFunctionEval       3 1.0 1.7712e-02 1.0 0.00e+00 0.0 6.0e+00 4.1e+03 0.0e+00  1  0  8  0  0   1  0  8  0  0     0
SNESJacobianEval       2 1.0 2.8760e-02 1.0 0.00e+00 0.0 4.0e+00 4.1e+03 2.0e+00  1  0  5  0  2   1  0  5  0  3     0
SNESLineSearch         2 1.0 1.5466e-02 1.0 5.27e+06 1.0 8.0e+00 4.1e+03 8.0e+00  1  4 11  0  9   1  4 11  0 11   680
PCSetUp                2 1.0 2.6235e+00 1.0 2.34e+07 1.0 0.0e+00 0.0e+00 2.0e+00 91 18  0  0  2  91 18  0  0  3    18
PCApply                4 1.0 1.4583e-01 1.0 9.54e+07 1.0 4.0e+01 2.4e+05 1.0e+01  5 73 53 69 11   5 73 53 69 14  1294
------------------------------------------------------------------------------------------------------------------------

Object Type          Creations   Destructions. Reports information only for process 0.

--- Event Stage 0: Main Stage

           Container     3              3
    Distributed Mesh     2              2
              Matrix     4              4
           Index Set    12             12
   IS L to G Mapping     2              2
   Star Forest Graph     9              9
     Discrete System     2              2
           Weak Form     2              2
              Vector    35             35
                SNES     1              1
              DMSNES     1              1
      SNESLineSearch     1              1
       Krylov Solver     1              1
     DMKSP interface     1              1
      Preconditioner     1              1
              Viewer     2              2
========================================================================================================================
Average time to get PetscTime(): 2.26e-08
Average time for MPI_Barrier(): 3.238e-07
Average time for zero size MPI_Send(): 1.4205e-06
#PETSc Option Table entries:
-da_refine 6 # (source: command line)
-ksp_rtol 1e-12 # (source: command line)
-log_view :./q8_results/run_refine6_np2.txt.log # (source: command line)
-pc_factor_mat_solver_type mumps # (source: command line)
-pc_type lu # (source: command line)
-rct_gamma 100 # (source: command line)
-rct_p 3 # (source: command line)
-snes_monitor # (source: command line)
-snes_rtol 1e-10 # (source: command line)
#End of PETSc Option Table entries
Compiled without FORTRAN kernels
Compiled with full precision matrices (default)
sizeof(short) 2 sizeof(int) 4 sizeof(long) 8 sizeof(void*) 8 sizeof(PetscScalar) 8 sizeof(PetscInt) 4
Configure options: --with-cc=mpicc --with-cxx=mpicxx --with-fc=mpif90 --with-debugging=0 --with-shared-libraries=1 --COPTFLAGS="-O3 -march=native" --CXXOPTFLAGS="-O3 -march=native" --FOPTFLAGS="-O3 -march=native" --download-metis --download-parmetis --download-hypre --download-scalapack --download-mumps --with-petsc4py --download-hdf5
-----------------------------------------
Libraries compiled on 2026-02-12 18:20:09 on cetus
Machine characteristics: Linux-6.8.0-94-generic-x86_64-with-glibc2.34
Using PETSc directory: /home/fabg/petsc
Using PETSc arch: apma4302-pkgs-opt
-----------------------------------------

Using C compiler: mpicc  -fPIC -Wall -Wwrite-strings -Wno-unknown-pragmas -Wno-lto-type-mismatch -Wno-stringop-overflow -fstack-protector -fvisibility=hidden -O3 -march=native 
Using Fortran compiler: mpif90  -fPIC -Wall -ffree-line-length-none -ffree-line-length-0 -Wno-lto-type-mismatch -Wno-unused-dummy-argument -O3 -march=native   
-----------------------------------------

Using include paths: -I/home/fabg/petsc/include -I/home/fabg/petsc/apma4302-pkgs-opt/include
-----------------------------------------

Using C linker: mpicc
Using Fortran linker: mpif90
Using libraries: -Wl,-rpath,/home/fabg/petsc/apma4302-pkgs-opt/lib -L/home/fabg/petsc/apma4302-pkgs-opt/lib -lpetsc -Wl,-rpath,/home/fabg/petsc/apma4302-pkgs-opt/lib -L/home/fabg/petsc/apma4302-pkgs-opt/lib -Wl,-rpath,/usr/lib/x86_64-linux-gnu/openmpi/lib/fortran/gfortran -L/usr/lib/x86_64-linux-gnu/openmpi/lib/fortran/gfortran -Wl,-rpath,/usr/lib/gcc/x86_64-linux-gnu/11 -L/usr/lib/gcc/x86_64-linux-gnu/11 -lHYPRE -ldmumps -lmumps_common -lpord -lpthread -lscalapack -llapack -lblas -lhdf5_hl -lhdf5 -lparmetis -lmetis -lm -lX11 -lmpi_usempif08 -lmpi_usempi_ignore_tkr -lmpi_mpifh -lmpi -lopen-rte -lopen-pal -lhwloc -levent_core -levent_pthreads -lgfortran -lm -lz -lgfortran -lm -lgfortran -lgcc_s -lquadmath -lstdc++ -lquadmath
-----------------------------------------

