****************************************************************************************************************************************************************
***                                WIDEN YOUR WINDOW TO 160 CHARACTERS.  Use 'enscript -r -fCourier9' to print this document                                 ***
****************************************************************************************************************************************************************

------------------------------------------------------------------ PETSc Performance Summary: ------------------------------------------------------------------

./reaction2d on a apma4302-pkgs-opt named cetus with 2 processes, by fabg on Mon Mar 23 12:15:36 2026
Using PETSc Release Version 3.24.3, unknown

                         Max       Max/Min     Avg       Total
Time (sec):           1.455e-01     1.000   1.455e-01
Objects:              0.000e+00     0.000   0.000e+00
Flops:                6.499e+06     1.054   6.333e+06  1.267e+07
Flops/sec:            4.465e+07     1.054   4.352e+07  8.704e+07
MPI Msg Count:        3.750e+01     1.000   3.750e+01  7.500e+01
MPI Msg Len (bytes):  2.902e+05     1.007   7.712e+03  5.784e+05
MPI Reductions:       9.200e+01     1.000

Flop counting convention: 1 flop = 1 real number operation of type (multiply/divide/add/subtract)
                            e.g., VecAXPY() for real vectors of length N --> 2N flops
                            and VecAXPY() for complex vectors of length N --> 8N flops

Summary of Stages:   ----- Time ------  ----- Flop ------  --- Messages ---  -- Message Lengths --  -- Reductions --
                        Avg     %Total     Avg     %Total    Count   %Total     Avg         %Total    Count   %Total
 0:      Main Stage: 1.4551e-01 100.0%  1.2666e+07 100.0%  7.500e+01 100.0%  7.712e+03      100.0%  7.400e+01  80.4%

------------------------------------------------------------------------------------------------------------------------
See the 'Profiling' chapter of the users' manual for details on interpreting output.
Phase summary info:
   Count: number of times phase was executed
   Time and Flop: Max - maximum over all processes
                  Ratio - ratio of maximum to minimum over all processes
   Mess: number of messages sent
   AvgLen: average message length (bytes)
   Reduct: number of global reductions
   Global: entire computation
   Stage: stages of a computation. Set stages with PetscLogStagePush() and PetscLogStagePop().
      %T - percent time in this phase         %F - percent flop in this phase
      %M - percent messages in this phase     %L - percent message lengths in this phase
      %R - percent reductions in this phase
   Total Mflop/s: 1e-6 * (sum of flop over all processes)/(max time over all processes)
------------------------------------------------------------------------------------------------------------------------
Event                Count      Time (sec)     Flop                              --- Global ---  --- Stage ----  Total
                   Max Ratio  Max     Ratio   Max  Ratio  Mess   AvgLen  Reduct  %T %F %M %L %R  %T %F %M %L %R Mflop/s
------------------------------------------------------------------------------------------------------------------------

--- Event Stage 0: Main Stage

BuildTwoSided          8 1.0 1.2818e-03 6.2 0.00e+00 0.0 1.0e+01 4.0e+00 8.0e+00  1  0 13  0  9   1  0 13  0 11     0
BuildTwoSidedF         3 1.0 6.9410e-04 6.4 0.00e+00 0.0 0.0e+00 0.0e+00 3.0e+00  0  0  0  0  3   0  0  0  0  4     0
MatMult                4 1.0 8.2904e-04 1.0 3.00e+05 1.0 8.0e+00 1.0e+03 0.0e+00  1  5 11  1  0   1  5 11  1  0   718
MatSolve               4 1.0 2.0270e-02 1.0 4.82e+06 1.1 4.0e+01 7.3e+03 1.0e+01 14 74 53 50 11  14 74 53 50 14   463
MatLUFactorSym         1 1.0 5.8450e-02 1.0 0.00e+00 0.0 0.0e+00 0.0e+00 0.0e+00 40  0  0  0  0  40  0  0  0  0     0
MatLUFactorNum         2 1.0 5.1065e-02 1.0 8.96e+05 1.1 0.0e+00 0.0e+00 0.0e+00 35 14  0  0  0  35 14  0  0  0    34
MatAssemblyBegin       3 1.0 8.1496e-04 4.1 0.00e+00 0.0 0.0e+00 0.0e+00 3.0e+00  0  0  0  0  3   0  0  0  0  4     0
MatAssemblyEnd         3 1.0 4.7539e-04 1.2 0.00e+00 0.0 4.0e+00 2.6e+02 5.0e+00  0  0  5  0  5   0  0  5  0  7     0
DMCreateMat            1 1.0 2.2540e-03 1.0 0.00e+00 0.0 4.0e+00 2.6e+02 8.0e+00  2  0  5  0  9   2  0  5  0 11     0
SFSetGraph             5 1.0 5.8096e-04 1.7 0.00e+00 0.0 0.0e+00 0.0e+00 0.0e+00  0  0  0  0  0   0  0  0  0  0     0
SFSetUp                5 1.0 1.0735e-03 1.4 0.00e+00 0.0 2.0e+01 4.0e+02 5.0e+00  1  0 27  1  5   1  0 27  1  7     0
SFPack                13 1.0 1.2809e-05 1.5 0.00e+00 0.0 0.0e+00 0.0e+00 0.0e+00  0  0  0  0  0   0  0  0  0  0     0
SFUnpack              13 1.0 6.1720e-06 1.1 0.00e+00 0.0 0.0e+00 0.0e+00 0.0e+00  0  0  0  0  0   0  0  0  0  0     0
VecView                4 1.0 6.6722e-05 1.1 0.00e+00 0.0 0.0e+00 0.0e+00 0.0e+00  0  0  0  0  0   0  0  0  0  0     0
VecDot                 2 1.0 4.6642e-05 1.0 3.35e+04 1.0 0.0e+00 0.0e+00 2.0e+00  0  1  0  0  2   0  1  0  0  3  1427
VecMDot                2 1.0 1.0407e-04 2.1 3.35e+04 1.0 0.0e+00 0.0e+00 2.0e+00  0  1  0  0  2   0  1  0  0  3   640
VecNorm               11 1.0 3.8006e-04 1.2 1.84e+05 1.0 0.0e+00 0.0e+00 1.1e+01  0  3  0  0 12   0  3  0  0 15   963
VecScale               4 1.0 1.9218e-05 1.0 3.35e+04 1.0 0.0e+00 0.0e+00 0.0e+00  0  1  0  0  0   0  1  0  0  0  3464
VecCopy               11 1.0 9.9810e-05 1.0 0.00e+00 0.0 0.0e+00 0.0e+00 0.0e+00  0  0  0  0  0   0  0  0  0  0     0
VecSet                 4 1.0 7.9563e-05 3.0 0.00e+00 0.0 0.0e+00 0.0e+00 0.0e+00  0  0  0  0  0   0  0  0  0  0     0
VecAXPY                3 1.0 6.7956e-05 1.1 5.03e+04 1.0 0.0e+00 0.0e+00 0.0e+00  0  1  0  0  0   0  1  0  0  0  1469
VecWAXPY               2 1.0 2.1901e-05 1.2 1.68e+04 1.0 0.0e+00 0.0e+00 0.0e+00  0  0  0  0  0   0  0  0  0  0  1520
VecMAXPY               4 1.0 1.0938e-05 1.1 6.71e+04 1.0 0.0e+00 0.0e+00 0.0e+00  0  1  0  0  0   0  1  0  0  0 12171
VecScatterBegin       13 1.0 3.9609e-04 1.0 0.00e+00 0.0 2.6e+01 1.5e+03 0.0e+00  0  0 35  7  0   0  0 35  7  0     0
VecScatterEnd         13 1.0 2.7213e-04 3.1 0.00e+00 0.0 0.0e+00 0.0e+00 0.0e+00  0  0  0  0  0   0  0  0  0  0     0
VecReduceArith         4 1.0 5.1732e-05 1.0 6.71e+04 1.0 0.0e+00 0.0e+00 0.0e+00  0  1  0  0  0   0  1  0  0  0  2573
VecReduceComm          2 1.0 4.0800e-06 1.0 0.00e+00 0.0 0.0e+00 0.0e+00 2.0e+00  0  0  0  0  2   0  0  0  0  3     0
VecNormalize           4 1.0 1.3912e-04 1.7 1.01e+05 1.0 0.0e+00 0.0e+00 4.0e+00  0  2  0  0  4   0  2  0  0  5  1435
KSPSetUp               2 1.0 3.1824e-04 1.1 0.00e+00 0.0 0.0e+00 0.0e+00 0.0e+00  0  0  0  0  0   0  0  0  0  0     0
KSPSolve               2 1.0 2.1312e-02 1.0 5.20e+06 1.1 4.4e+01 6.7e+03 1.6e+01 15 80 59 51 17  15 80 59 51 22   476
KSPGMRESOrthog         2 1.0 1.3072e-04 1.7 6.71e+04 1.0 0.0e+00 0.0e+00 2.0e+00  0  1  0  0  2   0  1  0  0  3  1018
SNESSolve              1 1.0 1.3674e-01 1.0 6.45e+06 1.1 5.8e+01 5.3e+03 2.9e+01 94 99 77 54 32  94 99 77 54 39    92
SNESSetUp              1 1.0 2.3189e-03 1.0 0.00e+00 0.0 4.0e+00 2.6e+02 8.0e+00  2  0  5  0  9   2  0  5  0 11     0
SNESFunctionEval       3 1.0 1.4649e-03 1.0 0.00e+00 0.0 6.0e+00 1.0e+03 0.0e+00  1  0  8  1  0   1  0  8  1  0     0
SNESJacobianEval       2 1.0 2.8541e-03 1.0 0.00e+00 0.0 4.0e+00 1.0e+03 2.0e+00  2  0  5  1  2   2  0  5  1  3     0
SNESLineSearch         2 1.0 1.6278e-03 1.0 3.34e+05 1.0 8.0e+00 1.0e+03 8.0e+00  1  5 11  1  9   1  5 11  1 11   408
PCSetUp                2 1.0 1.0981e-01 1.0 8.96e+05 1.1 0.0e+00 0.0e+00 2.0e+00 75 14  0  0  2  75 14  0  0  3    16
PCApply                4 1.0 2.0291e-02 1.0 4.82e+06 1.1 4.0e+01 7.3e+03 1.0e+01 14 74 53 50 11  14 74 53 50 14   462
------------------------------------------------------------------------------------------------------------------------

Object Type          Creations   Destructions. Reports information only for process 0.

--- Event Stage 0: Main Stage

           Container     3              3
    Distributed Mesh     2              2
              Matrix     4              4
           Index Set    12             12
   IS L to G Mapping     2              2
   Star Forest Graph     9              9
     Discrete System     2              2
           Weak Form     2              2
              Vector    35             35
                SNES     1              1
              DMSNES     1              1
      SNESLineSearch     1              1
       Krylov Solver     1              1
     DMKSP interface     1              1
      Preconditioner     1              1
              Viewer     2              2
========================================================================================================================
Average time to get PetscTime(): 2.37e-08
Average time for MPI_Barrier(): 3.41e-07
Average time for zero size MPI_Send(): 4.0045e-06
#PETSc Option Table entries:
-da_refine 4 # (source: command line)
-ksp_rtol 1e-12 # (source: command line)
-log_view :./q8_results/run_refine4_np2.txt.log # (source: command line)
-pc_factor_mat_solver_type mumps # (source: command line)
-pc_type lu # (source: command line)
-rct_gamma 100 # (source: command line)
-rct_p 3 # (source: command line)
-snes_monitor # (source: command line)
-snes_rtol 1e-10 # (source: command line)
#End of PETSc Option Table entries
Compiled without FORTRAN kernels
Compiled with full precision matrices (default)
sizeof(short) 2 sizeof(int) 4 sizeof(long) 8 sizeof(void*) 8 sizeof(PetscScalar) 8 sizeof(PetscInt) 4
Configure options: --with-cc=mpicc --with-cxx=mpicxx --with-fc=mpif90 --with-debugging=0 --with-shared-libraries=1 --COPTFLAGS="-O3 -march=native" --CXXOPTFLAGS="-O3 -march=native" --FOPTFLAGS="-O3 -march=native" --download-metis --download-parmetis --download-hypre --download-scalapack --download-mumps --with-petsc4py --download-hdf5
-----------------------------------------
Libraries compiled on 2026-02-12 18:20:09 on cetus
Machine characteristics: Linux-6.8.0-94-generic-x86_64-with-glibc2.34
Using PETSc directory: /home/fabg/petsc
Using PETSc arch: apma4302-pkgs-opt
-----------------------------------------

Using C compiler: mpicc  -fPIC -Wall -Wwrite-strings -Wno-unknown-pragmas -Wno-lto-type-mismatch -Wno-stringop-overflow -fstack-protector -fvisibility=hidden -O3 -march=native 
Using Fortran compiler: mpif90  -fPIC -Wall -ffree-line-length-none -ffree-line-length-0 -Wno-lto-type-mismatch -Wno-unused-dummy-argument -O3 -march=native   
-----------------------------------------

Using include paths: -I/home/fabg/petsc/include -I/home/fabg/petsc/apma4302-pkgs-opt/include
-----------------------------------------

Using C linker: mpicc
Using Fortran linker: mpif90
Using libraries: -Wl,-rpath,/home/fabg/petsc/apma4302-pkgs-opt/lib -L/home/fabg/petsc/apma4302-pkgs-opt/lib -lpetsc -Wl,-rpath,/home/fabg/petsc/apma4302-pkgs-opt/lib -L/home/fabg/petsc/apma4302-pkgs-opt/lib -Wl,-rpath,/usr/lib/x86_64-linux-gnu/openmpi/lib/fortran/gfortran -L/usr/lib/x86_64-linux-gnu/openmpi/lib/fortran/gfortran -Wl,-rpath,/usr/lib/gcc/x86_64-linux-gnu/11 -L/usr/lib/gcc/x86_64-linux-gnu/11 -lHYPRE -ldmumps -lmumps_common -lpord -lpthread -lscalapack -llapack -lblas -lhdf5_hl -lhdf5 -lparmetis -lmetis -lm -lX11 -lmpi_usempif08 -lmpi_usempi_ignore_tkr -lmpi_mpifh -lmpi -lopen-rte -lopen-pal -lhwloc -levent_core -levent_pthreads -lgfortran -lm -lz -lgfortran -lm -lgfortran -lgcc_s -lquadmath -lstdc++ -lquadmath
-----------------------------------------

