****************************************************************************************************************************************************************
***                                WIDEN YOUR WINDOW TO 160 CHARACTERS.  Use 'enscript -r -fCourier9' to print this document                                 ***
****************************************************************************************************************************************************************

------------------------------------------------------------------ PETSc Performance Summary: ------------------------------------------------------------------

./reaction2d on a apma4302-pkgs-opt named cetus with 4 processes, by fabg on Mon Mar 23 12:15:47 2026
Using PETSc Release Version 3.24.3, unknown

                         Max       Max/Min     Avg       Total
Time (sec):           4.185e-01     1.000   4.185e-01
Objects:              0.000e+00     0.000   0.000e+00
Flops:                1.493e+07     1.110   1.420e+07  5.682e+07
Flops/sec:            3.568e+07     1.110   3.394e+07  1.358e+08
MPI Msg Count:        8.050e+01     1.095   7.825e+01  3.130e+02
MPI Msg Len (bytes):  1.671e+06     2.682   1.481e+04  4.637e+06
MPI Reductions:       9.200e+01     1.000

Flop counting convention: 1 flop = 1 real number operation of type (multiply/divide/add/subtract)
                            e.g., VecAXPY() for real vectors of length N --> 2N flops
                            and VecAXPY() for complex vectors of length N --> 8N flops

Summary of Stages:   ----- Time ------  ----- Flop ------  --- Messages ---  -- Message Lengths --  -- Reductions --
                        Avg     %Total     Avg     %Total    Count   %Total     Avg         %Total    Count   %Total
 0:      Main Stage: 4.1845e-01 100.0%  5.6816e+07 100.0%  3.130e+02 100.0%  1.481e+04      100.0%  7.400e+01  80.4%

------------------------------------------------------------------------------------------------------------------------
See the 'Profiling' chapter of the users' manual for details on interpreting output.
Phase summary info:
   Count: number of times phase was executed
   Time and Flop: Max - maximum over all processes
                  Ratio - ratio of maximum to minimum over all processes
   Mess: number of messages sent
   AvgLen: average message length (bytes)
   Reduct: number of global reductions
   Global: entire computation
   Stage: stages of a computation. Set stages with PetscLogStagePush() and PetscLogStagePop().
      %T - percent time in this phase         %F - percent flop in this phase
      %M - percent messages in this phase     %L - percent message lengths in this phase
      %R - percent reductions in this phase
   Total Mflop/s: 1e-6 * (sum of flop over all processes)/(max time over all processes)
------------------------------------------------------------------------------------------------------------------------
Event                Count      Time (sec)     Flop                              --- Global ---  --- Stage ----  Total
                   Max Ratio  Max     Ratio   Max  Ratio  Mess   AvgLen  Reduct  %T %F %M %L %R  %T %F %M %L %R Mflop/s
------------------------------------------------------------------------------------------------------------------------

--- Event Stage 0: Main Stage

BuildTwoSided          8 1.0 4.0812e-03 8.3 0.00e+00 0.0 4.6e+01 4.0e+00 8.0e+00  1  0 15  0  9   1  0 15  0 11     0
BuildTwoSidedF         3 1.0 1.6488e-03 4.7 0.00e+00 0.0 0.0e+00 0.0e+00 3.0e+00  0  0  0  0  3   0  0  0  0  4     0
MatMult                4 1.0 1.0973e-03 1.2 5.97e+05 1.0 3.2e+01 1.0e+03 0.0e+00  0  4 10  1  0   0  4 10  1  0  2159
MatSolve               4 1.0 4.0907e-02 1.0 1.10e+07 1.1 1.8e+02 1.7e+04 1.0e+01 10 73 57 64 11  10 73 57 64 14  1016
MatLUFactorSym         1 1.0 2.1559e-01 1.0 0.00e+00 0.0 0.0e+00 0.0e+00 0.0e+00 52  0  0  0  0  52  0  0  0  0     0
MatLUFactorNum         2 1.0 1.3306e-01 1.0 2.57e+06 1.3 0.0e+00 0.0e+00 0.0e+00 32 16  0  0  0  32 16  0  0  0    68
MatAssemblyBegin       3 1.0 1.6791e-03 4.4 0.00e+00 0.0 0.0e+00 0.0e+00 3.0e+00  0  0  0  0  3   0  0  0  0  4     0
MatAssemblyEnd         3 1.0 5.6598e-04 1.0 0.00e+00 0.0 1.6e+01 2.6e+02 5.0e+00  0  0  5  0  5   0  0  5  0  7     0
DMCreateMat            1 1.0 5.3694e-03 1.2 0.00e+00 0.0 1.6e+01 2.6e+02 8.0e+00  1  0  5  0  9   1  0  5  0 11     0
SFSetGraph             5 1.0 2.4801e-03 2.2 0.00e+00 0.0 0.0e+00 0.0e+00 0.0e+00  0  0  0  0  0   0  0  0  0  0     0
SFSetUp                5 1.0 3.6093e-03 2.0 0.00e+00 0.0 9.2e+01 4.3e+03 5.0e+00  1  0 29  8  5   1  0 29  8  7     0
SFPack                13 1.0 1.9001e-04 7.0 0.00e+00 0.0 0.0e+00 0.0e+00 0.0e+00  0  0  0  0  0   0  0  0  0  0     0
SFUnpack              13 1.0 1.1289e-04 8.9 0.00e+00 0.0 0.0e+00 0.0e+00 0.0e+00  0  0  0  0  0   0  0  0  0  0     0
VecView                4 1.0 1.5652e-04 1.5 0.00e+00 0.0 0.0e+00 0.0e+00 0.0e+00  0  0  0  0  0   0  0  0  0  0     0
VecDot                 2 1.0 7.1207e-05 1.4 6.66e+04 1.0 0.0e+00 0.0e+00 2.0e+00  0  0  0  0  2   0  0  0  0  3  3710
VecMDot                2 1.0 8.1955e-05 1.8 6.66e+04 1.0 0.0e+00 0.0e+00 2.0e+00  0  0  0  0  2   0  0  0  0  3  3224
VecNorm               11 1.0 2.6122e-03 1.9 3.66e+05 1.0 0.0e+00 0.0e+00 1.1e+01  0  3  0  0 12   0  3  0  0 15   556
VecScale               4 1.0 2.3360e-05 1.3 6.66e+04 1.0 0.0e+00 0.0e+00 0.0e+00  0  0  0  0  0   0  0  0  0  0 11310
VecCopy               11 1.0 2.3693e-04 1.4 0.00e+00 0.0 0.0e+00 0.0e+00 0.0e+00  0  0  0  0  0   0  0  0  0  0     0
VecSet                 4 1.0 1.0293e-04 2.3 0.00e+00 0.0 0.0e+00 0.0e+00 0.0e+00  0  0  0  0  0   0  0  0  0  0     0
VecAXPY                3 1.0 7.7867e-05 1.5 9.98e+04 1.0 0.0e+00 0.0e+00 0.0e+00  0  1  0  0  0   0  1  0  0  0  5089
VecWAXPY               2 1.0 3.1234e-05 1.3 3.33e+04 1.0 0.0e+00 0.0e+00 0.0e+00  0  0  0  0  0   0  0  0  0  0  4229
VecMAXPY               4 1.0 2.2737e-05 1.3 1.33e+05 1.0 0.0e+00 0.0e+00 0.0e+00  0  1  0  0  0   0  1  0  0  0 23239
VecScatterBegin       13 1.0 3.2844e-04 1.2 0.00e+00 0.0 1.2e+02 1.4e+04 0.0e+00  0  0 37 34  0   0  0 37 34  0     0
VecScatterEnd         13 1.0 5.1786e-04 1.8 0.00e+00 0.0 0.0e+00 0.0e+00 0.0e+00  0  0  0  0  0   0  0  0  0  0     0
VecReduceArith         4 1.0 7.0165e-05 1.3 1.33e+05 1.0 0.0e+00 0.0e+00 0.0e+00  0  1  0  0  0   0  1  0  0  0  7530
VecReduceComm          2 1.0 5.6784e-05 5.2 0.00e+00 0.0 0.0e+00 0.0e+00 2.0e+00  0  0  0  0  2   0  0  0  0  3     0
VecNormalize           4 1.0 1.6040e-04 1.4 2.00e+05 1.0 0.0e+00 0.0e+00 4.0e+00  0  1  0  0  4   0  1  0  0  5  4941
KSPSetUp               2 1.0 4.3867e-04 1.1 0.00e+00 0.0 0.0e+00 0.0e+00 0.0e+00  0  0  0  0  0   0  0  0  0  0     0
KSPSolve               2 1.0 4.2002e-02 1.0 1.17e+07 1.1 1.9e+02 1.5e+04 1.6e+01 10 78 62 64 17  10 78 62 64 22  1061
KSPGMRESOrthog         2 1.0 1.0119e-04 1.6 1.33e+05 1.0 0.0e+00 0.0e+00 2.0e+00  0  1  0  0  2   0  1  0  0  3  5222
SNESSolve              1 1.0 4.0002e-01 1.0 1.48e+07 1.1 2.5e+02 1.2e+04 2.9e+01 96 99 80 65 32  96 99 80 65 39   141
SNESSetUp              1 1.0 5.4390e-03 1.2 0.00e+00 0.0 1.6e+01 2.6e+02 8.0e+00  1  0  5  0  9   1  0  5  0 11     0
SNESFunctionEval       3 1.0 3.1922e-03 1.4 0.00e+00 0.0 2.4e+01 1.0e+03 0.0e+00  1  0  8  1  0   1  0  8  1  0     0
SNESJacobianEval       2 1.0 3.9827e-03 1.0 0.00e+00 0.0 1.6e+01 1.0e+03 2.0e+00  1  0  5  0  2   1  0  5  0  3     0
SNESLineSearch         2 1.0 3.1141e-03 1.0 6.65e+05 1.0 3.2e+01 1.0e+03 8.0e+00  1  5 10  1  9   1  5 10  1 11   847
PCSetUp                2 1.0 3.4873e-01 1.0 2.57e+06 1.3 0.0e+00 0.0e+00 2.0e+00 83 16  0  0  2  83 16  0  0  3    26
PCApply                4 1.0 4.0920e-02 1.0 1.10e+07 1.1 1.8e+02 1.7e+04 1.0e+01 10 73 57 64 11  10 73 57 64 14  1015
------------------------------------------------------------------------------------------------------------------------

Object Type          Creations   Destructions. Reports information only for process 0.

--- Event Stage 0: Main Stage

           Container     3              3
    Distributed Mesh     2              2
              Matrix     4              4
           Index Set    12             12
   IS L to G Mapping     2              2
   Star Forest Graph     9              9
     Discrete System     2              2
           Weak Form     2              2
              Vector    35             35
                SNES     1              1
              DMSNES     1              1
      SNESLineSearch     1              1
       Krylov Solver     1              1
     DMKSP interface     1              1
      Preconditioner     1              1
              Viewer     2              2
========================================================================================================================
Average time to get PetscTime(): 2.15e-08
Average time for MPI_Barrier(): 9.508e-07
Average time for zero size MPI_Send(): 7.36675e-06
#PETSc Option Table entries:
-da_refine 5 # (source: command line)
-ksp_rtol 1e-12 # (source: command line)
-log_view :./q8_results/run_refine5_np4.txt.log # (source: command line)
-pc_factor_mat_solver_type mumps # (source: command line)
-pc_type lu # (source: command line)
-rct_gamma 100 # (source: command line)
-rct_p 3 # (source: command line)
-snes_monitor # (source: command line)
-snes_rtol 1e-10 # (source: command line)
#End of PETSc Option Table entries
Compiled without FORTRAN kernels
Compiled with full precision matrices (default)
sizeof(short) 2 sizeof(int) 4 sizeof(long) 8 sizeof(void*) 8 sizeof(PetscScalar) 8 sizeof(PetscInt) 4
Configure options: --with-cc=mpicc --with-cxx=mpicxx --with-fc=mpif90 --with-debugging=0 --with-shared-libraries=1 --COPTFLAGS="-O3 -march=native" --CXXOPTFLAGS="-O3 -march=native" --FOPTFLAGS="-O3 -march=native" --download-metis --download-parmetis --download-hypre --download-scalapack --download-mumps --with-petsc4py --download-hdf5
-----------------------------------------
Libraries compiled on 2026-02-12 18:20:09 on cetus
Machine characteristics: Linux-6.8.0-94-generic-x86_64-with-glibc2.34
Using PETSc directory: /home/fabg/petsc
Using PETSc arch: apma4302-pkgs-opt
-----------------------------------------

Using C compiler: mpicc  -fPIC -Wall -Wwrite-strings -Wno-unknown-pragmas -Wno-lto-type-mismatch -Wno-stringop-overflow -fstack-protector -fvisibility=hidden -O3 -march=native 
Using Fortran compiler: mpif90  -fPIC -Wall -ffree-line-length-none -ffree-line-length-0 -Wno-lto-type-mismatch -Wno-unused-dummy-argument -O3 -march=native   
-----------------------------------------

Using include paths: -I/home/fabg/petsc/include -I/home/fabg/petsc/apma4302-pkgs-opt/include
-----------------------------------------

Using C linker: mpicc
Using Fortran linker: mpif90
Using libraries: -Wl,-rpath,/home/fabg/petsc/apma4302-pkgs-opt/lib -L/home/fabg/petsc/apma4302-pkgs-opt/lib -lpetsc -Wl,-rpath,/home/fabg/petsc/apma4302-pkgs-opt/lib -L/home/fabg/petsc/apma4302-pkgs-opt/lib -Wl,-rpath,/usr/lib/x86_64-linux-gnu/openmpi/lib/fortran/gfortran -L/usr/lib/x86_64-linux-gnu/openmpi/lib/fortran/gfortran -Wl,-rpath,/usr/lib/gcc/x86_64-linux-gnu/11 -L/usr/lib/gcc/x86_64-linux-gnu/11 -lHYPRE -ldmumps -lmumps_common -lpord -lpthread -lscalapack -llapack -lblas -lhdf5_hl -lhdf5 -lparmetis -lmetis -lm -lX11 -lmpi_usempif08 -lmpi_usempi_ignore_tkr -lmpi_mpifh -lmpi -lopen-rte -lopen-pal -lhwloc -levent_core -levent_pthreads -lgfortran -lm -lz -lgfortran -lm -lgfortran -lgcc_s -lquadmath -lstdc++ -lquadmath
-----------------------------------------

