****************************************************************************************************************************************************************
***                                WIDEN YOUR WINDOW TO 160 CHARACTERS.  Use 'enscript -r -fCourier9' to print this document                                 ***
****************************************************************************************************************************************************************

------------------------------------------------------------------ PETSc Performance Summary: ------------------------------------------------------------------

./reaction2d on a apma4302-pkgs-opt named cetus with 2 processes, by fabg on Mon Mar 23 12:15:23 2026
Using PETSc Release Version 3.24.3, unknown

                         Max       Max/Min     Avg       Total
Time (sec):           1.408e-02     1.001   1.407e-02
Objects:              0.000e+00     0.000   0.000e+00
Flops:                3.735e+05     2.040   2.783e+05  5.566e+05
Flops/sec:            2.656e+07     2.043   1.978e+07  3.956e+07
MPI Msg Count:        3.750e+01     1.000   3.750e+01  7.500e+01
MPI Msg Len (bytes):  2.686e+04     1.126   6.763e+02  5.072e+04
MPI Reductions:       9.200e+01     1.000

Flop counting convention: 1 flop = 1 real number operation of type (multiply/divide/add/subtract)
                            e.g., VecAXPY() for real vectors of length N --> 2N flops
                            and VecAXPY() for complex vectors of length N --> 8N flops

Summary of Stages:   ----- Time ------  ----- Flop ------  --- Messages ---  -- Message Lengths --  -- Reductions --
                        Avg     %Total     Avg     %Total    Count   %Total     Avg         %Total    Count   %Total
 0:      Main Stage: 1.4055e-02  99.9%  5.5662e+05 100.0%  7.500e+01 100.0%  6.763e+02      100.0%  7.400e+01  80.4%

------------------------------------------------------------------------------------------------------------------------
See the 'Profiling' chapter of the users' manual for details on interpreting output.
Phase summary info:
   Count: number of times phase was executed
   Time and Flop: Max - maximum over all processes
                  Ratio - ratio of maximum to minimum over all processes
   Mess: number of messages sent
   AvgLen: average message length (bytes)
   Reduct: number of global reductions
   Global: entire computation
   Stage: stages of a computation. Set stages with PetscLogStagePush() and PetscLogStagePop().
      %T - percent time in this phase         %F - percent flop in this phase
      %M - percent messages in this phase     %L - percent message lengths in this phase
      %R - percent reductions in this phase
   Total Mflop/s: 1e-6 * (sum of flop over all processes)/(max time over all processes)
------------------------------------------------------------------------------------------------------------------------
Event                Count      Time (sec)     Flop                              --- Global ---  --- Stage ----  Total
                   Max Ratio  Max     Ratio   Max  Ratio  Mess   AvgLen  Reduct  %T %F %M %L %R  %T %F %M %L %R Mflop/s
------------------------------------------------------------------------------------------------------------------------

--- Event Stage 0: Main Stage

BuildTwoSided          8 1.0 1.4288e-04 2.1 0.00e+00 0.0 1.0e+01 4.0e+00 8.0e+00  1  0 13  0  9   1  0 13  0 11     0
BuildTwoSidedF         3 1.0 6.7123e-05 6.5 0.00e+00 0.0 0.0e+00 0.0e+00 3.0e+00  0  0  0  0  3   0  0  0  0  4     0
MatMult                4 1.0 3.1373e-05 1.0 1.97e+04 1.1 8.0e+00 2.6e+02 0.0e+00  0  7 11  4  0   0  7 11  4  0  1216
MatSolve               4 1.0 1.3418e-03 1.0 3.04e+05 2.5 4.0e+01 7.0e+02 1.0e+01 10 76 53 55 11  10 76 53 55 14   316
MatLUFactorSym         1 1.0 2.4258e-03 1.0 0.00e+00 0.0 0.0e+00 0.0e+00 0.0e+00 17  0  0  0  0  17  0  0  0  0     0
MatLUFactorNum         2 1.0 3.0311e-03 1.0 2.06e+04 2.0 0.0e+00 0.0e+00 0.0e+00 22  6  0  0  0  22  6  0  0  0    10
MatAssemblyBegin       3 1.0 9.8530e-05 2.4 0.00e+00 0.0 0.0e+00 0.0e+00 3.0e+00  0  0  0  0  3   0  0  0  0  4     0
MatAssemblyEnd         3 1.0 1.0466e-04 1.0 0.00e+00 0.0 4.0e+00 6.8e+01 5.0e+00  1  0  5  1  5   1  0  5  1  7     0
DMCreateMat            1 1.0 5.0449e-04 1.0 0.00e+00 0.0 4.0e+00 6.8e+01 8.0e+00  4  0  5  1  9   4  0  5  1 11     0
SFSetGraph             5 1.0 9.7142e-05 1.5 0.00e+00 0.0 0.0e+00 0.0e+00 0.0e+00  1  0  0  0  0   1  0  0  0  0     0
SFSetUp                5 1.0 2.0680e-04 1.1 0.00e+00 0.0 2.0e+01 1.5e+02 5.0e+00  1  0 27  6  5   1  0 27  6  7     0
SFPack                13 1.0 2.4740e-06 1.0 0.00e+00 0.0 0.0e+00 0.0e+00 0.0e+00  0  0  0  0  0   0  0  0  0  0     0
SFUnpack              13 1.0 2.9950e-06 1.4 0.00e+00 0.0 0.0e+00 0.0e+00 0.0e+00  0  0  0  0  0   0  0  0  0  0     0
VecView                4 1.0 1.8195e-05 1.0 0.00e+00 0.0 0.0e+00 0.0e+00 0.0e+00  0  0  0  0  0   0  0  0  0  0     0
VecDot                 2 1.0 4.5090e-06 1.1 2.24e+03 1.1 0.0e+00 0.0e+00 2.0e+00  0  1  0  0  2   0  1  0  0  3   965
VecMDot                2 1.0 6.8990e-06 1.5 2.24e+03 1.1 0.0e+00 0.0e+00 2.0e+00  0  1  0  0  2   0  1  0  0  3   631
VecNorm               11 1.0 1.3538e-04 3.9 1.23e+04 1.1 0.0e+00 0.0e+00 1.1e+01  1  4  0  0 12   1  4  0  0 15   177
VecScale               4 1.0 3.6860e-06 1.1 2.24e+03 1.1 0.0e+00 0.0e+00 0.0e+00  0  1  0  0  0   0  1  0  0  0  1182
VecCopy               11 1.0 1.2786e-05 1.4 0.00e+00 0.0 0.0e+00 0.0e+00 0.0e+00  0  0  0  0  0   0  0  0  0  0     0
VecSet                 4 1.0 3.9980e-06 1.3 0.00e+00 0.0 0.0e+00 0.0e+00 0.0e+00  0  0  0  0  0   0  0  0  0  0     0
VecAXPY                3 1.0 4.2140e-06 1.3 3.37e+03 1.1 0.0e+00 0.0e+00 0.0e+00  0  1  0  0  0   0  1  0  0  0  1551
VecWAXPY               2 1.0 1.0140e-06 1.0 1.12e+03 1.1 0.0e+00 0.0e+00 0.0e+00  0  0  0  0  0   0  0  0  0  0  2148
VecMAXPY               4 1.0 1.7520e-06 1.1 4.49e+03 1.1 0.0e+00 0.0e+00 0.0e+00  0  2  0  0  0   0  2  0  0  0  4973
VecScatterBegin       13 1.0 6.2961e-05 1.2 0.00e+00 0.0 2.6e+01 5.0e+02 0.0e+00  0  0 35 26  0   0  0 35 26  0     0
VecScatterEnd         13 1.0 1.2056e-04 3.5 0.00e+00 0.0 0.0e+00 0.0e+00 0.0e+00  1  0  0  0  0   1  0  0  0  0     0
VecReduceArith         4 1.0 3.3210e-06 1.2 4.48e+03 1.1 0.0e+00 0.0e+00 0.0e+00  0  2  0  0  0   0  2  0  0  0  2621
VecReduceComm          2 1.0 9.2910e-06 4.2 0.00e+00 0.0 0.0e+00 0.0e+00 2.0e+00  0  0  0  0  2   0  0  0  0  3     0
VecNormalize           4 1.0 1.6515e-05 1.1 6.73e+03 1.1 0.0e+00 0.0e+00 4.0e+00  0  2  0  0  4   0  2  0  0  5   791
KSPSetUp               2 1.0 6.6172e-05 1.0 0.00e+00 0.0 0.0e+00 0.0e+00 0.0e+00  0  0  0  0  0   0  0  0  0  0     0
KSPSolve               2 1.0 1.4289e-03 1.0 3.28e+05 2.2 4.4e+01 6.6e+02 1.6e+01 10 85 59 57 17  10 85 59 57 22   332
KSPGMRESOrthog         2 1.0 1.2245e-05 1.2 4.49e+03 1.1 0.0e+00 0.0e+00 2.0e+00  0  2  0  0  2   0  2  0  0  3   711
SNESSolve              1 1.0 7.7889e-03 1.0 3.70e+05 2.1 5.8e+01 5.6e+02 2.9e+01 55 99 77 64 32  55 99 77 64 39    71
SNESSetUp              1 1.0 5.3050e-04 1.0 0.00e+00 0.0 4.0e+00 6.8e+01 8.0e+00  4  0  5  1  9   4  0  5  1 11     0
SNESFunctionEval       3 1.0 2.1893e-04 1.1 0.00e+00 0.0 6.0e+00 2.6e+02 0.0e+00  2  0  8  3  0   2  0  8  3  0     0
SNESJacobianEval       2 1.0 3.7533e-04 1.2 0.00e+00 0.0 4.0e+00 2.6e+02 2.0e+00  2  0  5  2  2   2  0  5  2  3     0
SNESLineSearch         2 1.0 1.5038e-04 1.1 2.22e+04 1.1 8.0e+00 2.6e+02 8.0e+00  1  8 11  4  9   1  8 11  4 11   286
PCSetUp                2 1.0 5.5130e-03 1.0 2.06e+04 2.0 0.0e+00 0.0e+00 2.0e+00 39  6  0  0  2  39  6  0  0  3     6
PCApply                4 1.0 1.3445e-03 1.0 3.04e+05 2.5 4.0e+01 7.0e+02 1.0e+01 10 76 53 55 11  10 76 53 55 14   316
------------------------------------------------------------------------------------------------------------------------

Object Type          Creations   Destructions. Reports information only for process 0.

--- Event Stage 0: Main Stage

           Container     3              3
    Distributed Mesh     2              2
              Matrix     4              4
           Index Set    12             12
   IS L to G Mapping     2              2
   Star Forest Graph     9              9
     Discrete System     2              2
           Weak Form     2              2
              Vector    35             35
                SNES     1              1
              DMSNES     1              1
      SNESLineSearch     1              1
       Krylov Solver     1              1
     DMKSP interface     1              1
      Preconditioner     1              1
              Viewer     2              2
========================================================================================================================
Average time to get PetscTime(): 2.35e-08
Average time for MPI_Barrier(): 3.64e-07
Average time for zero size MPI_Send(): 1.957e-06
#PETSc Option Table entries:
-da_refine 2 # (source: command line)
-ksp_rtol 1e-12 # (source: command line)
-log_view :./q8_results/run_refine2_np2.txt.log # (source: command line)
-pc_factor_mat_solver_type mumps # (source: command line)
-pc_type lu # (source: command line)
-rct_gamma 100 # (source: command line)
-rct_p 3 # (source: command line)
-snes_monitor # (source: command line)
-snes_rtol 1e-10 # (source: command line)
#End of PETSc Option Table entries
Compiled without FORTRAN kernels
Compiled with full precision matrices (default)
sizeof(short) 2 sizeof(int) 4 sizeof(long) 8 sizeof(void*) 8 sizeof(PetscScalar) 8 sizeof(PetscInt) 4
Configure options: --with-cc=mpicc --with-cxx=mpicxx --with-fc=mpif90 --with-debugging=0 --with-shared-libraries=1 --COPTFLAGS="-O3 -march=native" --CXXOPTFLAGS="-O3 -march=native" --FOPTFLAGS="-O3 -march=native" --download-metis --download-parmetis --download-hypre --download-scalapack --download-mumps --with-petsc4py --download-hdf5
-----------------------------------------
Libraries compiled on 2026-02-12 18:20:09 on cetus
Machine characteristics: Linux-6.8.0-94-generic-x86_64-with-glibc2.34
Using PETSc directory: /home/fabg/petsc
Using PETSc arch: apma4302-pkgs-opt
-----------------------------------------

Using C compiler: mpicc  -fPIC -Wall -Wwrite-strings -Wno-unknown-pragmas -Wno-lto-type-mismatch -Wno-stringop-overflow -fstack-protector -fvisibility=hidden -O3 -march=native 
Using Fortran compiler: mpif90  -fPIC -Wall -ffree-line-length-none -ffree-line-length-0 -Wno-lto-type-mismatch -Wno-unused-dummy-argument -O3 -march=native   
-----------------------------------------

Using include paths: -I/home/fabg/petsc/include -I/home/fabg/petsc/apma4302-pkgs-opt/include
-----------------------------------------

Using C linker: mpicc
Using Fortran linker: mpif90
Using libraries: -Wl,-rpath,/home/fabg/petsc/apma4302-pkgs-opt/lib -L/home/fabg/petsc/apma4302-pkgs-opt/lib -lpetsc -Wl,-rpath,/home/fabg/petsc/apma4302-pkgs-opt/lib -L/home/fabg/petsc/apma4302-pkgs-opt/lib -Wl,-rpath,/usr/lib/x86_64-linux-gnu/openmpi/lib/fortran/gfortran -L/usr/lib/x86_64-linux-gnu/openmpi/lib/fortran/gfortran -Wl,-rpath,/usr/lib/gcc/x86_64-linux-gnu/11 -L/usr/lib/gcc/x86_64-linux-gnu/11 -lHYPRE -ldmumps -lmumps_common -lpord -lpthread -lscalapack -llapack -lblas -lhdf5_hl -lhdf5 -lparmetis -lmetis -lm -lX11 -lmpi_usempif08 -lmpi_usempi_ignore_tkr -lmpi_mpifh -lmpi -lopen-rte -lopen-pal -lhwloc -levent_core -levent_pthreads -lgfortran -lm -lz -lgfortran -lm -lgfortran -lgcc_s -lquadmath -lstdc++ -lquadmath
-----------------------------------------

