****************************************************************************************************************************************************************
***                                WIDEN YOUR WINDOW TO 160 CHARACTERS.  Use 'enscript -r -fCourier9' to print this document                                 ***
****************************************************************************************************************************************************************

------------------------------------------------------------------ PETSc Performance Summary: ------------------------------------------------------------------

./reaction2d on a apma4302-pkgs-opt named cetus with 4 processes, by fabg on Mon Mar 23 12:16:03 2026
Using PETSc Release Version 3.24.3, unknown

                         Max       Max/Min     Avg       Total
Time (sec):           2.124e+00     1.000   2.124e+00
Objects:              0.000e+00     0.000   0.000e+00
Flops:                6.700e+07     1.091   6.341e+07  2.536e+08
Flops/sec:            3.154e+07     1.091   2.985e+07  1.194e+08
MPI Msg Count:        8.050e+01     1.211   7.325e+01  2.930e+02
MPI Msg Len (bytes):  6.888e+06     1.519   7.117e+04  2.085e+07
MPI Reductions:       9.200e+01     1.000

Flop counting convention: 1 flop = 1 real number operation of type (multiply/divide/add/subtract)
                            e.g., VecAXPY() for real vectors of length N --> 2N flops
                            and VecAXPY() for complex vectors of length N --> 8N flops

Summary of Stages:   ----- Time ------  ----- Flop ------  --- Messages ---  -- Message Lengths --  -- Reductions --
                        Avg     %Total     Avg     %Total    Count   %Total     Avg         %Total    Count   %Total
 0:      Main Stage: 2.1243e+00 100.0%  2.5365e+08 100.0%  2.930e+02 100.0%  7.117e+04      100.0%  7.400e+01  80.4%

------------------------------------------------------------------------------------------------------------------------
See the 'Profiling' chapter of the users' manual for details on interpreting output.
Phase summary info:
   Count: number of times phase was executed
   Time and Flop: Max - maximum over all processes
                  Ratio - ratio of maximum to minimum over all processes
   Mess: number of messages sent
   AvgLen: average message length (bytes)
   Reduct: number of global reductions
   Global: entire computation
   Stage: stages of a computation. Set stages with PetscLogStagePush() and PetscLogStagePop().
      %T - percent time in this phase         %F - percent flop in this phase
      %M - percent messages in this phase     %L - percent message lengths in this phase
      %R - percent reductions in this phase
   Total Mflop/s: 1e-6 * (sum of flop over all processes)/(max time over all processes)
------------------------------------------------------------------------------------------------------------------------
Event                Count      Time (sec)     Flop                              --- Global ---  --- Stage ----  Total
                   Max Ratio  Max     Ratio   Max  Ratio  Mess   AvgLen  Reduct  %T %F %M %L %R  %T %F %M %L %R Mflop/s
------------------------------------------------------------------------------------------------------------------------

--- Event Stage 0: Main Stage

BuildTwoSided          8 1.0 1.8991e-02 2.1 0.00e+00 0.0 4.4e+01 4.0e+00 8.0e+00  1  0 15  0  9   1  0 15  0 11     0
BuildTwoSidedF         3 1.0 1.3446e-02 2.4 0.00e+00 0.0 0.0e+00 0.0e+00 3.0e+00  0  0  0  0  3   0  0  0  0  4     0
MatMult                4 1.0 2.4977e-03 1.0 2.37e+06 1.0 3.2e+01 2.1e+03 0.0e+00  0  4 11  0  0   0  4 11  0  0  3787
MatSolve               4 1.0 7.5784e-02 1.0 4.87e+07 1.1 1.6e+02 9.1e+04 1.0e+01  4 73 54 69 11   4 73 54 69 14  2431
MatLUFactorSym         1 1.0 1.0108e+00 1.0 0.00e+00 0.0 0.0e+00 0.0e+00 0.0e+00 48  0  0  0  0  48  0  0  0  0     0
MatLUFactorNum         2 1.0 9.4529e-01 1.0 1.22e+07 1.1 0.0e+00 0.0e+00 0.0e+00 44 18  0  0  0  44 18  0  0  0    47
MatAssemblyBegin       3 1.0 1.3483e-02 2.4 0.00e+00 0.0 0.0e+00 0.0e+00 3.0e+00  0  0  0  0  3   0  0  0  0  4     0
MatAssemblyEnd         3 1.0 2.2271e-03 1.0 0.00e+00 0.0 1.6e+01 5.2e+02 5.0e+00  0  0  5  0  5   0  0  5  0  7     0
DMCreateMat            1 1.0 1.9308e-02 1.0 0.00e+00 0.0 1.6e+01 5.2e+02 8.0e+00  1  0  5  0  9   1  0  5  0 11     0
SFSetGraph             5 1.0 6.7413e-03 1.6 0.00e+00 0.0 0.0e+00 0.0e+00 0.0e+00  0  0  0  0  0   0  0  0  0  0     0
SFSetUp                5 1.0 1.0254e-02 1.4 0.00e+00 0.0 8.8e+01 2.3e+04 5.0e+00  0  0 30 10  5   0  0 30 10  7     0
SFPack                13 1.0 4.8058e-04 1.1 0.00e+00 0.0 0.0e+00 0.0e+00 0.0e+00  0  0  0  0  0   0  0  0  0  0     0
SFUnpack              13 1.0 3.0463e-04 1.1 0.00e+00 0.0 0.0e+00 0.0e+00 0.0e+00  0  0  0  0  0   0  0  0  0  0     0
VecView                4 1.0 6.3491e-04 1.0 0.00e+00 0.0 0.0e+00 0.0e+00 0.0e+00  0  0  0  0  0   0  0  0  0  0     0
VecDot                 2 1.0 1.9002e-04 1.1 2.64e+05 1.0 0.0e+00 0.0e+00 2.0e+00  0  0  0  0  2   0  0  0  0  3  5540
VecMDot                2 1.0 1.6695e-04 1.2 2.64e+05 1.0 0.0e+00 0.0e+00 2.0e+00  0  0  0  0  2   0  0  0  0  3  6305
VecNorm               11 1.0 6.9268e-03 1.7 1.45e+06 1.0 0.0e+00 0.0e+00 1.1e+01  0  2  0  0 12   0  2  0  0 15   836
VecScale               4 1.0 7.2452e-05 1.0 2.64e+05 1.0 0.0e+00 0.0e+00 0.0e+00  0  0  0  0  0   0  0  0  0  0 14529
VecCopy               11 1.0 9.9459e-04 1.0 0.00e+00 0.0 0.0e+00 0.0e+00 0.0e+00  0  0  0  0  0   0  0  0  0  0     0
VecSet                 4 1.0 1.9433e-04 1.0 0.00e+00 0.0 0.0e+00 0.0e+00 0.0e+00  0  0  0  0  0   0  0  0  0  0     0
VecAXPY                3 1.0 2.4766e-04 1.1 3.96e+05 1.0 0.0e+00 0.0e+00 0.0e+00  0  1  0  0  0   0  1  0  0  0  6376
VecWAXPY               2 1.0 1.9809e-04 1.1 1.32e+05 1.0 0.0e+00 0.0e+00 0.0e+00  0  0  0  0  0   0  0  0  0  0  2657
VecMAXPY               4 1.0 1.1159e-04 1.1 5.28e+05 1.0 0.0e+00 0.0e+00 0.0e+00  0  1  0  0  0   0  1  0  0  0 18867
VecScatterBegin       13 1.0 9.6328e-04 1.0 0.00e+00 0.0 1.1e+02 7.4e+04 0.0e+00  0  0 38 40  0   0  0 38 40  0     0
VecScatterEnd         13 1.0 9.5045e-04 1.2 0.00e+00 0.0 0.0e+00 0.0e+00 0.0e+00  0  0  0  0  0   0  0  0  0  0     0
VecReduceArith         4 1.0 2.9345e-04 1.0 5.28e+05 1.0 0.0e+00 0.0e+00 0.0e+00  0  1  0  0  0   0  1  0  0  0  7175
VecReduceComm          2 1.0 2.5370e-05 4.3 0.00e+00 0.0 0.0e+00 0.0e+00 2.0e+00  0  0  0  0  2   0  0  0  0  3     0
VecNormalize           4 1.0 3.0316e-04 1.3 7.93e+05 1.0 0.0e+00 0.0e+00 4.0e+00  0  1  0  0  4   0  1  0  0  5 10417
KSPSetUp               2 1.0 1.8495e-03 1.1 0.00e+00 0.0 0.0e+00 0.0e+00 0.0e+00  0  0  0  0  0   0  0  0  0  0     0
KSPSolve               2 1.0 7.8346e-02 1.0 5.17e+07 1.1 1.7e+02 8.3e+04 1.6e+01  4 77 59 69 17   4 77 59 69 22  2506
KSPGMRESOrthog         2 1.0 2.2461e-04 1.1 5.28e+05 1.0 0.0e+00 0.0e+00 2.0e+00  0  1  0  0  2   0  1  0  0  3  9373
SNESSolve              1 1.0 2.0719e+00 1.0 6.66e+07 1.1 2.3e+02 6.3e+04 2.9e+01 98 99 78 70 32  98 99 78 70 39   122
SNESSetUp              1 1.0 1.9507e-02 1.0 0.00e+00 0.0 1.6e+01 5.2e+02 8.0e+00  1  0  5  0  9   1  0  5  0 11     0
SNESFunctionEval       3 1.0 1.2511e-02 1.4 0.00e+00 0.0 2.4e+01 2.1e+03 0.0e+00  0  0  8  0  0   0  0  8  0  0     0
SNESJacobianEval       2 1.0 2.0264e-02 1.0 0.00e+00 0.0 1.6e+01 2.1e+03 2.0e+00  1  0  5  0  2   1  0  5  0  3     0
SNESLineSearch         2 1.0 8.0640e-03 1.0 2.64e+06 1.0 3.2e+01 2.1e+03 8.0e+00  0  4 11  0  9   0  4 11  0 11  1304
PCSetUp                2 1.0 1.9563e+00 1.0 1.22e+07 1.1 0.0e+00 0.0e+00 2.0e+00 92 18  0  0  2  92 18  0  0  3    23
PCApply                4 1.0 7.5793e-02 1.0 4.87e+07 1.1 1.6e+02 9.1e+04 1.0e+01  4 73 54 69 11   4 73 54 69 14  2431
------------------------------------------------------------------------------------------------------------------------

Object Type          Creations   Destructions. Reports information only for process 0.

--- Event Stage 0: Main Stage

           Container     3              3
    Distributed Mesh     2              2
              Matrix     4              4
           Index Set    12             12
   IS L to G Mapping     2              2
   Star Forest Graph     9              9
     Discrete System     2              2
           Weak Form     2              2
              Vector    35             35
                SNES     1              1
              DMSNES     1              1
      SNESLineSearch     1              1
       Krylov Solver     1              1
     DMKSP interface     1              1
      Preconditioner     1              1
              Viewer     2              2
========================================================================================================================
Average time to get PetscTime(): 2.19e-08
Average time for MPI_Barrier(): 7.78e-07
Average time for zero size MPI_Send(): 9e-07
#PETSc Option Table entries:
-da_refine 6 # (source: command line)
-ksp_rtol 1e-12 # (source: command line)
-log_view :./q8_results/run_refine6_np4.txt.log # (source: command line)
-pc_factor_mat_solver_type mumps # (source: command line)
-pc_type lu # (source: command line)
-rct_gamma 100 # (source: command line)
-rct_p 3 # (source: command line)
-snes_monitor # (source: command line)
-snes_rtol 1e-10 # (source: command line)
#End of PETSc Option Table entries
Compiled without FORTRAN kernels
Compiled with full precision matrices (default)
sizeof(short) 2 sizeof(int) 4 sizeof(long) 8 sizeof(void*) 8 sizeof(PetscScalar) 8 sizeof(PetscInt) 4
Configure options: --with-cc=mpicc --with-cxx=mpicxx --with-fc=mpif90 --with-debugging=0 --with-shared-libraries=1 --COPTFLAGS="-O3 -march=native" --CXXOPTFLAGS="-O3 -march=native" --FOPTFLAGS="-O3 -march=native" --download-metis --download-parmetis --download-hypre --download-scalapack --download-mumps --with-petsc4py --download-hdf5
-----------------------------------------
Libraries compiled on 2026-02-12 18:20:09 on cetus
Machine characteristics: Linux-6.8.0-94-generic-x86_64-with-glibc2.34
Using PETSc directory: /home/fabg/petsc
Using PETSc arch: apma4302-pkgs-opt
-----------------------------------------

Using C compiler: mpicc  -fPIC -Wall -Wwrite-strings -Wno-unknown-pragmas -Wno-lto-type-mismatch -Wno-stringop-overflow -fstack-protector -fvisibility=hidden -O3 -march=native 
Using Fortran compiler: mpif90  -fPIC -Wall -ffree-line-length-none -ffree-line-length-0 -Wno-lto-type-mismatch -Wno-unused-dummy-argument -O3 -march=native   
-----------------------------------------

Using include paths: -I/home/fabg/petsc/include -I/home/fabg/petsc/apma4302-pkgs-opt/include
-----------------------------------------

Using C linker: mpicc
Using Fortran linker: mpif90
Using libraries: -Wl,-rpath,/home/fabg/petsc/apma4302-pkgs-opt/lib -L/home/fabg/petsc/apma4302-pkgs-opt/lib -lpetsc -Wl,-rpath,/home/fabg/petsc/apma4302-pkgs-opt/lib -L/home/fabg/petsc/apma4302-pkgs-opt/lib -Wl,-rpath,/usr/lib/x86_64-linux-gnu/openmpi/lib/fortran/gfortran -L/usr/lib/x86_64-linux-gnu/openmpi/lib/fortran/gfortran -Wl,-rpath,/usr/lib/gcc/x86_64-linux-gnu/11 -L/usr/lib/gcc/x86_64-linux-gnu/11 -lHYPRE -ldmumps -lmumps_common -lpord -lpthread -lscalapack -llapack -lblas -lhdf5_hl -lhdf5 -lparmetis -lmetis -lm -lX11 -lmpi_usempif08 -lmpi_usempi_ignore_tkr -lmpi_mpifh -lmpi -lopen-rte -lopen-pal -lhwloc -levent_core -levent_pthreads -lgfortran -lm -lz -lgfortran -lm -lgfortran -lgcc_s -lquadmath -lstdc++ -lquadmath
-----------------------------------------

